 
****************************************
Report : area
Design : SME
Version: K-2015.06-SP1
Date   : Mon Dec  7 17:33:40 2020
****************************************

Library(s) Used:

    slow (File: /usr/cad/DesignKit/CBDK_IC_Contest_v2.1/SynopsysDC/db/slow.db)

Number of ports:                         2034
Number of nets:                          4789
Number of cells:                         2777
Number of combinational cells:           2243
Number of sequential cells:               527
Number of macros/black boxes:               0
Number of buf/inv:                        164
Number of references:                       7

Combinational area:              21475.504478
Buf/Inv area:                      556.747191
Noncombinational area:           13417.947262
Macro/Black Box area:                0.000000
Net Interconnect area:      undefined  (No wire load specified)

Total cell area:                 34893.451739
Total area:                 undefined
1
