 
****************************************
Report : area
Design : SME
Version: K-2015.06-SP1
Date   : Tue Dec 29 05:24:10 2020
****************************************

Library(s) Used:

    slow (File: /usr/cad/DesignKit/CBDK_TSMC90GUTM_Arm_f1.0/CIC/SynopsysDC/db/slow.db)

Number of ports:                         2034
Number of nets:                          5617
Number of cells:                         3551
Number of combinational cells:           3025
Number of sequential cells:               519
Number of macros/black boxes:               0
Number of buf/inv:                        855
Number of references:                       8

Combinational area:              26857.252930
Buf/Inv area:                     8329.607940
Noncombinational area:           10964.318250
Macro/Black Box area:                0.000000
Net Interconnect area:         2239778.279861

Total cell area:                 37821.571180
Total area:                    2277599.851042
1
