 
****************************************
Report : timing
        -path full
        -delay max
        -max_paths 1
Design : SME
Version: K-2015.06-SP1
Date   : Mon Dec  7 22:41:49 2020
****************************************

Operating Conditions: slow   Library: slow
Wire Load Model Mode: top

  Startpoint: reset (input port clocked by clk)
  Endpoint: s1/str_reg_reg[192]
            (rising edge-triggered flip-flop clocked by clk)
  Path Group: clk
  Path Type: max

  Point                                    Incr       Path
  -----------------------------------------------------------
  clock clk (fall edge)                   10.00      10.00
  clock network delay (ideal)              0.50      10.50
  input external delay                     0.00      10.50 f
  reset (in)                               0.00      10.50 f
  s1/reset (shared_memory)                 0.00      10.50 f
  s1/U130/Y (INVX2)                        0.02      10.52 r
  s1/U6/Y (INVX2)                          0.25      10.77 f
  s1/U33/Y (NOR2BX1)                       0.10      10.87 r
  s1/U32/Y (BUFX2)                         0.18      11.05 r
  s1/U12/Y (INVX2)                         0.09      11.13 f
  s1/U131/Y (NOR2X2)                       0.09      11.23 r
  s1/U152/Y (NAND3XL)                      0.28      11.51 f
  s1/U97/Y (AOI2BB1X2)                     0.19      11.70 f
  s1/U96/Y (BUFX2)                         0.17      11.87 f
  s1/U316/Y (OAI2BB2X2)                    0.11      11.98 f
  s1/str_reg_reg[192]/D (DFFQXL)           0.00      11.98 f
  data arrival time                                  11.98

  clock clk (rise edge)                   20.00      20.00
  clock network delay (ideal)              0.50      20.50
  clock uncertainty                       -0.10      20.40
  s1/str_reg_reg[192]/CK (DFFQXL)          0.00      20.40 r
  library setup time                      -0.08      20.32
  data required time                                 20.32
  -----------------------------------------------------------
  data required time                                 20.32
  data arrival time                                 -11.98
  -----------------------------------------------------------
  slack (MET)                                         8.34


1
