#
# A fatal error has been detected by the Java Runtime Environment:
#
#  EXCEPTION_ACCESS_VIOLATION (0xc0000005) at pc=0x0000000000000a73, pid=4684, tid=10880
#
# JRE version: Java(TM) SE Runtime Environment (9.0+11) (build 9.0.4+11)
# Java VM: Java HotSpot(TM) 64-Bit Server VM (9.0.4+11, mixed mode, tiered, compressed oops, g1 gc, windows-amd64)
# Problematic frame:
# C  0x0000000000000a73
#
# No core dump will be written. Minidumps are not enabled by default on client versions of Windows
#
# If you would like to submit a bug report, please visit:
#   http://bugreport.java.com/bugreport/crash.jsp
# The crash happened outside the Java Virtual Machine in native code.
# See problematic frame for where to report the bug.
#

---------------  S U M M A R Y ------------

Command Line: -Dsun.java2d.pmoffscreen=false -Dsun.java2d.xrender=false -Dsun.java2d.d3d=false -Dsun.awt.nopixfmt=true -Dsun.java2d.dpiaware=true -Dsun.java2d.uiScale.enabled=false -Xverify:none -Dswing.aatext=true -XX:-UsePerfData -Djdk.map.althashing.threshold=512 -XX:StringTableSize=4072 --add-opens=java.base/java.nio=ALL-UNNAMED --add-opens=java.desktop/sun.swing=ALL-UNNAMED --add-opens=java.desktop/javax.swing=ALL-UNNAMED --add-opens=java.desktop/javax.swing.tree=ALL-UNNAMED --add-opens=java.desktop/javax.swing.plaf.basic=ALL-UNNAMED --add-opens=java.desktop/javax.swing.plaf.synth=ALL-UNNAMED --add-opens=java.desktop/com.sun.awt=ALL-UNNAMED -XX:NewSize=60m -XX:MaxNewSize=60m -Xms128m -Xmx3072m -Xss5m 

Host: Intel(R) Core(TM) i7-8700 CPU @ 3.20GHz, 12 cores, 15G,  Windows 10 , 64 bit Build 18362 (10.0.18362.1110)
Time: Wed Dec 30 13:07:39 2020 ¢Dx¢D_?D¡PCRE?! elapsed time: 93189 seconds (1d 1h 53m 9s)

---------------  T H R E A D  ---------------

Current thread (0x0000018504d1e000):  JavaThread "AWT-EventQueue-1" [_thread_in_native, id=10880, stack(0x00000020f8900000,0x00000020f8e00000)]

Stack: [0x00000020f8900000,0x00000020f8e00000],  sp=0x00000020f8dfa548,  free space=5097k
Native frames: (J=compiled Java code, j=interpreted, Vv=VM code, C=native code)
C  0x0000000000000a73

Java frames: (J=compiled Java code, j=interpreted, Vv=VM code)
J 22161  ui.views.waveform.waveformi.WVExecutive_canFindValue(J)Ljava/lang/String; (0 bytes) @ 0x00000185188a5ba1 [0x00000185188a5b60+0x0000000000000041]
J 22181 c1 ui.views.waveform.d.a.gFW()V (121 bytes) @ 0x00000185126e22ac [0x00000185126e2160+0x000000000000014c]
J 20898 c1 ui.views.waveform.d.a.wN(Z)V (31 bytes) @ 0x000001851193e934 [0x000001851193e6a0+0x0000000000000294]
J 22126 c1 ui.views.waveform.w.cRi()V (38 bytes) @ 0x00000185126c2c2c [0x00000185126c0d80+0x0000000000001eac]
J 21472 c1 ui.views.waveform.c.b.j(Lui/frmwork/b/i;)V (603 bytes) @ 0x00000185125460cc [0x000001851253ca20+0x00000000000096ac]
J 21471 c1 ui.views.waveform.w.a(Lui/frmwork/b/i;)V (17 bytes) @ 0x000001851253b594 [0x000001851253b4c0+0x00000000000000d4]
J 13041 c1 ui.frmwork.b.l.d(Lui/frmwork/b/i;)V (61 bytes) @ 0x000001851074639c [0x0000018510745b40+0x000000000000085c]
J 13025 c1 ui.frmwork.HTclEventBroker.i(JZ)V (471 bytes) @ 0x00000185107211ac [0x000001851071c9c0+0x00000000000047ec]
J 13026 c1 ui.frmwork.HTclEventBroker.fireTclEvent(J)I (113 bytes) @ 0x000001851071a34c [0x0000018510719b40+0x000000000000080c]
v  ~StubRoutines::call_stub
j  ui.views.waveform.waveformi.WVExecutive_processModelEvent(JJ)V+0
j  ui.views.waveform.executive.a.eE(J)V+5
j  ui.views.waveform.c.b.eD(J)V+8
J 21472 c1 ui.views.waveform.c.b.j(Lui/frmwork/b/i;)V (603 bytes) @ 0x0000018512546e04 [0x000001851253ca20+0x000000000000a3e4]
J 21471 c1 ui.views.waveform.w.a(Lui/frmwork/b/i;)V (17 bytes) @ 0x000001851253b594 [0x000001851253b4c0+0x00000000000000d4]
J 13041 c1 ui.frmwork.b.l.d(Lui/frmwork/b/i;)V (61 bytes) @ 0x000001851074639c [0x0000018510745b40+0x000000000000085c]
J 13025 c1 ui.frmwork.HTclEventBroker.i(JZ)V (471 bytes) @ 0x00000185107211ac [0x000001851071c9c0+0x00000000000047ec]
J 13026 c1 ui.frmwork.HTclEventBroker.fireTclEvent(J)I (113 bytes) @ 0x000001851071a34c [0x0000018510719b40+0x000000000000080c]
v  ~StubRoutines::call_stub
j  ui.views.waveform.waveformi.WVExecutive_processModelEvent(JJ)V+0
j  ui.views.waveform.executive.a.eE(J)V+5
j  ui.views.waveform.c.b.eD(J)V+8
j  ui.views.waveform.c.e.actionPerformed(Ljava/awt/event/ActionEvent;)V+8
J 12181 c2 javax.swing.Timer.fireActionPerformed(Ljava/awt/event/ActionEvent;)V java.desktop@9.0.4 (46 bytes) @ 0x0000018517b43cd8 [0x0000018517b43bc0+0x0000000000000118]
J 16806 c2 javax.swing.Timer$DoPostEvent.run()V java.desktop@9.0.4 (82 bytes) @ 0x000001851810486c [0x0000018518104560+0x000000000000030c]
J 11905 c2 java.awt.EventQueue$3.run()Ljava/lang/Object; java.desktop@9.0.4 (5 bytes) @ 0x0000018517aab47c [0x0000018517aaaf00+0x000000000000057c]
v  ~StubRoutines::call_stub
J 4211  java.security.AccessController.doPrivileged(Ljava/security/PrivilegedAction;Ljava/security/AccessControlContext;)Ljava/lang/Object; java.base@9.0.4 (0 bytes) @ 0x00000185173f6dc6 [0x00000185173f6d60+0x0000000000000066]
J 18685 c2 java.awt.EventQueue.dispatchEvent(Ljava/awt/AWTEvent;)V java.desktop@9.0.4 (80 bytes) @ 0x000001851730d65c [0x000001851730d340+0x000000000000031c]
J 18692 c2 ui.frmwork.b.d.dispatchEvent(Ljava/awt/AWTEvent;)V (34 bytes) @ 0x00000185177e82a0 [0x00000185177e81a0+0x0000000000000100]
J 21805 c2 java.awt.EventDispatchThread.pumpOneEventForFilters(I)V java.desktop@9.0.4 (218 bytes) @ 0x00000185187ff4bc [0x00000185187ff120+0x000000000000039c]
J 18696% c2 java.awt.EventDispatchThread.pumpEventsForFilter(ILjava/awt/Conditional;Ljava/awt/EventFilter;)V java.desktop@9.0.4 (47 bytes) @ 0x0000018517302f40 [0x0000018517302e40+0x0000000000000100]
j  java.awt.EventDispatchThread.pumpEventsForHierarchy(ILjava/awt/Conditional;Ljava/awt/Component;)V+11 java.desktop@9.0.4
j  java.awt.EventDispatchThread.pumpEvents(ILjava/awt/Conditional;)V+4 java.desktop@9.0.4
j  java.awt.EventDispatchThread.pumpEvents(Ljava/awt/Conditional;)V+3 java.desktop@9.0.4
j  java.awt.EventDispatchThread.run()V+9 java.desktop@9.0.4
v  ~StubRoutines::call_stub

siginfo: EXCEPTION_ACCESS_VIOLATION (0xc0000005), data execution prevention violation at address 0x0000000000000a73


Register to memory mapping:

RIP=0x0000000000000a73 is an unknown value
RAX=0x0000018535fdd7b0 is an unknown value
RBX=0x000001853880ac20 is an unknown value
RCX=0x0000018535fdd7b0 is an unknown value
RDX=0x0000000000000000 is an unknown value
RSP=0x00000020f8dfa548 is pointing into the stack for thread: 0x0000018504d1e000
RBP=0x00000020f8dfa640 is pointing into the stack for thread: 0x0000018504d1e000
RSI=0x0000018508932710 is an unknown value
RDI=0x000001852ded8ab0 is an unknown value
R8 =0x00007ff834ab7ec0 librdi_common.dll
R9 =0x00007ffff8f87b28 is an unknown value
R10=0x00007ffff8b20000 is an unknown value
R11=0x00000020f8dfa4e0 is pointing into the stack for thread: 0x0000018504d1e000
R12=0x0000000000000000 is an unknown value
R13=0x0000000000000000 is an unknown value
R14=0x0000000000000000 is an unknown value
R15=0x0000018504d1e000 is a thread


Registers:
RAX=0x0000018535fdd7b0, RBX=0x000001853880ac20, RCX=0x0000018535fdd7b0, RDX=0x0000000000000000
RSP=0x00000020f8dfa548, RBP=0x00000020f8dfa640, RSI=0x0000018508932710, RDI=0x000001852ded8ab0
R8 =0x00007ff834ab7ec0, R9 =0x00007ffff8f87b28, R10=0x00007ffff8b20000, R11=0x00000020f8dfa4e0
R12=0x0000000000000000, R13=0x0000000000000000, R14=0x0000000000000000, R15=0x0000018504d1e000
RIP=0x0000000000000a73, EFLAGS=0x0000000000010246

Top of Stack: (sp=0x00000020f8dfa548)
0x00000020f8dfa548:   00007ffff8d7f1e0 000001853880ac20
0x00000020f8dfa558:   000000070294bff8 0000000000000040
0x00000020f8dfa568:   0000018518814a34 0000018504d1e218
0x00000020f8dfa578:   00007ffff8d57258 00000020f8dfa640
0x00000020f8dfa588:   0000018501176190 00000020f8dfa730
0x00000020f8dfa598:   0000000d00000006 0000018500000001
0x00000020f8dfa5a8:   fffffffffffffffe 0000000000000800
0x00000020f8dfa5b8:   00007ffff8d925d7 0000000000000000
0x00000020f8dfa5c8:   00000020f8dfa640 00000020e022403e
0x00000020f8dfa5d8:   00000185e02207c3 0000018504d1e218
0x00000020f8dfa5e8:   fffffffffffffffe 0000000000000009
0x00000020f8dfa5f8:   0000018518200ddc 0000000701626768
0x00000020f8dfa608:   000001851774cc2c 0000000000000000
0x00000020f8dfa618:   000001851763f1ec 00000007e05297ff
0x00000020f8dfa628:   0000000701103e18 000000070294bff8
0x00000020f8dfa638:   0000000de02207c3 0000000000000000 

Instructions: (pc=0x0000000000000a73)
0x0000000000000a53:   
[error occurred during error reporting (printing registers, top of stack, instructions near pc), id 0xc0000005]


---------------  P R O C E S S  ---------------

Java Threads: ( => current thread )
  0x000001852a7c6000 JavaThread "Monitor File Timestamp Swing Worker" [_thread_blocked, id=14624, stack(0x00000020ff300000,0x00000020ff800000)]
  0x000001852a7c4800 JavaThread "Timer-3" [_thread_blocked, id=8884, stack(0x00000020fe400000,0x00000020fe900000)]
  0x000001852a7c3800 JavaThread "Monitor File Timestamp Swing Worker" [_thread_blocked, id=4876, stack(0x00000020fee00000,0x00000020ff300000)]
  0x000001852a7c8000 JavaThread "Timer-2" [_thread_blocked, id=10336, stack(0x00000020fe900000,0x00000020fee00000)]
  0x000001852a7bc000 JavaThread "Swing-Shell" daemon [_thread_blocked, id=6688, stack(0x00000020fd700000,0x00000020fdc00000)]
  0x000001852a7c1800 JavaThread "Thread-36288" [_thread_in_native, id=15348, stack(0x00000020f9100000,0x00000020f9200000)]
  0x000001852a7ba000 JavaThread "Thread-36287" [_thread_in_native, id=3268, stack(0x00000020f0a00000,0x00000020f0b00000)]
  0x000001852a7c7800 JavaThread "Thread-1159" [_thread_in_native, id=12436, stack(0x00000020f0a00000,0x00000020f0b00000)]
  0x000001852a7c3000 JavaThread "Thread-1158" [_thread_in_native, id=1180, stack(0x00000020f0900000,0x00000020f0a00000)]
  0x000001852a7c2000 JavaThread "SyntheticaAnimation 50" daemon [_thread_blocked, id=13960, stack(0x00000020faa00000,0x00000020faf00000)]
  0x000001852a7c0800 JavaThread "Thread-550" [_thread_in_native, id=12432, stack(0x00000020f0900000,0x00000020f0a00000)]
  0x000001852a7bf000 JavaThread "Thread-549" [_thread_in_native, id=4652, stack(0x00000020f0a00000,0x00000020f0b00000)]
  0x000001852a7c0000 JavaThread "Image Animator 3" daemon [_thread_blocked, id=3484, stack(0x00000020fdc00000,0x00000020fe100000)]
  0x000001852a7bd000 JavaThread "Monitor File Timestamp Swing Worker" [_thread_blocked, id=2312, stack(0x00000020fc800000,0x00000020fcd00000)]
  0x000001852a7b9000 JavaThread "Timer-1" [_thread_blocked, id=6808, stack(0x00000020fbe00000,0x00000020fc300000)]
  0x000001852a7be800 JavaThread "Monitor File Timestamp Swing Worker" [_thread_blocked, id=8796, stack(0x00000020fd200000,0x00000020fd700000)]
  0x000001852a7bd800 JavaThread "Timer-0" [_thread_blocked, id=11888, stack(0x00000020fcd00000,0x00000020fd200000)]
  0x000001852a7ba800 JavaThread "SyntheticaAnimation 50" daemon [_thread_blocked, id=10500, stack(0x00000020f7a00000,0x00000020f7f00000)]
  0x000001852a7bb800 JavaThread "Update Runs Swing Worker" [_thread_blocked, id=1072, stack(0x00000020fc300000,0x00000020fc800000)]
  0x0000018504cc0800 JavaThread "hw_ila_monitor" [_thread_blocked, id=13980, stack(0x00000020fb900000,0x00000020fbe00000)]
  0x0000018504cc7800 JavaThread "Refresh Filesets Swing Worker" [_thread_blocked, id=6340, stack(0x00000020fb400000,0x00000020fb900000)]
  0x0000018504cc6800 JavaThread "SyntheticaAnimation 70" daemon [_thread_blocked, id=1920, stack(0x00000020faf00000,0x00000020fb400000)]
  0x0000018504cc5000 JavaThread "SyntheticaAnimation 25" daemon [_thread_blocked, id=4420, stack(0x00000020fa500000,0x00000020faa00000)]
  0x0000018504cc5800 JavaThread "SyntheticaAnimation 50" daemon [_thread_blocked, id=4352, stack(0x00000020fa000000,0x00000020fa500000)]
  0x0000018504cc2800 JavaThread "Monitor HEventQueue" [_thread_blocked, id=13928, stack(0x00000020f9b00000,0x00000020fa000000)]
  0x0000018504cc2000 JavaThread "SyntheticaCleanerThread" daemon [_thread_blocked, id=10108, stack(0x00000020f9300000,0x00000020f9800000)]
  0x0000018504cc4000 JavaThread "Batik CleanerThread" daemon [_thread_blocked, id=5132, stack(0x00000020f7f00000,0x00000020f8400000)]
=>0x0000018504d1e000 JavaThread "AWT-EventQueue-1" [_thread_in_native, id=10880, stack(0x00000020f8900000,0x00000020f8e00000)]
  0x00000185051ef000 JavaThread "Process Messages" [_thread_blocked, id=11756, stack(0x00000020f8400000,0x00000020f8900000)]
  0x0000018528ba7000 JavaThread "Thread-1" [_thread_in_native, id=4536, stack(0x00000020f0d00000,0x00000020f2100000)]
  0x0000018504e04800 JavaThread "TimerQueue" daemon [_thread_blocked, id=7360, stack(0x00000020f7500000,0x00000020f7a00000)]
  0x00000185049fc800 JavaThread "AWT-Windows" daemon [_thread_in_native, id=9008, stack(0x00000020f7000000,0x00000020f7500000)]
  0x000001850480b000 JavaThread "AWT-Shutdown" [_thread_blocked, id=6768, stack(0x00000020f6b00000,0x00000020f7000000)]
  0x0000018504cfb000 JavaThread "Java2D Disposer" daemon [_thread_blocked, id=4632, stack(0x00000020f6600000,0x00000020f6b00000)]
  0x000001850141d000 JavaThread "Service Thread" daemon [_thread_blocked, id=13436, stack(0x00000020f6000000,0x00000020f6500000)]
  0x00000185046c8800 JavaThread "Common-Cleaner" daemon [_thread_blocked, id=12168, stack(0x00000020f5b00000,0x00000020f6000000)]
  0x00000185046ab800 JavaThread "Sweeper thread" daemon [_thread_blocked, id=7492, stack(0x00000020f5600000,0x00000020f5b00000)]
  0x00000185046a6000 JavaThread "C1 CompilerThread3" daemon [_thread_blocked, id=9036, stack(0x00000020f5500000,0x00000020f5600000)]
  0x00000185046a4000 JavaThread "C2 CompilerThread2" daemon [_thread_blocked, id=10848, stack(0x00000020f5400000,0x00000020f5500000)]
  0x000001850469e800 JavaThread "C2 CompilerThread1" daemon [_thread_blocked, id=4500, stack(0x00000020f5300000,0x00000020f5400000)]
  0x000001850469e000 JavaThread "C2 CompilerThread0" daemon [_thread_blocked, id=10972, stack(0x00000020f5200000,0x00000020f5300000)]
  0x000001850469d000 JavaThread "Attach Listener" daemon [_thread_blocked, id=1408, stack(0x00000020f4d00000,0x00000020f5200000)]
  0x000001850469c800 JavaThread "Signal Dispatcher" daemon [_thread_blocked, id=4700, stack(0x00000020f4800000,0x00000020f4d00000)]
  0x0000018504681000 JavaThread "Finalizer" daemon [_thread_blocked, id=8968, stack(0x00000020f4300000,0x00000020f4800000)]
  0x0000018504680000 JavaThread "Reference Handler" daemon [_thread_blocked, id=11492, stack(0x00000020f3e00000,0x00000020f4300000)]
  0x000001857d5d5800 JavaThread "main" [_thread_blocked, id=3444, stack(0x00000020f0c00000,0x00000020f0d00000)]

Other Threads:
  0x0000018501f6b000 VMThread "VM Thread" [stack: 0x00000020f3d00000,0x00000020f3e00000] [id=5684]
  0x00000185014da000 WatcherThread [stack: 0x00000020f6500000,0x00000020f6600000] [id=9948]
  0x0000018503857800 GCTaskThread "GC Thread#0" [stack: 0x00000020f2400000,0x00000020f2500000] [id=12920]
  0x0000018503856800 GCTaskThread "GC Thread#1" [stack: 0x00000020f2500000,0x00000020f2600000] [id=5920]
  0x0000018503859000 GCTaskThread "GC Thread#2" [stack: 0x00000020f2600000,0x00000020f2700000] [id=8600]
  0x0000018503859800 GCTaskThread "GC Thread#3" [stack: 0x00000020f2700000,0x00000020f2800000] [id=5300]
  0x000001850385a000 GCTaskThread "GC Thread#4" [stack: 0x00000020f2800000,0x00000020f2900000] [id=1744]
  0x0000018503857000 GCTaskThread "GC Thread#5" [stack: 0x00000020f2900000,0x00000020f2a00000] [id=2960]
  0x0000018503855000 GCTaskThread "GC Thread#6" [stack: 0x00000020f2a00000,0x00000020f2b00000] [id=6048]
  0x0000018503853800 GCTaskThread "GC Thread#7" [stack: 0x00000020f2b00000,0x00000020f2c00000] [id=2228]
  0x0000018503858800 GCTaskThread "GC Thread#8" [stack: 0x00000020f2c00000,0x00000020f2d00000] [id=3780]
  0x0000018503854000 GCTaskThread "GC Thread#9" [stack: 0x00000020f2d00000,0x00000020f2e00000] [id=4404]
  0x000001857e235000 ConcurrentGCThread "G1 Main Marker" [stack: 0x00000020f3900000,0x00000020f3a00000] [id=14160]
  0x0000018503856000 ConcurrentGCThread "G1 Marker#0" [stack: 0x00000020f3a00000,0x00000020f3b00000] [id=8200]
  0x0000018503854800 ConcurrentGCThread "G1 Marker#1" [stack: 0x00000020f3b00000,0x00000020f3c00000] [id=3512]
  0x000001850390f800 ConcurrentGCThread "G1 Marker#2" [stack: 0x00000020f3c00000,0x00000020f3d00000] [id=4016]
  0x00000185029c3800 ConcurrentGCThread "G1 Refine#0" [stack: 0x00000020f3700000,0x00000020f3800000] [id=11544]
  0x00000185029c2800 ConcurrentGCThread "G1 Refine#1" [stack: 0x00000020f3600000,0x00000020f3700000] [id=4760]
  0x00000185025c8000 ConcurrentGCThread "G1 Refine#2" [stack: 0x00000020f3500000,0x00000020f3600000] [id=1880]
  0x00000185025c7800 ConcurrentGCThread "G1 Refine#3" [stack: 0x00000020f3400000,0x00000020f3500000] [id=11864]
  0x0000018503f67000 ConcurrentGCThread "G1 Refine#4" [stack: 0x00000020f3300000,0x00000020f3400000] [id=10352]
  0x0000018503f66800 ConcurrentGCThread "G1 Refine#5" [stack: 0x00000020f3200000,0x00000020f3300000] [id=2224]
  0x000001850280f800 ConcurrentGCThread "G1 Refine#6" [stack: 0x00000020f3100000,0x00000020f3200000] [id=6196]
  0x000001850280e800 ConcurrentGCThread "G1 Refine#7" [stack: 0x00000020f3000000,0x00000020f3100000] [id=14048]
  0x00000185025e0800 ConcurrentGCThread "G1 Refine#8" [stack: 0x00000020f2f00000,0x00000020f3000000] [id=14176]
  0x000001857e611800 ConcurrentGCThread "G1 Refine#9" [stack: 0x00000020f2e00000,0x00000020f2f00000] [id=2168]
  0x0000018504056000 ConcurrentGCThread "G1 Young RemSet Sampling" [stack: 0x00000020f3800000,0x00000020f3900000] [id=10976]

Threads with active compile tasks:

VM state:not at safepoint (normal execution)

VM Mutex/Monitor currently owned by a thread: None

Heap address: 0x0000000700000000, size: 3072 MB, Compressed Oops mode: Zero based, Oop shift amount: 3
Narrow klass base: 0x0000000000000000, Narrow klass shift: 3
Compressed class space size: 1073741824 Address: 0x00000007c0000000

Heap:
 garbage-first heap   total 198656K, used 122143K [0x0000000700000000, 0x0000000700100610, 0x00000007c0000000)
  region size 1024K, 57 young (58368K), 1 survivors (1024K)
 Metaspace       used 83694K, capacity 86605K, committed 90652K, reserved 1128448K
  class space    used 11225K, capacity 11779K, committed 12572K, reserved 1048576K
Heap Regions: E=young(eden), S=young(survivor), O=old, HS=humongous(starts), HC=humongous(continues), CS=collection set, F=free, A=archive, TS=gc time stamp, AC=allocation context, TAMS=top-at-mark-start (previous, next)
|   0|0x0000000700000000, 0x00000007000fbca0, 0x0000000700100000| 98%| O|  |TS  0|AC  0|TAMS 0x0000000700000000, 0x0000000700000000|
|   1|0x0000000700100000, 0x0000000700200000, 0x0000000700200000|100%|HS|  |TS  0|AC  0|TAMS 0x0000000700100000, 0x0000000700100000|
|   2|0x0000000700200000, 0x0000000700300000, 0x0000000700300000|100%|HC|  |TS  0|AC  0|TAMS 0x0000000700200000, 0x0000000700200000|
|   3|0x0000000700300000, 0x0000000700400000, 0x0000000700400000|100%|HS|  |TS  0|AC  0|TAMS 0x0000000700300000, 0x0000000700300000|
|   4|0x0000000700400000, 0x00000007004fe838, 0x0000000700500000| 99%| O|  |TS  0|AC  0|TAMS 0x0000000700400000, 0x0000000700400000|
|   5|0x0000000700500000, 0x00000007005fbdc0, 0x0000000700600000| 98%| O|  |TS  0|AC  0|TAMS 0x0000000700500000, 0x0000000700500000|
|   6|0x0000000700600000, 0x00000007006ffef0, 0x0000000700700000| 99%| O|  |TS  0|AC  0|TAMS 0x0000000700600000, 0x0000000700600000|
|   7|0x0000000700700000, 0x0000000700800000, 0x0000000700800000|100%| O|  |TS  0|AC  0|TAMS 0x0000000700700000, 0x0000000700700000|
|   8|0x0000000700800000, 0x00000007008ffff0, 0x0000000700900000| 99%| O|  |TS  0|AC  0|TAMS 0x0000000700800000, 0x0000000700800000|
|   9|0x0000000700900000, 0x0000000700a00000, 0x0000000700a00000|100%| O|  |TS  0|AC  0|TAMS 0x0000000700900000, 0x0000000700900000|
|  10|0x0000000700a00000, 0x0000000700b00000, 0x0000000700b00000|100%| O|  |TS  0|AC  0|TAMS 0x0000000700a00000, 0x0000000700a00000|
|  11|0x0000000700b00000, 0x0000000700bf9a50, 0x0000000700c00000| 97%| O|  |TS  0|AC  0|TAMS 0x0000000700b00000, 0x0000000700b00000|
|  12|0x0000000700c00000, 0x0000000700cfbed8, 0x0000000700d00000| 98%| O|  |TS  0|AC  0|TAMS 0x0000000700c00000, 0x0000000700c00000|
|  13|0x0000000700d00000, 0x0000000700dd0f70, 0x0000000700e00000| 81%| O|  |TS  0|AC  0|TAMS 0x0000000700d00000, 0x0000000700d00000|
|  14|0x0000000700e00000, 0x0000000700ef9f70, 0x0000000700f00000| 97%| O|  |TS  0|AC  0|TAMS 0x0000000700e00000, 0x0000000700e00000|
|  15|0x0000000700f00000, 0x0000000700ff9588, 0x0000000701000000| 97%| O|  |TS  0|AC  0|TAMS 0x0000000700f00000, 0x0000000700f00000|
|  16|0x0000000701000000, 0x0000000701100000, 0x0000000701100000|100%| O|  |TS  0|AC  0|TAMS 0x0000000701000000, 0x0000000701000000|
|  17|0x0000000701100000, 0x00000007011fff50, 0x0000000701200000| 99%| O|  |TS  0|AC  0|TAMS 0x0000000701100000, 0x0000000701100000|
|  18|0x0000000701200000, 0x0000000701300000, 0x0000000701300000|100%| O|  |TS  0|AC  0|TAMS 0x0000000701200000, 0x0000000701200000|
|  19|0x0000000701300000, 0x00000007013fff68, 0x0000000701400000| 99%| O|  |TS  0|AC  0|TAMS 0x0000000701300000, 0x0000000701300000|
|  20|0x0000000701400000, 0x0000000701495b00, 0x0000000701500000| 58%| O|  |TS  0|AC  0|TAMS 0x0000000701400000, 0x0000000701400000|
|  21|0x0000000701500000, 0x00000007015ffeb8, 0x0000000701600000| 99%| O|  |TS  0|AC  0|TAMS 0x0000000701500000, 0x0000000701500000|
|  22|0x0000000701600000, 0x00000007016ffff8, 0x0000000701700000| 99%| O|  |TS  0|AC  0|TAMS 0x0000000701600000, 0x0000000701600000|
|  23|0x0000000701700000, 0x0000000701800000, 0x0000000701800000|100%| O|  |TS  0|AC  0|TAMS 0x0000000701700000, 0x0000000701700000|
|  24|0x0000000701800000, 0x00000007018fffd0, 0x0000000701900000| 99%| O|  |TS  0|AC  0|TAMS 0x0000000701800000, 0x0000000701800000|
|  25|0x0000000701900000, 0x00000007019ffff0, 0x0000000701a00000| 99%| O|  |TS  0|AC  0|TAMS 0x0000000701900000, 0x0000000701900000|
|  26|0x0000000701a00000, 0x0000000701affff0, 0x0000000701b00000| 99%| O|  |TS  0|AC  0|TAMS 0x0000000701a00000, 0x0000000701a00000|
|  27|0x0000000701b00000, 0x0000000701bffff0, 0x0000000701c00000| 99%| O|  |TS  0|AC  0|TAMS 0x0000000701b00000, 0x0000000701b00000|
|  28|0x0000000701c00000, 0x0000000701d00000, 0x0000000701d00000|100%| O|  |TS  0|AC  0|TAMS 0x0000000701c00000, 0x0000000701c00000|
|  29|0x0000000701d00000, 0x0000000701dffff8, 0x0000000701e00000| 99%| O|  |TS  0|AC  0|TAMS 0x0000000701d00000, 0x0000000701d00000|
|  30|0x0000000701e00000, 0x0000000701efffd8, 0x0000000701f00000| 99%| O|  |TS  0|AC  0|TAMS 0x0000000701e00000, 0x0000000701e00000|
|  31|0x0000000701f00000, 0x0000000701ffffe8, 0x0000000702000000| 99%| O|  |TS  0|AC  0|TAMS 0x0000000701f00000, 0x0000000701f00000|
|  32|0x0000000702000000, 0x00000007020ffe88, 0x0000000702100000| 99%| O|  |TS  0|AC  0|TAMS 0x0000000702000000, 0x0000000702000000|
|  33|0x0000000702100000, 0x0000000702200000, 0x0000000702200000|100%| O|  |TS  0|AC  0|TAMS 0x0000000702100000, 0x0000000702100000|
|  34|0x0000000702200000, 0x0000000702300000, 0x0000000702300000|100%| O|  |TS  0|AC  0|TAMS 0x0000000702200000, 0x0000000702200000|
|  35|0x0000000702300000, 0x0000000702400000, 0x0000000702400000|100%| O|  |TS  0|AC  0|TAMS 0x0000000702300000, 0x0000000702300000|
|  36|0x0000000702400000, 0x00000007024f9050, 0x0000000702500000| 97%| O|  |TS  0|AC  0|TAMS 0x0000000702400000, 0x0000000702400000|
|  37|0x0000000702500000, 0x00000007025ffff8, 0x0000000702600000| 99%| O|  |TS  0|AC  0|TAMS 0x0000000702500000, 0x0000000702500000|
|  38|0x0000000702600000, 0x00000007026ffff8, 0x0000000702700000| 99%| O|  |TS  0|AC  0|TAMS 0x0000000702600000, 0x0000000702600000|
|  39|0x0000000702700000, 0x00000007027fffe8, 0x0000000702800000| 99%| O|  |TS  0|AC  0|TAMS 0x0000000702700000, 0x0000000702700000|
|  40|0x0000000702800000, 0x0000000702900000, 0x0000000702900000|100%| O|  |TS  0|AC  0|TAMS 0x0000000702800000, 0x0000000702800000|
|  41|0x0000000702900000, 0x00000007029fffc8, 0x0000000702a00000| 99%| O|  |TS  0|AC  0|TAMS 0x0000000702900000, 0x0000000702900000|
|  42|0x0000000702a00000, 0x0000000702b00000, 0x0000000702b00000|100%| O|  |TS  0|AC  0|TAMS 0x0000000702a00000, 0x0000000702a00000|
|  43|0x0000000702b00000, 0x0000000702bfff48, 0x0000000702c00000| 99%| O|  |TS  0|AC  0|TAMS 0x0000000702b00000, 0x0000000702b00000|
|  44|0x0000000702c00000, 0x0000000702cfffd8, 0x0000000702d00000| 99%| O|  |TS  0|AC  0|TAMS 0x0000000702c00000, 0x0000000702c00000|
|  45|0x0000000702d00000, 0x0000000702dfffc8, 0x0000000702e00000| 99%| O|  |TS  0|AC  0|TAMS 0x0000000702d00000, 0x0000000702d00000|
|  46|0x0000000702e00000, 0x0000000702effe58, 0x0000000702f00000| 99%| O|  |TS  0|AC  0|TAMS 0x0000000702e00000, 0x0000000702e00000|
|  47|0x0000000702f00000, 0x0000000703000000, 0x0000000703000000|100%|HS|  |TS  0|AC  0|TAMS 0x0000000702f00000, 0x0000000702f00000|
|  48|0x0000000703000000, 0x0000000703100000, 0x0000000703100000|100%|HC|  |TS  0|AC  0|TAMS 0x0000000703000000, 0x0000000703000000|
|  49|0x0000000703100000, 0x0000000703200000, 0x0000000703200000|100%|HC|  |TS  0|AC  0|TAMS 0x0000000703100000, 0x0000000703100000|
|  50|0x0000000703200000, 0x0000000703300000, 0x0000000703300000|100%|HC|  |TS  0|AC  0|TAMS 0x0000000703200000, 0x0000000703200000|
|  51|0x0000000703300000, 0x0000000703400000, 0x0000000703400000|100%|HC|  |TS  0|AC  0|TAMS 0x0000000703300000, 0x0000000703300000|
|  52|0x0000000703400000, 0x0000000703500000, 0x0000000703500000|100%|HC|  |TS  0|AC  0|TAMS 0x0000000703400000, 0x0000000703400000|
|  53|0x0000000703500000, 0x0000000703600000, 0x0000000703600000|100%|HC|  |TS  0|AC  0|TAMS 0x0000000703500000, 0x0000000703500000|
|  54|0x0000000703600000, 0x0000000703700000, 0x0000000703700000|100%|HC|  |TS  0|AC  0|TAMS 0x0000000703600000, 0x0000000703600000|
|  55|0x0000000703700000, 0x00000007037fffe8, 0x0000000703800000| 99%| O|  |TS  0|AC  0|TAMS 0x0000000703700000, 0x0000000703700000|
|  56|0x0000000703800000, 0x00000007038ffff8, 0x0000000703900000| 99%| O|  |TS  0|AC  0|TAMS 0x0000000703800000, 0x0000000703800000|
|  57|0x0000000703900000, 0x00000007039fffe8, 0x0000000703a00000| 99%| O|  |TS  0|AC  0|TAMS 0x0000000703900000, 0x0000000703900000|
|  58|0x0000000703a00000, 0x0000000703b00000, 0x0000000703b00000|100%| O|  |TS  0|AC  0|TAMS 0x0000000703a00000, 0x0000000703a00000|
|  59|0x0000000703b00000, 0x0000000703bffff0, 0x0000000703c00000| 99%| O|  |TS  0|AC  0|TAMS 0x0000000703b00000, 0x0000000703b00000|
|  60|0x0000000703c00000, 0x0000000703c22ce0, 0x0000000703d00000| 13%| O|  |TS  0|AC  0|TAMS 0x0000000703c00000, 0x0000000703c00000|
|  61|0x0000000703d00000, 0x0000000703e00000, 0x0000000703e00000|100%|HS|  |TS  0|AC  0|TAMS 0x0000000703d00000, 0x0000000703d00000|
|  62|0x0000000703e00000, 0x0000000703f00000, 0x0000000703f00000|100%|HC|  |TS  0|AC  0|TAMS 0x0000000703e00000, 0x0000000703e00000|
|  63|0x0000000703f00000, 0x0000000704000000, 0x0000000704000000|100%|HC|  |TS  0|AC  0|TAMS 0x0000000703f00000, 0x0000000703f00000|
|  64|0x0000000704000000, 0x0000000704100000, 0x0000000704100000|100%|HC|  |TS  0|AC  0|TAMS 0x0000000704000000, 0x0000000704000000|
|  65|0x0000000704100000, 0x0000000704100000, 0x0000000704200000|  0%| F|  |TS  0|AC  0|TAMS 0x0000000704100000, 0x0000000704100000|
|  66|0x0000000704200000, 0x0000000704200000, 0x0000000704300000|  0%| F|  |TS  0|AC  0|TAMS 0x0000000704200000, 0x0000000704200000|
|  67|0x0000000704300000, 0x0000000704300000, 0x0000000704400000|  0%| F|  |TS  0|AC  0|TAMS 0x0000000704300000, 0x0000000704300000|
|  68|0x0000000704400000, 0x0000000704400000, 0x0000000704500000|  0%| F|  |TS  0|AC  0|TAMS 0x0000000704400000, 0x0000000704400000|
|  69|0x0000000704500000, 0x0000000704500000, 0x0000000704600000|  0%| F|  |TS  0|AC  0|TAMS 0x0000000704500000, 0x0000000704500000|
|  70|0x0000000704600000, 0x0000000704600000, 0x0000000704700000|  0%| F|  |TS  0|AC  0|TAMS 0x0000000704600000, 0x0000000704600000|
|  71|0x0000000704700000, 0x0000000704700000, 0x0000000704800000|  0%| F|  |TS  0|AC  0|TAMS 0x0000000704700000, 0x0000000704700000|
|  72|0x0000000704800000, 0x0000000704800000, 0x0000000704900000|  0%| F|  |TS  0|AC  0|TAMS 0x0000000704800000, 0x0000000704800000|
|  73|0x0000000704900000, 0x0000000704900000, 0x0000000704a00000|  0%| F|  |TS  0|AC  0|TAMS 0x0000000704900000, 0x0000000704900000|
|  74|0x0000000704a00000, 0x0000000704a00000, 0x0000000704b00000|  0%| F|  |TS  0|AC  0|TAMS 0x0000000704a00000, 0x0000000704a00000|
|  75|0x0000000704b00000, 0x0000000704b00000, 0x0000000704c00000|  0%| F|  |TS  0|AC  0|TAMS 0x0000000704b00000, 0x0000000704b00000|
|  76|0x0000000704c00000, 0x0000000704c00000, 0x0000000704d00000|  0%| F|  |TS  0|AC  0|TAMS 0x0000000704c00000, 0x0000000704c00000|
|  77|0x0000000704d00000, 0x0000000704d00000, 0x0000000704e00000|  0%| F|  |TS  0|AC  0|TAMS 0x0000000704d00000, 0x0000000704d00000|
|  78|0x0000000704e00000, 0x0000000704e00000, 0x0000000704f00000|  0%| F|  |TS  0|AC  0|TAMS 0x0000000704e00000, 0x0000000704e00000|
|  79|0x0000000704f00000, 0x0000000704f00000, 0x0000000705000000|  0%| F|  |TS  0|AC  0|TAMS 0x0000000704f00000, 0x0000000704f00000|
|  80|0x0000000705000000, 0x0000000705000000, 0x0000000705100000|  0%| F|  |TS  0|AC  0|TAMS 0x0000000705000000, 0x0000000705000000|
|  81|0x0000000705100000, 0x0000000705100000, 0x0000000705200000|  0%| F|  |TS  0|AC  0|TAMS 0x0000000705100000, 0x0000000705100000|
|  82|0x0000000705200000, 0x0000000705200000, 0x0000000705300000|  0%| F|  |TS  0|AC  0|TAMS 0x0000000705200000, 0x0000000705200000|
|  83|0x0000000705300000, 0x0000000705300000, 0x0000000705400000|  0%| F|  |TS  0|AC  0|TAMS 0x0000000705300000, 0x0000000705300000|
|  84|0x0000000705400000, 0x0000000705400000, 0x0000000705500000|  0%| F|  |TS  0|AC  0|TAMS 0x0000000705400000, 0x0000000705400000|
|  85|0x0000000705500000, 0x0000000705500000, 0x0000000705600000|  0%| F|  |TS  0|AC  0|TAMS 0x0000000705500000, 0x0000000705500000|
|  86|0x0000000705600000, 0x0000000705600000, 0x0000000705700000|  0%| F|  |TS  0|AC  0|TAMS 0x0000000705600000, 0x0000000705600000|
|  87|0x0000000705700000, 0x0000000705700000, 0x0000000705800000|  0%| F|  |TS  0|AC  0|TAMS 0x0000000705700000, 0x0000000705700000|
|  88|0x0000000705800000, 0x0000000705800000, 0x0000000705900000|  0%| F|  |TS  0|AC  0|TAMS 0x0000000705800000, 0x0000000705800000|
|  89|0x0000000705900000, 0x0000000705900000, 0x0000000705a00000|  0%| F|  |TS  0|AC  0|TAMS 0x0000000705900000, 0x0000000705900000|
|  90|0x0000000705a00000, 0x0000000705a00000, 0x0000000705b00000|  0%| F|  |TS  0|AC  0|TAMS 0x0000000705a00000, 0x0000000705a00000|
|  91|0x0000000705b00000, 0x0000000705b00000, 0x0000000705c00000|  0%| F|  |TS  0|AC  0|TAMS 0x0000000705b00000, 0x0000000705b00000|
|  92|0x0000000705c00000, 0x0000000705c00000, 0x0000000705d00000|  0%| F|  |TS  0|AC  0|TAMS 0x0000000705c00000, 0x0000000705c00000|
|  93|0x0000000705d00000, 0x0000000705d00000, 0x0000000705e00000|  0%| F|  |TS  0|AC  0|TAMS 0x0000000705d00000, 0x0000000705d00000|
|  94|0x0000000705e00000, 0x0000000705e00000, 0x0000000705f00000|  0%| F|  |TS  0|AC  0|TAMS 0x0000000705e00000, 0x0000000705e00000|
|  95|0x0000000705f00000, 0x0000000705f00000, 0x0000000706000000|  0%| F|  |TS  0|AC  0|TAMS 0x0000000705f00000, 0x0000000705f00000|
|  96|0x0000000706000000, 0x0000000706000000, 0x0000000706100000|  0%| F|  |TS  0|AC  0|TAMS 0x0000000706000000, 0x0000000706000000|
|  97|0x0000000706100000, 0x0000000706100000, 0x0000000706200000|  0%| F|  |TS  0|AC  0|TAMS 0x0000000706100000, 0x0000000706100000|
|  98|0x0000000706200000, 0x0000000706200000, 0x0000000706300000|  0%| F|  |TS  0|AC  0|TAMS 0x0000000706200000, 0x0000000706200000|
|  99|0x0000000706300000, 0x0000000706300000, 0x0000000706400000|  0%| F|  |TS  0|AC  0|TAMS 0x0000000706300000, 0x0000000706300000|
| 100|0x0000000706400000, 0x0000000706400000, 0x0000000706500000|  0%| F|  |TS  0|AC  0|TAMS 0x0000000706400000, 0x0000000706400000|
| 101|0x0000000706500000, 0x0000000706500000, 0x0000000706600000|  0%| F|  |TS  0|AC  0|TAMS 0x0000000706500000, 0x0000000706500000|
| 102|0x0000000706600000, 0x0000000706600000, 0x0000000706700000|  0%| F|  |TS  0|AC  0|TAMS 0x0000000706600000, 0x0000000706600000|
| 103|0x0000000706700000, 0x0000000706700000, 0x0000000706800000|  0%| F|  |TS  0|AC  0|TAMS 0x0000000706700000, 0x0000000706700000|
| 104|0x0000000706800000, 0x0000000706800000, 0x0000000706900000|  0%| F|  |TS  0|AC  0|TAMS 0x0000000706800000, 0x0000000706800000|
| 105|0x0000000706900000, 0x0000000706900000, 0x0000000706a00000|  0%| F|  |TS  0|AC  0|TAMS 0x0000000706900000, 0x0000000706900000|
| 106|0x0000000706a00000, 0x0000000706a00000, 0x0000000706b00000|  0%| F|  |TS  0|AC  0|TAMS 0x0000000706a00000, 0x0000000706a00000|
| 107|0x0000000706b00000, 0x0000000706b00000, 0x0000000706c00000|  0%| F|  |TS  0|AC  0|TAMS 0x0000000706b00000, 0x0000000706b00000|
| 108|0x0000000706c00000, 0x0000000706c00000, 0x0000000706d00000|  0%| F|  |TS  0|AC  0|TAMS 0x0000000706c00000, 0x0000000706c00000|
| 109|0x0000000706d00000, 0x0000000706d00000, 0x0000000706e00000|  0%| F|  |TS  0|AC  0|TAMS 0x0000000706d00000, 0x0000000706d00000|
| 110|0x0000000706e00000, 0x0000000706e00000, 0x0000000706f00000|  0%| F|  |TS  0|AC  0|TAMS 0x0000000706e00000, 0x0000000706e00000|
| 111|0x0000000706f00000, 0x0000000706f00000, 0x0000000707000000|  0%| F|  |TS  0|AC  0|TAMS 0x0000000706f00000, 0x0000000706f00000|
| 112|0x0000000707000000, 0x0000000707000000, 0x0000000707100000|  0%| F|  |TS  0|AC  0|TAMS 0x0000000707000000, 0x0000000707000000|
| 113|0x0000000707100000, 0x0000000707100000, 0x0000000707200000|  0%| F|  |TS  0|AC  0|TAMS 0x0000000707100000, 0x0000000707100000|
| 114|0x0000000707200000, 0x0000000707200000, 0x0000000707300000|  0%| F|  |TS  0|AC  0|TAMS 0x0000000707200000, 0x0000000707200000|
| 115|0x0000000707300000, 0x0000000707300000, 0x0000000707400000|  0%| F|  |TS  0|AC  0|TAMS 0x0000000707300000, 0x0000000707300000|
| 116|0x0000000707400000, 0x0000000707400000, 0x0000000707500000|  0%| F|  |TS  0|AC  0|TAMS 0x0000000707400000, 0x0000000707400000|
| 117|0x0000000707500000, 0x0000000707500000, 0x0000000707600000|  0%| F|  |TS  0|AC  0|TAMS 0x0000000707500000, 0x0000000707500000|
| 118|0x0000000707600000, 0x0000000707600000, 0x0000000707700000|  0%| F|  |TS  0|AC  0|TAMS 0x0000000707600000, 0x0000000707600000|
| 119|0x0000000707700000, 0x0000000707700000, 0x0000000707800000|  0%| F|  |TS  0|AC  0|TAMS 0x0000000707700000, 0x0000000707700000|
| 120|0x0000000707800000, 0x0000000707800000, 0x0000000707900000|  0%| F|  |TS  0|AC  0|TAMS 0x0000000707800000, 0x0000000707800000|
| 121|0x0000000707900000, 0x0000000707900000, 0x0000000707a00000|  0%| F|  |TS  0|AC  0|TAMS 0x0000000707900000, 0x0000000707900000|
| 122|0x0000000707a00000, 0x0000000707a00000, 0x0000000707b00000|  0%| F|  |TS  0|AC  0|TAMS 0x0000000707a00000, 0x0000000707a00000|
| 123|0x0000000707b00000, 0x0000000707b00000, 0x0000000707c00000|  0%| F|  |TS  0|AC  0|TAMS 0x0000000707b00000, 0x0000000707b00000|
| 124|0x0000000707c00000, 0x0000000707c00000, 0x0000000707d00000|  0%| F|  |TS  0|AC  0|TAMS 0x0000000707c00000, 0x0000000707c00000|
| 125|0x0000000707d00000, 0x0000000707d00000, 0x0000000707e00000|  0%| F|  |TS  0|AC  0|TAMS 0x0000000707d00000, 0x0000000707d00000|
| 126|0x0000000707e00000, 0x0000000707e00000, 0x0000000707f00000|  0%| F|  |TS  0|AC  0|TAMS 0x0000000707e00000, 0x0000000707e00000|
| 127|0x0000000707f00000, 0x0000000707f00000, 0x0000000708000000|  0%| F|  |TS  0|AC  0|TAMS 0x0000000707f00000, 0x0000000707f00000|
| 128|0x0000000708000000, 0x0000000708000000, 0x0000000708100000|  0%| F|  |TS  0|AC  0|TAMS 0x0000000708000000, 0x0000000708000000|
| 129|0x0000000708100000, 0x0000000708100000, 0x0000000708200000|  0%| F|  |TS  0|AC  0|TAMS 0x0000000708100000, 0x0000000708100000|
| 130|0x0000000708200000, 0x0000000708200000, 0x0000000708300000|  0%| F|  |TS  0|AC  0|TAMS 0x0000000708200000, 0x0000000708200000|
| 131|0x0000000708300000, 0x0000000708300000, 0x0000000708400000|  0%| F|  |TS  0|AC  0|TAMS 0x0000000708300000, 0x0000000708300000|
| 132|0x0000000708400000, 0x0000000708400000, 0x0000000708500000|  0%| F|  |TS  0|AC  0|TAMS 0x0000000708400000, 0x0000000708400000|
| 133|0x0000000708500000, 0x0000000708500000, 0x0000000708600000|  0%| F|  |TS 15|AC  0|TAMS 0x0000000708500000, 0x0000000708500000|
| 134|0x0000000708600000, 0x00000007086e6d20, 0x0000000708700000| 90%| S|CS|TS 15|AC  0|TAMS 0x0000000708600000, 0x0000000708600000|
| 135|0x0000000708700000, 0x0000000708700000, 0x0000000708800000|  0%| F|  |TS 15|AC  0|TAMS 0x0000000708700000, 0x0000000708700000|
| 136|0x0000000708800000, 0x0000000708800000, 0x0000000708900000|  0%| F|  |TS 15|AC  0|TAMS 0x0000000708800000, 0x0000000708800000|
| 137|0x0000000708900000, 0x0000000708900000, 0x0000000708a00000|  0%| F|  |TS 15|AC  0|TAMS 0x0000000708900000, 0x0000000708900000|
| 138|0x0000000708a00000, 0x0000000708aec618, 0x0000000708b00000| 92%| E|  |TS 15|AC  0|TAMS 0x0000000708a00000, 0x0000000708a00000|
| 139|0x0000000708b00000, 0x0000000708c00000, 0x0000000708c00000|100%| E|CS|TS 15|AC  0|TAMS 0x0000000708b00000, 0x0000000708b00000|
| 140|0x0000000708c00000, 0x0000000708d00000, 0x0000000708d00000|100%| E|CS|TS 15|AC  0|TAMS 0x0000000708c00000, 0x0000000708c00000|
| 141|0x0000000708d00000, 0x0000000708e00000, 0x0000000708e00000|100%| E|CS|TS 15|AC  0|TAMS 0x0000000708d00000, 0x0000000708d00000|
| 142|0x0000000708e00000, 0x0000000708f00000, 0x0000000708f00000|100%| E|CS|TS 15|AC  0|TAMS 0x0000000708e00000, 0x0000000708e00000|
| 143|0x0000000708f00000, 0x0000000709000000, 0x0000000709000000|100%| E|CS|TS 15|AC  0|TAMS 0x0000000708f00000, 0x0000000708f00000|
| 144|0x0000000709000000, 0x0000000709100000, 0x0000000709100000|100%| E|CS|TS 15|AC  0|TAMS 0x0000000709000000, 0x0000000709000000|
| 145|0x0000000709100000, 0x0000000709200000, 0x0000000709200000|100%| E|CS|TS 15|AC  0|TAMS 0x0000000709100000, 0x0000000709100000|
| 146|0x0000000709200000, 0x0000000709300000, 0x0000000709300000|100%| E|CS|TS 15|AC  0|TAMS 0x0000000709200000, 0x0000000709200000|
| 147|0x0000000709300000, 0x0000000709400000, 0x0000000709400000|100%| E|CS|TS 15|AC  0|TAMS 0x0000000709300000, 0x0000000709300000|
| 148|0x0000000709400000, 0x0000000709500000, 0x0000000709500000|100%| E|CS|TS 15|AC  0|TAMS 0x0000000709400000, 0x0000000709400000|
| 149|0x0000000709500000, 0x0000000709600000, 0x0000000709600000|100%| E|CS|TS 15|AC  0|TAMS 0x0000000709500000, 0x0000000709500000|
| 150|0x0000000709600000, 0x0000000709700000, 0x0000000709700000|100%| E|CS|TS 15|AC  0|TAMS 0x0000000709600000, 0x0000000709600000|
| 151|0x0000000709700000, 0x0000000709800000, 0x0000000709800000|100%| E|CS|TS 15|AC  0|TAMS 0x0000000709700000, 0x0000000709700000|
| 152|0x0000000709800000, 0x0000000709900000, 0x0000000709900000|100%| E|CS|TS 15|AC  0|TAMS 0x0000000709800000, 0x0000000709800000|
| 153|0x0000000709900000, 0x0000000709a00000, 0x0000000709a00000|100%| E|CS|TS 15|AC  0|TAMS 0x0000000709900000, 0x0000000709900000|
| 154|0x0000000709a00000, 0x0000000709b00000, 0x0000000709b00000|100%| E|CS|TS 15|AC  0|TAMS 0x0000000709a00000, 0x0000000709a00000|
| 155|0x0000000709b00000, 0x0000000709c00000, 0x0000000709c00000|100%| E|CS|TS 15|AC  0|TAMS 0x0000000709b00000, 0x0000000709b00000|
| 156|0x0000000709c00000, 0x0000000709d00000, 0x0000000709d00000|100%| E|CS|TS 15|AC  0|TAMS 0x0000000709c00000, 0x0000000709c00000|
| 157|0x0000000709d00000, 0x0000000709e00000, 0x0000000709e00000|100%| E|CS|TS 15|AC  0|TAMS 0x0000000709d00000, 0x0000000709d00000|
| 158|0x0000000709e00000, 0x0000000709f00000, 0x0000000709f00000|100%| E|CS|TS 15|AC  0|TAMS 0x0000000709e00000, 0x0000000709e00000|
| 159|0x0000000709f00000, 0x000000070a000000, 0x000000070a000000|100%| E|CS|TS 15|AC  0|TAMS 0x0000000709f00000, 0x0000000709f00000|
| 160|0x000000070a000000, 0x000000070a100000, 0x000000070a100000|100%| E|CS|TS 15|AC  0|TAMS 0x000000070a000000, 0x000000070a000000|
| 161|0x000000070a100000, 0x000000070a200000, 0x000000070a200000|100%| E|CS|TS 15|AC  0|TAMS 0x000000070a100000, 0x000000070a100000|
| 162|0x000000070a200000, 0x000000070a300000, 0x000000070a300000|100%| E|CS|TS 15|AC  0|TAMS 0x000000070a200000, 0x000000070a200000|
| 163|0x000000070a300000, 0x000000070a400000, 0x000000070a400000|100%| E|CS|TS 15|AC  0|TAMS 0x000000070a300000, 0x000000070a300000|
| 164|0x000000070a400000, 0x000000070a500000, 0x000000070a500000|100%| E|CS|TS 15|AC  0|TAMS 0x000000070a400000, 0x000000070a400000|
| 165|0x000000070a500000, 0x000000070a600000, 0x000000070a600000|100%| E|CS|TS 15|AC  0|TAMS 0x000000070a500000, 0x000000070a500000|
| 166|0x000000070a600000, 0x000000070a700000, 0x000000070a700000|100%| E|CS|TS 15|AC  0|TAMS 0x000000070a600000, 0x000000070a600000|
| 167|0x000000070a700000, 0x000000070a800000, 0x000000070a800000|100%| E|CS|TS 15|AC  0|TAMS 0x000000070a700000, 0x000000070a700000|
| 168|0x000000070a800000, 0x000000070a900000, 0x000000070a900000|100%| E|CS|TS 15|AC  0|TAMS 0x000000070a800000, 0x000000070a800000|
| 169|0x000000070a900000, 0x000000070aa00000, 0x000000070aa00000|100%| E|CS|TS 15|AC  0|TAMS 0x000000070a900000, 0x000000070a900000|
| 170|0x000000070aa00000, 0x000000070ab00000, 0x000000070ab00000|100%| E|CS|TS 15|AC  0|TAMS 0x000000070aa00000, 0x000000070aa00000|
| 171|0x000000070ab00000, 0x000000070ac00000, 0x000000070ac00000|100%| E|CS|TS 15|AC  0|TAMS 0x000000070ab00000, 0x000000070ab00000|
| 172|0x000000070ac00000, 0x000000070ad00000, 0x000000070ad00000|100%| E|CS|TS 15|AC  0|TAMS 0x000000070ac00000, 0x000000070ac00000|
| 173|0x000000070ad00000, 0x000000070ae00000, 0x000000070ae00000|100%| E|CS|TS 15|AC  0|TAMS 0x000000070ad00000, 0x000000070ad00000|
| 174|0x000000070ae00000, 0x000000070af00000, 0x000000070af00000|100%| E|CS|TS 15|AC  0|TAMS 0x000000070ae00000, 0x000000070ae00000|
| 175|0x000000070af00000, 0x000000070b000000, 0x000000070b000000|100%| E|CS|TS 15|AC  0|TAMS 0x000000070af00000, 0x000000070af00000|
| 176|0x000000070b000000, 0x000000070b100000, 0x000000070b100000|100%| E|CS|TS 15|AC  0|TAMS 0x000000070b000000, 0x000000070b000000|
| 177|0x000000070b100000, 0x000000070b200000, 0x000000070b200000|100%| E|CS|TS 15|AC  0|TAMS 0x000000070b100000, 0x000000070b100000|
| 178|0x000000070b200000, 0x000000070b300000, 0x000000070b300000|100%| E|CS|TS 15|AC  0|TAMS 0x000000070b200000, 0x000000070b200000|
| 179|0x000000070b300000, 0x000000070b400000, 0x000000070b400000|100%| E|CS|TS 15|AC  0|TAMS 0x000000070b300000, 0x000000070b300000|
| 180|0x000000070b400000, 0x000000070b500000, 0x000000070b500000|100%| E|CS|TS 15|AC  0|TAMS 0x000000070b400000, 0x000000070b400000|
| 181|0x000000070b500000, 0x000000070b600000, 0x000000070b600000|100%| E|CS|TS 15|AC  0|TAMS 0x000000070b500000, 0x000000070b500000|
| 182|0x000000070b600000, 0x000000070b700000, 0x000000070b700000|100%| E|CS|TS 15|AC  0|TAMS 0x000000070b600000, 0x000000070b600000|
| 183|0x000000070b700000, 0x000000070b800000, 0x000000070b800000|100%| E|CS|TS 15|AC  0|TAMS 0x000000070b700000, 0x000000070b700000|
| 184|0x000000070b800000, 0x000000070b900000, 0x000000070b900000|100%| E|CS|TS 15|AC  0|TAMS 0x000000070b800000, 0x000000070b800000|
| 185|0x000000070b900000, 0x000000070ba00000, 0x000000070ba00000|100%| E|CS|TS 15|AC  0|TAMS 0x000000070b900000, 0x000000070b900000|
| 186|0x000000070ba00000, 0x000000070bb00000, 0x000000070bb00000|100%| E|CS|TS 15|AC  0|TAMS 0x000000070ba00000, 0x000000070ba00000|
| 187|0x000000070bb00000, 0x000000070bc00000, 0x000000070bc00000|100%| E|CS|TS 15|AC  0|TAMS 0x000000070bb00000, 0x000000070bb00000|
| 188|0x000000070bc00000, 0x000000070bd00000, 0x000000070bd00000|100%| E|CS|TS 15|AC  0|TAMS 0x000000070bc00000, 0x000000070bc00000|
| 189|0x000000070bd00000, 0x000000070be00000, 0x000000070be00000|100%| E|CS|TS 15|AC  0|TAMS 0x000000070bd00000, 0x000000070bd00000|
| 190|0x000000070be00000, 0x000000070bf00000, 0x000000070bf00000|100%| E|CS|TS 15|AC  0|TAMS 0x000000070be00000, 0x000000070be00000|
| 191|0x000000070bf00000, 0x000000070c000000, 0x000000070c000000|100%| E|CS|TS 15|AC  0|TAMS 0x000000070bf00000, 0x000000070bf00000|
| 192|0x000000070c000000, 0x000000070c100000, 0x000000070c100000|100%| E|CS|TS 15|AC  0|TAMS 0x000000070c000000, 0x000000070c000000|
| 193|0x000000070c100000, 0x000000070c200000, 0x000000070c200000|100%| E|CS|TS 15|AC  0|TAMS 0x000000070c100000, 0x000000070c100000|

Card table byte_map: [0x00000185065e0000,0x0000018506be0000] byte_map_base: 0x0000018502de0000

Marking Bits (Prev, Next): (CMBitMap*) 0x00000185040578c0, (CMBitMap*) 0x00000185040578f8
 Prev Bits: [0x000001851e6d0000, 0x00000185216d0000)
 Next Bits: [0x00000185216d0000, 0x00000185246d0000)

Polling page: 0x0000018500080000

CodeHeap 'non-profiled nmethods': size=120000Kb used=22627Kb max_used=23604Kb free=97372Kb
 bounds [0x00000185171a0000, 0x00000185188b0000, 0x000001851e6d0000]
CodeHeap 'profiled nmethods': size=120000Kb used=41207Kb max_used=43271Kb free=78792Kb
 bounds [0x000001850fc70000, 0x0000018512720000, 0x00000185171a0000]
CodeHeap 'non-nmethods': size=5760Kb used=1777Kb max_used=1844Kb free=3982Kb
 bounds [0x000001850f6d0000, 0x000001850f940000, 0x000001850fc70000]
 total_blobs=33862 nmethods=17506 adapters=1105
 compilation: enabled

Compilation events (10 events):
Event: 93187.508 Thread 0x000001850469e800 nmethod 23101 0x000001851827e510 code [0x000001851827e700, 0x000001851827ef78]
Event: 93187.510 Thread 0x00000185046a6000 23103       3       ui.utils.i.j.E::<init> (11 bytes)
Event: 93187.511 Thread 0x00000185046a6000 nmethod 23103 0x00000185111ce010 code [0x00000185111ce1e0, 0x00000185111ce450]
Event: 93187.512 Thread 0x00000185046a6000 23104       3       ui.utils.i.j.A::eEf (10 bytes)
Event: 93187.512 Thread 0x00000185046a6000 nmethod 23104 0x00000185110dda90 code [0x00000185110ddc40, 0x00000185110dddd0]
Event: 93187.531 Thread 0x00000185046a6000 23105       1       ui.utils.m::ewV (4 bytes)
Event: 93187.531 Thread 0x00000185046a6000 nmethod 23105 0x000001851821a610 code [0x000001851821a7c0, 0x000001851821a8d8]
Event: 93187.532 Thread 0x00000185046a6000 23106   !   3       com.jidesoft.editor.CodeEditor::updateBracketHighlight (71 bytes)
Event: 93187.533 Thread 0x00000185046a6000 nmethod 23106 0x0000018511636b10 code [0x0000018511636d60, 0x00000185116379a0]
Event: 93187.540 Thread 0x00000185046a4000 nmethod 23100 0x00000185182ef090 code [0x00000185182ef5a0, 0x00000185182f4440]

GC Heap History (10 events):
Event: 93156.480 GC heap before
{Heap before GC invocations=548 (full 147):
 garbage-first heap   total 198656K, used 125871K [0x0000000700000000, 0x0000000700100610, 0x00000007c0000000)
  region size 1024K, 60 young (61440K), 1 survivors (1024K)
 Metaspace       used 83585K, capacity 86369K, committed 90396K, reserved 1126400K
  class space    used 11205K, capacity 11747K, committed 12572K, reserved 1048576K
}
Event: 93156.482 GC heap after
{Heap after GC invocations=549 (full 147):
 garbage-first heap   total 198656K, used 65334K [0x0000000700000000, 0x0000000700100610, 0x00000007c0000000)
  region size 1024K, 1 young (1024K), 1 survivors (1024K)
 Metaspace       used 83585K, capacity 86369K, committed 90396K, reserved 1126400K
  class space    used 11205K, capacity 11747K, committed 12572K, reserved 1048576K
}
Event: 93162.321 GC heap before
{Heap before GC invocations=549 (full 147):
 garbage-first heap   total 198656K, used 125750K [0x0000000700000000, 0x0000000700100610, 0x00000007c0000000)
  region size 1024K, 60 young (61440K), 1 survivors (1024K)
 Metaspace       used 83586K, capacity 86369K, committed 90396K, reserved 1126400K
  class space    used 11205K, capacity 11747K, committed 12572K, reserved 1048576K
}
Event: 93162.323 GC heap after
{Heap after GC invocations=550 (full 147):
 garbage-first heap   total 198656K, used 65492K [0x0000000700000000, 0x0000000700100610, 0x00000007c0000000)
  region size 1024K, 1 young (1024K), 1 survivors (1024K)
 Metaspace       used 83586K, capacity 86369K, committed 90396K, reserved 1126400K
  class space    used 11205K, capacity 11747K, committed 12572K, reserved 1048576K
}
Event: 93164.266 GC heap before
{Heap before GC invocations=550 (full 147):
 garbage-first heap   total 198656K, used 125908K [0x0000000700000000, 0x0000000700100610, 0x00000007c0000000)
  region size 1024K, 60 young (61440K), 1 survivors (1024K)
 Metaspace       used 83587K, capacity 86369K, committed 90396K, reserved 1126400K
  class space    used 11205K, capacity 11747K, committed 12572K, reserved 1048576K
}
Event: 93164.267 GC heap after
{Heap after GC invocations=551 (full 147):
 garbage-first heap   total 198656K, used 65505K [0x0000000700000000, 0x0000000700100610, 0x00000007c0000000)
  region size 1024K, 1 young (1024K), 1 survivors (1024K)
 Metaspace       used 83587K, capacity 86369K, committed 90396K, reserved 1126400K
  class space    used 11205K, capacity 11747K, committed 12572K, reserved 1048576K
}
Event: 93179.259 GC heap before
{Heap before GC invocations=551 (full 147):
 garbage-first heap   total 198656K, used 125921K [0x0000000700000000, 0x0000000700100610, 0x00000007c0000000)
  region size 1024K, 60 young (61440K), 1 survivors (1024K)
 Metaspace       used 83596K, capacity 86369K, committed 90396K, reserved 1126400K
  class space    used 11205K, capacity 11747K, committed 12572K, reserved 1048576K
}
Event: 93179.261 GC heap after
{Heap after GC invocations=552 (full 147):
 garbage-first heap   total 198656K, used 65621K [0x0000000700000000, 0x0000000700100610, 0x00000007c0000000)
  region size 1024K, 1 young (1024K), 1 survivors (1024K)
 Metaspace       used 83596K, capacity 86369K, committed 90396K, reserved 1126400K
  class space    used 11205K, capacity 11747K, committed 12572K, reserved 1048576K
}
Event: 93185.524 GC heap before
{Heap before GC invocations=552 (full 147):
 garbage-first heap   total 198656K, used 126037K [0x0000000700000000, 0x0000000700100610, 0x00000007c0000000)
  region size 1024K, 60 young (61440K), 1 survivors (1024K)
 Metaspace       used 83690K, capacity 86605K, committed 90652K, reserved 1128448K
  class space    used 11225K, capacity 11779K, committed 12572K, reserved 1048576K
}
Event: 93185.526 GC heap after
{Heap after GC invocations=553 (full 147):
 garbage-first heap   total 198656K, used 65823K [0x0000000700000000, 0x0000000700100610, 0x00000007c0000000)
  region size 1024K, 1 young (1024K), 1 survivors (1024K)
 Metaspace       used 83690K, capacity 86605K, committed 90652K, reserved 1128448K
  class space    used 11225K, capacity 11779K, committed 12572K, reserved 1048576K
}

Deoptimization events (10 events):
Event: 92652.645 Thread 0x0000018504d1e000 Uncommon trap: reason=unstable_if action=reinterpret pc=0x00000185173d6d94 method=java.lang.StringCoding$StringDecoder.decode([BII)Ljava/lang/StringCoding$Result; @ 25 c2
Event: 92652.645 Thread 0x0000018504d1e000 Uncommon trap: reason=unstable_if action=reinterpret pc=0x00000185178f2638 method=sun.font.CompositeGlyphMapper.charsToGlyphs(I[C[I)V @ 19 c2
Event: 92652.645 Thread 0x0000018504d1e000 Uncommon trap: reason=unstable_if action=reinterpret pc=0x00000185173b73b4 method=java.lang.StringCoding.hasNegatives([BII)Z @ 12 c2
Event: 92667.898 Thread 0x0000018504d1e000 Uncommon trap: reason=unstable_if action=reinterpret pc=0x000001851819a750 method=javax.swing.text.html.parser.Parser.parseContent()V @ 296 c2
Event: 92670.657 Thread 0x0000018504d1e000 Uncommon trap: reason=unstable_if action=reinterpret pc=0x0000018517ef7f3c method=javax.swing.table.DefaultTableCellRenderer.getTableCellRendererComponent(Ljavax/swing/JTable;Ljava/lang/Object;ZZII)Ljava/awt/Component; @ 86 c2
Event: 92670.657 Thread 0x0000018504d1e000 Uncommon trap: reason=unstable_if action=reinterpret pc=0x0000018517f3d5cc method=ui.views.waveform.f.u.getTableCellRendererComponent(Ljavax/swing/JTable;Ljava/lang/Object;ZZII)Ljava/awt/Component; @ 52 c2
Event: 92670.657 Thread 0x0000018504d1e000 Uncommon trap: reason=unstable_if action=reinterpret pc=0x0000018517a85824 method=javax.swing.JComponent.getInsets(Ljava/awt/Insets;)Ljava/awt/Insets; @ 30 c2
Event: 93184.056 Thread 0x0000018504d1e000 Uncommon trap: reason=unstable_if action=reinterpret pc=0x000001851731e3bc method=java.lang.Throwable.getOurStackTrace()[Ljava/lang/StackTraceElement; @ 7 c2
Event: 93184.068 Thread 0x0000018504d1e000 Uncommon trap: reason=unstable_if action=reinterpret pc=0x0000018517854dc8 method=java.awt.GridBagLayout.ArrangeGrid(Ljava/awt/Container;)V @ 959 c2
Event: 93184.163 Thread 0x0000018504d1e000 Uncommon trap: reason=unstable_if action=reinterpret pc=0x000001851856d0f0 method=java.awt.Rectangle.intersects(Ljava/awt/Rectangle;)Z @ 127 c2

Classes redefined (0 events):
No events

Internal exceptions (10 events):
Event: 92017.413 Thread 0x0000018504d1e000 Exception <a 'java/lang/NoSuchMethodError'{0x0000000707038668}: java.lang.invoke.DirectMethodHandle$Holder.invokeSpecial(Ljava/lang/Object;Ljava/lang/Object;ILjava/lang/Object;)V> (0x0000000707038668) thrown at [t:/workspace/hotspot/src/share/vm/interpret
Event: 92017.413 Thread 0x0000018504d1e000 Exception <a 'java/lang/NoSuchMethodError'{0x000000070703df90}: java.lang.invoke.DirectMethodHandle$Holder.invokeStatic(Ljava/lang/Object;Ljava/lang/Object;ILjava/lang/Object;)Ljava/lang/Object;> (0x000000070703df90) thrown at [t:/workspace/hotspot/src/sh
Event: 92021.888 Thread 0x0000018504d1e000 Exception <a 'java/lang/NoSuchMethodError'{0x0000000707982aa0}: method resolution failed> (0x0000000707982aa0) thrown at [t:/workspace/hotspot/src/share/vm/prims/methodHandles.cpp, line 1256]
Event: 92044.076 Thread 0x0000018504d1e000 Exception <a 'java/lang/NoSuchMethodError'{0x000000070a0cc8a0}: java.lang.invoke.DirectMethodHandle$Holder.invokeSpecial(Ljava/lang/Object;Ljava/lang/Object;IILjava/lang/Object;ILjava/lang/Object;I)Ljava/lang/Object;> (0x000000070a0cc8a0) thrown at [t:/wo
Event: 92044.076 Thread 0x0000018504d1e000 Exception <a 'java/lang/NoSuchMethodError'{0x000000070a0d0010}: java.lang.invoke.DelegatingMethodHandle$Holder.reinvoke_L(Ljava/lang/Object;IILjava/lang/Object;ILjava/lang/Object;I)Ljava/lang/Object;> (0x000000070a0d0010) thrown at [t:/workspace/hotspot/s
Event: 92044.076 Thread 0x0000018504d1e000 Exception <a 'java/lang/NoSuchMethodError'{0x000000070a0ffd00}: method resolution failed> (0x000000070a0ffd00) thrown at [t:/workspace/hotspot/src/share/vm/prims/methodHandles.cpp, line 1256]
Event: 92060.817 Thread 0x0000018504d1e000 Implicit null exception at 0x00000185184fc60c to 0x00000185184fd001
Event: 92060.985 Thread 0x000001852a7ba800 Implicit null exception at 0x000001851821a484 to 0x000001851821c321
Event: 92561.246 Thread 0x0000018504cc1000 Exception <a 'ui/frmwork/CommandFailedException'{0x000000070af86648}> (0x000000070af86648) thrown at [t:/workspace/hotspot/src/share/vm/prims/jni.cpp, line 604]
Event: 93184.055 Thread 0x0000018504d1e000 Exception <a 'ui/frmwork/CommandFailedException'{0x0000000709816590}> (0x0000000709816590) thrown at [t:/workspace/hotspot/src/share/vm/prims/jni.cpp, line 604]

Events (10 events):
Event: 93187.214 Thread 0x0000018504cc1000 Thread added: 0x0000018504cc1000
Event: 93187.221 Thread 0x0000018504cc1000 Thread exited: 0x0000018504cc1000
Event: 93187.392 Thread 0x0000018504cc3800 Thread added: 0x0000018504cc3800
Event: 93187.531 Thread 0x0000018504cc3800 Thread exited: 0x0000018504cc3800
Event: 93187.533 Executing VM operation: RevokeBias
Event: 93187.533 Executing VM operation: RevokeBias done
Event: 93188.214 Thread 0x0000018504cc3800 Thread added: 0x0000018504cc3800
Event: 93188.222 Thread 0x0000018504cc3800 Thread exited: 0x0000018504cc3800
Event: 93189.215 Thread 0x0000018504cc1000 Thread added: 0x0000018504cc1000
Event: 93189.222 Thread 0x0000018504cc1000 Thread exited: 0x0000018504cc1000


Dynamic libraries:
0x00007ff7b1360000 - 0x00007ff7b1390000 	C:\Xilinx\Vivado\2019.1\bin\unwrapped\win64.o\vivado.exe
0x00007ff888740000 - 0x00007ff888930000 	C:\WINDOWS\SYSTEM32\ntdll.dll
0x00007ff886b10000 - 0x00007ff886bc2000 	C:\WINDOWS\System32\KERNEL32.DLL
0x00007ff885850000 - 0x00007ff885af5000 	C:\WINDOWS\System32\KERNELBASE.dll
0x00007ff8865e0000 - 0x00007ff8866da000 	C:\WINDOWS\System32\ucrtbase.dll
0x00007ff86f870000 - 0x00007ff86f901000 	C:\WINDOWS\SYSTEM32\MSVCP140.dll
0x00007ff881cf0000 - 0x00007ff881d04000 	C:\Xilinx\Vivado\2019.1\lib\win64.o\libboost_signals.dll
0x00007ff881c60000 - 0x00007ff881c74000 	C:\Xilinx\Vivado\2019.1\lib\win64.o\librdi_commonmain.dll
0x00007ff834220000 - 0x00007ff835102000 	C:\Xilinx\Vivado\2019.1\lib\win64.o\librdi_common.dll
0x00007ff873390000 - 0x00007ff8733a9000 	C:\WINDOWS\SYSTEM32\VCRUNTIME140.dll
0x00007ff8868d0000 - 0x00007ff886a64000 	C:\WINDOWS\System32\USER32.dll
0x00007ff873160000 - 0x00007ff87316c000 	C:\WINDOWS\SYSTEM32\VCRUNTIME140_1.dll
0x00007ff8866e0000 - 0x00007ff886701000 	C:\WINDOWS\System32\win32u.dll
0x00007ff886de0000 - 0x00007ff886e06000 	C:\WINDOWS\System32\GDI32.dll
0x00007ff881650000 - 0x00007ff881676000 	C:\Xilinx\Vivado\2019.1\lib\win64.o\libboost_filesystem.dll
0x00007ff885cb0000 - 0x00007ff885e46000 	C:\WINDOWS\System32\gdi32full.dll
0x00007ff887ba0000 - 0x00007ff887c43000 	C:\WINDOWS\System32\ADVAPI32.dll
0x00007ff885c10000 - 0x00007ff885cae000 	C:\WINDOWS\System32\msvcp_win.dll
0x00007ff881d30000 - 0x00007ff881d3a000 	C:\Xilinx\Vivado\2019.1\lib\win64.o\librdi_commonversion.dll
0x00007ff886a70000 - 0x00007ff886b0e000 	C:\WINDOWS\System32\msvcrt.dll
0x00007ff886e90000 - 0x00007ff886f27000 	C:\WINDOWS\System32\sechost.dll
0x00007ff888010000 - 0x00007ff8886f7000 	C:\WINDOWS\System32\SHELL32.dll
0x00007ff886bf0000 - 0x00007ff886d10000 	C:\WINDOWS\System32\RPCRT4.dll
0x00007ff866f80000 - 0x00007ff8670a1000 	C:\Xilinx\Vivado\2019.1\lib\win64.o\librdi_commonxillic.dll
0x00007ff886710000 - 0x00007ff88675a000 	C:\WINDOWS\System32\cfgmgr32.dll
0x0000000063300000 - 0x000000006342b000 	C:\Xilinx\Vivado\2019.1\lib\win64.o\tcl85t.dll
0x00007ff887f90000 - 0x00007ff887fff000 	C:\WINDOWS\System32\WS2_32.dll
0x00007ff887640000 - 0x00007ff8876e9000 	C:\WINDOWS\System32\shcore.dll
0x00007ff866c10000 - 0x00007ff866f7e000 	C:\Xilinx\Vivado\2019.1\lib\win64.o\libCOIN-all.dll
0x00007ff887c50000 - 0x00007ff887f86000 	C:\WINDOWS\System32\combase.dll
0x00007ff877d10000 - 0x00007ff877d24000 	C:\Xilinx\Vivado\2019.1\lib\win64.o\libboost_date_time.dll
0x00007ff886760000 - 0x00007ff8867e1000 	C:\WINDOWS\System32\bcryptPrimitives.dll
0x00007ff885e50000 - 0x00007ff8865d1000 	C:\WINDOWS\System32\windows.storage.dll
0x00007ff885680000 - 0x00007ff8856a3000 	C:\WINDOWS\System32\profapi.dll
0x00007ff875220000 - 0x00007ff87529f000 	C:\Xilinx\Vivado\2019.1\lib\win64.o\libboost_program_options.dll
0x00007ff881ce0000 - 0x00007ff881ceb000 	C:\Xilinx\Vivado\2019.1\lib\win64.o\libboost_system.dll
0x00007ff885630000 - 0x00007ff88567a000 	C:\WINDOWS\System32\powrprof.dll
0x00007ff866af0000 - 0x00007ff866c04000 	C:\Xilinx\Vivado\2019.1\lib\win64.o\libboost_regex.dll
0x00007ff8855e0000 - 0x00007ff8855f0000 	C:\WINDOWS\System32\UMPDC.dll
0x00007ff877ce0000 - 0x00007ff877d01000 	C:\Xilinx\Vivado\2019.1\lib\win64.o\libboost_thread.dll
0x00007ff887170000 - 0x00007ff8871c2000 	C:\WINDOWS\System32\shlwapi.dll
0x00007ff881c50000 - 0x00007ff881c5f000 	C:\Xilinx\Vivado\2019.1\lib\win64.o\libboost_xilinx.dll
0x00007ff873710000 - 0x00007ff873792000 	C:\Xilinx\Vivado\2019.1\lib\win64.o\libhdlpsolve.dll
0x00007ff885610000 - 0x00007ff885621000 	C:\WINDOWS\System32\kernel.appcore.dll
0x00007ff8856b0000 - 0x00007ff8856c7000 	C:\WINDOWS\System32\cryptsp.dll
0x00007ff866930000 - 0x00007ff8669d5000 	C:\Xilinx\Vivado\2019.1\lib\win64.o\libhdxml.dll
0x00007ff877760000 - 0x00007ff87778e000 	C:\Xilinx\Vivado\2019.1\lib\win64.o\libisl_sysinfo.dll
0x00007ff877cc0000 - 0x00007ff877cda000 	C:\Xilinx\Vivado\2019.1\lib\win64.o\pthreadVC2.dll
0x00007ff8736a0000 - 0x00007ff873705000 	C:\Xilinx\Vivado\2019.1\lib\win64.o\liblmx6.0.dll
0x00007ff876700000 - 0x00007ff876721000 	C:\Xilinx\Vivado\2019.1\lib\win64.o\librdizlib.dll
0x00007ff877740000 - 0x00007ff87775c000 	C:\Xilinx\Vivado\2019.1\lib\win64.o\librdiconfig.dll
0x0000000012000000 - 0x0000000012270000 	C:\Xilinx\Vivado\2019.1\lib\win64.o\xerces-c_3_1.dll
0x00007ff877700000 - 0x00007ff877717000 	C:\WINDOWS\SYSTEM32\NETAPI32.dll
0x00007ff876180000 - 0x00007ff876655000 	C:\WINDOWS\SYSTEM32\WININET.dll
0x00007ff833670000 - 0x00007ff83421f400 	C:\Xilinx\Vivado\2019.1\lib\win64.o\libisl_iostreams.dll
0x00007ff880a80000 - 0x00007ff880b70000 	C:\WINDOWS\SYSTEM32\WINHTTP.dll
0x00007ff8791c0000 - 0x00007ff879396000 	C:\WINDOWS\SYSTEM32\urlmon.dll
0x00007ff866650000 - 0x00007ff866928000 	C:\Xilinx\Vivado\2019.1\lib\win64.o\libXil_lmgr11.dll
0x00007ff887970000 - 0x00007ff887a40000 	C:\WINDOWS\System32\COMDLG32.dll
0x00007ff886d10000 - 0x00007ff886dd5000 	C:\WINDOWS\System32\OLEAUT32.dll
0x00007ff887a40000 - 0x00007ff887b97000 	C:\WINDOWS\System32\ole32.dll
0x00007ff880450000 - 0x00007ff88045d000 	C:\Xilinx\Vivado\2019.1\lib\win64.o\libboost_chrono.dll
0x00007ff885bb0000 - 0x00007ff885c0c000 	C:\WINDOWS\System32\WINTRUST.dll
0x00007ff8855f0000 - 0x00007ff885602000 	C:\WINDOWS\System32\MSASN1.dll
0x00007ff877020000 - 0x00007ff877029000 	C:\WINDOWS\SYSTEM32\WSOCK32.dll
0x00007ff8856d0000 - 0x00007ff885819000 	C:\WINDOWS\System32\CRYPT32.dll
0x00007ff874aa0000 - 0x00007ff874acd000 	C:\WINDOWS\SYSTEM32\VCOMP140.DLL
0x00007ff8327d0000 - 0x00007ff833661000 	C:\Xilinx\Vivado\2019.1\lib\win64.o\gurobi65.dll
0x00007ff873ee0000 - 0x00007ff873f05000 	C:\Xilinx\Vivado\2019.1\lib\win64.o\libisl_iosutils.dll
0x00007ff878f10000 - 0x00007ff8791b7000 	C:\WINDOWS\SYSTEM32\iertutil.dll
0x00007ff877720000 - 0x00007ff87773b000 	C:\Xilinx\Vivado\2019.1\lib\win64.o\libboost_iostreams.dll
0x00007ff878060000 - 0x00007ff878109000 	C:\WINDOWS\WinSxS\amd64_microsoft.windows.common-controls_6595b64144ccf1df_5.82.18362.1256_none_73b4ccbed8148ea3\COMCTL32.dll
0x00007ff87eeb0000 - 0x00007ff87eecc000 	C:\WINDOWS\SYSTEM32\dhcpcsvc.DLL
0x00007ff888000000 - 0x00007ff888008000 	C:\WINDOWS\System32\NSI.dll
0x00007ff885000000 - 0x00007ff88500c000 	C:\WINDOWS\SYSTEM32\CRYPTBASE.DLL
0x00007ff884c50000 - 0x00007ff884c5c000 	C:\WINDOWS\SYSTEM32\NETUTILS.DLL
0x00007ff8867f0000 - 0x00007ff88681e000 	C:\WINDOWS\System32\IMM32.DLL
0x00007ff82e170000 - 0x00007ff82e687000 	C:\Xilinx\Vivado\2019.1\lib\win64.o\librdi_commontasks.dll
0x00007ff880580000 - 0x00007ff88058a000 	C:\WINDOWS\SYSTEM32\VERSION.dll
0x00007ff832540000 - 0x00007ff8327c6000 	C:\Xilinx\Vivado\2019.1\lib\win64.o\librdi_sio.dll
0x00000000628d0000 - 0x00000000632f5000 	C:\Xilinx\Vivado\2019.1\tps\win64\jre9.0.4\bin\server\jvm.dll
0x00007ff887070000 - 0x00007ff887078000 	C:\WINDOWS\System32\PSAPI.DLL
0x00007ff884b40000 - 0x00007ff884b7a000 	C:\WINDOWS\SYSTEM32\IPHLPAPI.DLL
0x00007ff8832d0000 - 0x00007ff8832f4000 	C:\WINDOWS\SYSTEM32\WINMM.dll
0x00007ff8831a0000 - 0x00007ff8831cd000 	C:\WINDOWS\SYSTEM32\winmmbase.dll
0x00007ff866560000 - 0x00007ff86664f000 	C:\WINDOWS\SYSTEM32\MSVCR120.dll
0x00007ff884e30000 - 0x00007ff884e97000 	C:\WINDOWS\SYSTEM32\MSWSOCK.DLL
0x00007ff81ee50000 - 0x00007ff82130c000 	C:\Xilinx\Vivado\2019.1\lib\win64.o\librdi_tcltasks.dll
0x00007ff8664e0000 - 0x00007ff866558000 	C:\Xilinx\Vivado\2019.1\lib\win64.o\librdi_boarddep.dll
0x00007ff8585b0000 - 0x00007ff858741000 	C:\Xilinx\Vivado\2019.1\lib\win64.o\librdi_board.dll
0x00007ff863970000 - 0x00007ff863a5b000 	C:\Xilinx\Vivado\2019.1\lib\win64.o\librdi_chipscope.dll
0x00007ff82dd60000 - 0x00007ff82e168000 	C:\Xilinx\Vivado\2019.1\lib\win64.o\librdi_bitstream.dll
0x00007ff854eb0000 - 0x00007ff85506d000 	C:\Xilinx\Vivado\2019.1\lib\win64.o\librdi_chipscopeimpl.dll
0x00007ff8436c0000 - 0x00007ff843816000 	C:\Xilinx\Vivado\2019.1\lib\win64.o\librdi_containers.dll
0x00007ff81d460000 - 0x00007ff81ee4a000 	C:\Xilinx\Vivado\2019.1\lib\win64.o\librdi_constraints.dll
0x00007ff81b5a0000 - 0x00007ff81d451000 	C:\Xilinx\Vivado\2019.1\lib\win64.o\librdi_coregen.dll
0x00007ff82c2b0000 - 0x00007ff82c98a000 	C:\Xilinx\Vivado\2019.1\lib\win64.o\librdi_coregenipxact.dll
0x00007ff817550000 - 0x00007ff81b593000 	C:\Xilinx\Vivado\2019.1\lib\win64.o\librdi_designutils.dll
0x00007ff82da40000 - 0x00007ff82dd5e000 	C:\Xilinx\Vivado\2019.1\lib\win64.o\librdi_dlyest.dll
0x00007ff863720000 - 0x00007ff8637e4000 	C:\Xilinx\Vivado\2019.1\lib\win64.o\librdi_dsp.dll
0x00007ff82bd10000 - 0x00007ff82c2aa000 	C:\Xilinx\Vivado\2019.1\lib\win64.o\librdi_drc.dll
0x00007ff804e30000 - 0x00007ff805113000 	C:\Xilinx\Vivado\2019.1\lib\win64.o\librdi_guitools.dll
0x00007ff82ac60000 - 0x00007ff82b2ad000 	C:\Xilinx\Vivado\2019.1\lib\win64.o\librdi_filemgmt.dll
0x00007ff85f0b0000 - 0x00007ff85f115000 	C:\Xilinx\Vivado\2019.1\lib\win64.o\librdi_hdf.dll
0x00007ff803250000 - 0x00007ff803865000 	C:\Xilinx\Vivado\2019.1\lib\win64.o\librdi_memdata.dll
0x00007ff857900000 - 0x00007ff857973000 	C:\Xilinx\Vivado\2019.1\lib\win64.o\librdi_memoryarray.dll
0x00007ff803870000 - 0x00007ff804e30000 	C:\Xilinx\Vivado\2019.1\lib\win64.o\librdi_implflow.dll
0x00007ff805120000 - 0x00007ff81754c000 	C:\Xilinx\Vivado\2019.1\lib\win64.o\librdi_device.dll
0x00007fffff940000 - 0x00007ffffffe2000 	C:\Xilinx\Vivado\2019.1\lib\win64.o\librdi_netlist.dll
0x00007ff85f060000 - 0x00007ff85f0ab000 	C:\Xilinx\Vivado\2019.1\lib\win64.o\librdi_pfi.dll
0x00007ff800250000 - 0x00007ff80055f000 	C:\Xilinx\Vivado\2019.1\lib\win64.o\librdi_platform.dll
0x00007ffffcb70000 - 0x00007ffffd2ba000 	C:\Xilinx\Vivado\2019.1\lib\win64.o\librdi_power.dll
0x00007ffffbee0000 - 0x00007ffffc5e9000 	C:\Xilinx\Vivado\2019.1\lib\win64.o\librdi_psta.dll
0x00007ffffc5f0000 - 0x00007ffffcb6f000 	C:\Xilinx\Vivado\2019.1\lib\win64.o\librdi_project.dll
0x00007ffffb7d0000 - 0x00007ffffbed6000 	C:\Xilinx\Vivado\2019.1\lib\win64.o\librdi_rsb.dll
0x00007ffffb3d0000 - 0x00007ffffb7c1000 	C:\Xilinx\Vivado\2019.1\lib\win64.o\librdi_runs.dll
0x00007ff849380000 - 0x00007ff84947a000 	C:\Xilinx\Vivado\2019.1\lib\win64.o\librdi_runsbase.dll
0x00007ffffd2c0000 - 0x00007fffff936000 	C:\Xilinx\Vivado\2019.1\lib\win64.o\librdi_place.dll
0x00007ff8322e0000 - 0x00007ff832536000 	C:\Xilinx\Vivado\2019.1\lib\win64.o\librdi_simdata.dll
0x00007ff8407e0000 - 0x00007ff840952000 	C:\Xilinx\Vivado\2019.1\lib\win64.o\librdi_advchipscopeimpl.dll
0x00007ffffa5b0000 - 0x00007ffffb3c1000 	C:\Xilinx\Vivado\2019.1\lib\win64.o\librdi_timing.dll
0x00007ff800560000 - 0x00007ff803246000 	C:\Xilinx\Vivado\2019.1\lib\win64.o\librdi_mig.dll
0x00007ff856af0000 - 0x00007ff856b3c000 	C:\Xilinx\Vivado\2019.1\lib\win64.o\libboost_serialization.dll
0x00007ff8400c0000 - 0x00007ff840182000 	C:\Xilinx\Vivado\2019.1\lib\win64.o\librdi_ipconfig_readwrite.dll
0x00007ff83f3a0000 - 0x00007ff83f53f000 	C:\Xilinx\Vivado\2019.1\lib\win64.o\librdi_hip_devdesign.dll
0x00007ff856710000 - 0x00007ff856753000 	C:\Xilinx\Vivado\2019.1\lib\win64.o\librdi_noc_frameworks.dll
0x00007ff84a790000 - 0x00007ff84a82e000 	C:\Xilinx\Vivado\2019.1\lib\win64.o\libise.dll
0x00007ffff9670000 - 0x00007ffff9a55000 	C:\Xilinx\Vivado\2019.1\lib\win64.o\librdi_hip_config.dll

VM Arguments:
jvm_args: -Dsun.java2d.pmoffscreen=false -Dsun.java2d.xrender=false -Dsun.java2d.d3d=false -Dsun.awt.nopixfmt=true -Dsun.java2d.dpiaware=true -Dsun.java2d.uiScale.enabled=false -Xverify:none -Dswing.aatext=true -XX:-UsePerfData -Djdk.map.althashing.threshold=512 -XX:StringTableSize=4072 --add-opens=java.base/java.nio=ALL-UNNAMED --add-opens=java.desktop/sun.swing=ALL-UNNAMED --add-opens=java.desktop/javax.swing=ALL-UNNAMED --add-opens=java.desktop/javax.swing.tree=ALL-UNNAMED --add-opens=java.desktop/javax.swing.plaf.basic=ALL-UNNAMED --add-opens=java.desktop/javax.swing.plaf.synth=ALL-UNNAMED --add-opens=java.desktop/com.sun.awt=ALL-UNNAMED -XX:NewSize=60m -XX:MaxNewSize=60m -Xms128m -Xmx3072m -Xss5m 
java_command: <unknown>
java_class_path (initial): C:/Xilinx/Vivado/2019.1\lib\classes\alloy.jar;C:/Xilinx/Vivado/2019.1\lib\classes\autopilot.scelaborator.jar;C:/Xilinx/Vivado/2019.1\lib\classes\autopilot.sourceprocessor.jar;C:/Xilinx/Vivado/2019.1\lib\classes\autopilot.tbprocessor.jar;C:/Xilinx/Vivado/2019.1\lib\classes\batik-anim.jar;C:/Xilinx/Vivado/2019.1\lib\classes\batik-awt-util.jar;C:/Xilinx/Vivado/2019.1\lib\classes\batik-bridge.jar;C:/Xilinx/Vivado/2019.1\lib\classes\batik-codec.jar;C:/Xilinx/Vivado/2019.1\lib\classes\batik-css.jar;C:/Xilinx/Vivado/2019.1\lib\classes\batik-dom.jar;C:/Xilinx/Vivado/2019.1\lib\classes\batik-ext.jar;C:/Xilinx/Vivado/2019.1\lib\classes\batik-gui-util.jar;C:/Xilinx/Vivado/2019.1\lib\classes\batik-gvt.jar;C:/Xilinx/Vivado/2019.1\lib\classes\batik-parser.jar;C:/Xilinx/Vivado/2019.1\lib\classes\batik-script.jar;C:/Xilinx/Vivado/2019.1\lib\classes\batik-svg-dom.jar;C:/Xilinx/Vivado/2019.1\lib\classes\batik-swing.jar;C:/Xilinx/Vivado/2019.1\lib\classes\batik-transcoder.jar;C:/Xilinx/Vivado/2019.1\lib\classes\batik-util.jar;C:/Xilinx/Vivado/2019.1\lib\classes\batik-xml.jar;C:/Xilinx/Vivado/2019.1\lib\classes\com.google.gson_2.7.0.v20170129-0911.jar;C:/Xilinx/Vivado/2019.1\lib\classes\com.google.guava_21.0.0.v20170206-1425.jar;C:/Xilinx/Vivado/2019.1\lib\classes\com.google.inject_3.0.0.v201605172100.jar;C:/Xilinx/Vivado/2019.1\lib\classes\com.ibm.icu_4.4.2.v20110208.jar;C:/Xilinx/Vivado/2019.1\lib\classes\com.sigasi.hdt.annotations.runtime_4.3.0.201903071210.jar;C:/Xilinx/Vivado/2019.1\lib\classes\com.sigasi.hdt.blockdiagram.model_4.3.0.201903071210.jar;C:/Xilinx/Vivado/2019.1\lib\classes\com.sigasi.hdt.connection_4.3.0.201903071210.jar;C:/Xilinx/Vivado/2019.1\lib\classes\com.sigasi.hdt.dependencies.model_4.3.0.201903071210.jar;C:/Xilinx/Vivado/2019.1\lib\classes\com.sigasi.hdt.epl_4.3.0.201903071210.jar;C:/Xilinx/Vivado/2019.1\lib\classes\com.sigasi.hdt.graphics.model_4.3.0.201903071210.jar;C:/Xilinx/Vivado/2019.1\lib\classes\com.sigasi.hdt.project_4.3.0
Launcher Type: generic

Logging:
Log output configuration:
#0: stdout all=warning uptime,level,tags
#1: stderr all=off uptime,level,tags

Environment Variables:
PATH=C:/Xilinx/Vivado/2019.1/bin;C:/Xilinx/Vivado/2019.1/lib/win64.o;C:/Xilinx/Vivado/2019.1/tps/win64/jre9.0.4/bin/server;C:/Xilinx/Vivado/2019.1/tps/win64/jre9.0.4/bin;C:/Xilinx/SDK/2019.1/bin;C:/Xilinx/Vivado/2019.1/ids_lite/ISE/bin/nt64;C:/Xilinx/Vivado/2019.1/ids_lite/ISE/lib/nt64;C:\WINDOWS\system32;C:\WINDOWS;C:\WINDOWS\System32\Wbem;C:\WINDOWS\System32\WindowsPowerShell\v1.0\;C:\WINDOWS\System32\OpenSSH\;C:\Program Files\Git\cmd;C:\Program Files\dotnet\;C:\Program Files\Microsoft\Web Platform Installer\;C:\Program Files (x86)\Microsoft ASP.NET\ASP.NET Web Pages\v1.0\;C:\Program Files\Microsoft SQL Server\110\Tools\Binn\;C:\Program Files\MATLAB\R2018a\runtime\win64;C:\Program Files\MATLAB\R2018a\bin;c:\iverilog\bin;C:\Program Files\NVIDIA Corporation\NVIDIA NvDLISR;C:\Users\Alan\AppData\Local\Microsoft\WindowsApps;;C:\Users\Alan\AppData\Local\Programs\Microsoft VS Code\bin;C:\Users\Alan\.dotnet\tools;C:/Xilinx/Vivado/2019.1\tps\mingw\6.2.0\win64.o\nt\bin;C:/Xilinx/Vivado/2019.1\tps\mingw\6.2.0\win64.o\nt\libexec\gcc\x86_64-w64-mingw32\6.2.0;C:/Xilinx/Vivado/2019.1\tps\win64\python-2.7.5;C:/Xilinx/Vivado/2019.1\tps\win64\python-2.7.5\lib;C:/Xilinx/Vivado/2019.1\tps\win64\python-2.7.5\Lib\lib-tk;C:/Xilinx/Vivado/2019.1\tps\win64\python-2.7.5\lib\site-packages
USERNAME=Alan
OS=Windows_NT
PROCESSOR_IDENTIFIER=Intel64 Family 6 Model 158 Stepping 10, GenuineIntel



---------------  S Y S T E M  ---------------

OS: Windows 10 , 64 bit Build 18362 (10.0.18362.1110)

CPU:total 12 (initial active 12) (6 cores per cpu, 2 threads per core) family 6 model 158 stepping 10, cmov, cx8, fxsr, mmx, sse, sse2, sse3, ssse3, sse4.1, sse4.2, popcnt, avx, avx2, clmul, erms, rtm, 3dnowpref, lzcnt, ht, tsc, tscinvbit, bmi1, bmi2, adx, fma

Memory: 4k page, physical 16624024k(10616660k free), swap 19114392k(9871388k free)

vm_info: Java HotSpot(TM) 64-Bit Server VM (9.0.4+11) for windows-amd64 JRE (9.0.4+11), built on Dec 20 2017 02:18:54 by "mach5one" with MS VC++ 12.0 (VS2013)

END.
