#-----------------------------------------------------------
# Vivado v2019.1 (64-bit)
# SW Build 2552052 on Fri May 24 14:49:42 MDT 2019
# IP Build 2548770 on Fri May 24 18:01:18 MDT 2019
# Start of session at: Sat Dec  5 21:15:12 2020
# Process ID: 23060
# Current directory: C:/Users/USER/Desktop/git/SME_parallel/vivado_project
# Command line: vivado.exe -gui_launcher_event rodinguilauncherevent4632 C:\Users\USER\Desktop\git\SME_parallel\vivado_project\SME_parallel.xpr
# Log file: C:/Users/USER/Desktop/git/SME_parallel/vivado_project/vivado.log
# Journal file: C:/Users/USER/Desktop/git/SME_parallel/vivado_project\vivado.jou
#-----------------------------------------------------------
start_gui
open_project C:/Users/USER/Desktop/git/SME_parallel/vivado_project/SME_parallel.xpr
Scanning sources...
Finished scanning sources
INFO: [IP_Flow 19-234] Refreshing IP repositories
INFO: [IP_Flow 19-1704] No user IP repositories specified
INFO: [IP_Flow 19-2313] Loaded Vivado IP repository 'E:/vivado/Vivado/2019.1/data/ip'.
open_project: Time (s): cpu = 00:00:10 ; elapsed = 00:00:06 . Memory (MB): peak = 809.352 ; gain = 149.371
update_compile_order -fileset sources_1
launch_simulation
INFO: [Vivado 12-5682] Launching behavioral simulation in 'C:/Users/USER/Desktop/git/SME_parallel/vivado_project/SME_parallel.sim/sim_1/behav/xsim'
INFO: [SIM-utils-51] Simulation object is 'sim_1'
INFO: [SIM-utils-54] Inspecting design source files for 'testfixture' in fileset 'sim_1'...
INFO: [USF-XSim-97] Finding global include files...
INFO: [USF-XSim-98] Fetching design files from 'sim_1'...
INFO: [USF-XSim-2] XSim::Compile design
INFO: [USF-XSim-61] Executing 'COMPILE and ANALYZE' step in 'C:/Users/USER/Desktop/git/SME_parallel/vivado_project/SME_parallel.sim/sim_1/behav/xsim'
"xvlog --incr --relax -prj testfixture_vlog.prj"
INFO: [VRFC 10-2263] Analyzing Verilog file "C:/Users/USER/Desktop/git/SME_parallel/src/DP_FailFunc.v" into library xil_defaultlib
INFO: [VRFC 10-311] analyzing module DP_FailFunc
INFO: [VRFC 10-2263] Analyzing Verilog file "C:/Users/USER/Desktop/git/SME_parallel/src/PE_slave.v" into library xil_defaultlib
INFO: [VRFC 10-311] analyzing module pe_slave
INFO: [VRFC 10-2263] Analyzing Verilog file "C:/Users/USER/Desktop/git/SME_parallel/src/SME.v" into library xil_defaultlib
INFO: [VRFC 10-311] analyzing module SME
INFO: [VRFC 10-2263] Analyzing Verilog file "C:/Users/USER/Desktop/git/SME_parallel/src/shared_memory.v" into library xil_defaultlib
INFO: [VRFC 10-311] analyzing module shared_memory
INFO: [USF-XSim-69] 'compile' step finished in '2' seconds
INFO: [USF-XSim-3] XSim::Elaborate design
INFO: [USF-XSim-61] Executing 'ELABORATE' step in 'C:/Users/USER/Desktop/git/SME_parallel/vivado_project/SME_parallel.sim/sim_1/behav/xsim'
"xelab -wto 662c8cd79d1949a7937d4aea3a663f0b --incr --debug typical --relax --mt 2 -L xil_defaultlib -L unisims_ver -L unimacro_ver -L secureip --snapshot testfixture_behav xil_defaultlib.testfixture xil_defaultlib.glbl -log elaborate.log"
Vivado Simulator 2019.1
Copyright 1986-1999, 2001-2019 Xilinx, Inc. All Rights Reserved.
Running: E:/vivado/Vivado/2019.1/bin/unwrapped/win64.o/xelab.exe -wto 662c8cd79d1949a7937d4aea3a663f0b --incr --debug typical --relax --mt 2 -L xil_defaultlib -L unisims_ver -L unimacro_ver -L secureip --snapshot testfixture_behav xil_defaultlib.testfixture xil_defaultlib.glbl -log elaborate.log 
Using 2 slave threads.
Starting static elaboration
Completed static elaboration
Starting simulation data flow analysis
WARNING: [XSIM 43-4099] "C:/Users/USER/Desktop/git/SME_parallel/src/SME.v" Line 3. Module SME doesn't have a timescale but at least one module in design has a timescale.
WARNING: [XSIM 43-4099] "C:/Users/USER/Desktop/git/SME_parallel/src/shared_memory.v" Line 8. Module shared_memory doesn't have a timescale but at least one module in design has a timescale.
WARNING: [XSIM 43-4099] "C:/Users/USER/Desktop/git/SME_parallel/src/DP_FailFunc.v" Line 4. Module DP_FailFunc doesn't have a timescale but at least one module in design has a timescale.
WARNING: [XSIM 43-4099] "C:/Users/USER/Desktop/git/SME_parallel/src/PE_slave.v" Line 8. Module pe_slave doesn't have a timescale but at least one module in design has a timescale.
Completed simulation data flow analysis
Time Resolution for simulation is 1ps
Compiling package xil_defaultlib.$unit_sme_tb_term_sv
Compiling module xil_defaultlib.DP_FailFunc
Compiling module xil_defaultlib.shared_memory
Compiling module xil_defaultlib.pe_slave
Compiling module xil_defaultlib.SME
Compiling module xil_defaultlib.testfixture
Compiling module xil_defaultlib.glbl
Built simulation snapshot testfixture_behav
INFO: [USF-XSim-69] 'elaborate' step finished in '2' seconds
INFO: [USF-XSim-4] XSim::Simulate design
INFO: [USF-XSim-61] Executing 'SIMULATE' step in 'C:/Users/USER/Desktop/git/SME_parallel/vivado_project/SME_parallel.sim/sim_1/behav/xsim'
INFO: [USF-XSim-98] *** Running xsim
   with args "testfixture_behav -key {Behavioral:sim_1:Functional:testfixture} -tclbatch {testfixture.tcl} -log {simulate.log}"
INFO: [USF-XSim-8] Loading simulator feature
Vivado Simulator 2019.1
Time resolution is 1 ps
source testfixture.tcl
# set curr_wave [current_wave_config]
# if { [string length $curr_wave] == 0 } {
#   if { [llength [get_objects]] > 0} {
#     add_wave /
#     set_property needs_save false [current_wave_config]
#   } else {
#      send_msg_id Add_Wave-1 WARNING "No top level signals found. Simulator will start without a wave window. If you want to open a wave window go to 'File->New Waveform Configuration' or type 'create_wave_config' in the TCL console."
#   }
# }
WARNING: Simulation object /testfixture/data was not traceable in the design for the following reason:
Vivado Simulator does not support tracing of System Verilog Dynamic Type object.
WARNING: Simulation object /testfixture/strnum was not traceable in the design for the following reason:
Vivado Simulator does not support tracing of System Verilog Dynamic Type object.
WARNING: Simulation object /testfixture/patnum was not traceable in the design for the following reason:
Vivado Simulator does not support tracing of System Verilog Dynamic Type object.
WARNING: Simulation object /testfixture/strdata was not traceable in the design for the following reason:
Vivado Simulator does not support tracing of System Verilog Dynamic Type object.
WARNING: Simulation object /testfixture/goldmatch_s was not traceable in the design for the following reason:
Vivado Simulator does not support tracing of System Verilog Dynamic Type object.
WARNING: Simulation object /testfixture/goldmatch_index_s was not traceable in the design for the following reason:
Vivado Simulator does not support tracing of System Verilog Dynamic Type object.
# run 1000ns
----------------------
-- Simulation Start --
----------------------
  __________________________________________________________
  == String 1  "abcdijk lmnop q rstuv"
  -- Pattern 1  "12341231"
INFO: [USF-XSim-96] XSim completed. Design snapshot 'testfixture_behav' loaded.
INFO: [USF-XSim-97] XSim simulation ran for 1000ns
launch_simulation: Time (s): cpu = 00:00:08 ; elapsed = 00:00:07 . Memory (MB): peak = 877.059 ; gain = 47.621
relaunch_sim
INFO: [Vivado 12-5682] Launching behavioral simulation in 'C:/Users/USER/Desktop/git/SME_parallel/vivado_project/SME_parallel.sim/sim_1/behav/xsim'
INFO: [SIM-utils-51] Simulation object is 'sim_1'
INFO: [SIM-utils-54] Inspecting design source files for 'testfixture' in fileset 'sim_1'...
INFO: [USF-XSim-97] Finding global include files...
INFO: [USF-XSim-98] Fetching design files from 'sim_1'...
INFO: [USF-XSim-2] XSim::Compile design
INFO: [USF-XSim-61] Executing 'COMPILE and ANALYZE' step in 'C:/Users/USER/Desktop/git/SME_parallel/vivado_project/SME_parallel.sim/sim_1/behav/xsim'
"xvlog --incr --relax -prj testfixture_vlog.prj"
INFO: [VRFC 10-2263] Analyzing Verilog file "C:/Users/USER/Desktop/git/SME_parallel/src/DP_FailFunc.v" into library xil_defaultlib
INFO: [VRFC 10-311] analyzing module DP_FailFunc
INFO: [VRFC 10-2263] Analyzing Verilog file "C:/Users/USER/Desktop/git/SME_parallel/src/PE_slave.v" into library xil_defaultlib
INFO: [VRFC 10-311] analyzing module pe_slave
INFO: [VRFC 10-2263] Analyzing Verilog file "C:/Users/USER/Desktop/git/SME_parallel/src/SME.v" into library xil_defaultlib
INFO: [VRFC 10-311] analyzing module SME
INFO: [VRFC 10-2263] Analyzing Verilog file "C:/Users/USER/Desktop/git/SME_parallel/src/shared_memory.v" into library xil_defaultlib
INFO: [VRFC 10-311] analyzing module shared_memory
INFO: [USF-XSim-69] 'compile' step finished in '1' seconds
INFO: [Vivado 12-5682] Launching behavioral simulation in 'C:/Users/USER/Desktop/git/SME_parallel/vivado_project/SME_parallel.sim/sim_1/behav/xsim'
INFO: [USF-XSim-3] XSim::Elaborate design
INFO: [USF-XSim-61] Executing 'ELABORATE' step in 'C:/Users/USER/Desktop/git/SME_parallel/vivado_project/SME_parallel.sim/sim_1/behav/xsim'
"xelab -wto 662c8cd79d1949a7937d4aea3a663f0b --incr --debug typical --relax --mt 2 -L xil_defaultlib -L unisims_ver -L unimacro_ver -L secureip --snapshot testfixture_behav xil_defaultlib.testfixture xil_defaultlib.glbl -log elaborate.log"
Vivado Simulator 2019.1
Copyright 1986-1999, 2001-2019 Xilinx, Inc. All Rights Reserved.
Running: E:/vivado/Vivado/2019.1/bin/unwrapped/win64.o/xelab.exe -wto 662c8cd79d1949a7937d4aea3a663f0b --incr --debug typical --relax --mt 2 -L xil_defaultlib -L unisims_ver -L unimacro_ver -L secureip --snapshot testfixture_behav xil_defaultlib.testfixture xil_defaultlib.glbl -log elaborate.log 
Using 2 slave threads.
Starting static elaboration
Completed static elaboration
Starting simulation data flow analysis
WARNING: [XSIM 43-4099] "C:/Users/USER/Desktop/git/SME_parallel/src/SME.v" Line 3. Module SME doesn't have a timescale but at least one module in design has a timescale.
WARNING: [XSIM 43-4099] "C:/Users/USER/Desktop/git/SME_parallel/src/shared_memory.v" Line 3. Module shared_memory doesn't have a timescale but at least one module in design has a timescale.
WARNING: [XSIM 43-4099] "C:/Users/USER/Desktop/git/SME_parallel/src/DP_FailFunc.v" Line 3. Module DP_FailFunc doesn't have a timescale but at least one module in design has a timescale.
WARNING: [XSIM 43-4099] "C:/Users/USER/Desktop/git/SME_parallel/src/PE_slave.v" Line 3. Module pe_slave doesn't have a timescale but at least one module in design has a timescale.
Completed simulation data flow analysis
Time Resolution for simulation is 1ps
Compiling package xil_defaultlib.$unit_sme_tb_term_sv
Compiling module xil_defaultlib.DP_FailFunc
Compiling module xil_defaultlib.shared_memory
Compiling module xil_defaultlib.pe_slave
Compiling module xil_defaultlib.SME
Compiling module xil_defaultlib.testfixture
Compiling module xil_defaultlib.glbl
Built simulation snapshot testfixture_behav
INFO: [USF-XSim-69] 'elaborate' step finished in '2' seconds
Vivado Simulator 2019.1
Time resolution is 1 ps
----------------------
-- Simulation Start --
----------------------
  __________________________________________________________
  == String 1  "abcdijk lmnop q rstuv"
  -- Pattern 1  "12341231"
relaunch_sim: Time (s): cpu = 00:00:03 ; elapsed = 00:00:06 . Memory (MB): peak = 877.059 ; gain = 0.000
close_sim
INFO: [Simtcl 6-16] Simulation closed
exit
INFO: [Common 17-206] Exiting Vivado at Sat Dec  5 21:16:45 2020...
