#-----------------------------------------------------------
# Vivado v2019.1 (64-bit)
# SW Build 2552052 on Fri May 24 14:49:42 MDT 2019
# IP Build 2548770 on Fri May 24 18:01:18 MDT 2019
# Start of session at: Sat Dec  5 21:16:59 2020
# Process ID: 6680
# Current directory: C:/Users/USER/Desktop/git/SME_parallel/vivado_project
# Command line: vivado.exe -gui_launcher_event rodinguilauncherevent18968 C:\Users\USER\Desktop\git\SME_parallel\vivado_project\SME_parallel.xpr
# Log file: C:/Users/USER/Desktop/git/SME_parallel/vivado_project/vivado.log
# Journal file: C:/Users/USER/Desktop/git/SME_parallel/vivado_project\vivado.jou
#-----------------------------------------------------------
start_gui
open_project C:/Users/USER/Desktop/git/SME_parallel/vivado_project/SME_parallel.xpr
Scanning sources...
Finished scanning sources
INFO: [IP_Flow 19-234] Refreshing IP repositories
INFO: [IP_Flow 19-1704] No user IP repositories specified
INFO: [IP_Flow 19-2313] Loaded Vivado IP repository 'E:/vivado/Vivado/2019.1/data/ip'.
open_project: Time (s): cpu = 00:00:10 ; elapsed = 00:00:05 . Memory (MB): peak = 797.625 ; gain = 144.305
update_compile_order -fileset sources_1
exit
INFO: [Common 17-206] Exiting Vivado at Sat Dec  5 21:19:03 2020...
