#-----------------------------------------------------------
# Vivado v2019.1 (64-bit)
# SW Build 2552052 on Fri May 24 14:49:42 MDT 2019
# IP Build 2548770 on Fri May 24 18:01:18 MDT 2019
# Start of session at: Sat Dec  5 18:08:14 2020
# Process ID: 14756
# Current directory: C:/Users/USER/Desktop/git/SME_parallel/vivado_project
# Command line: vivado.exe -gui_launcher_event rodinguilauncherevent12696 C:\Users\USER\Desktop\git\SME_parallel\vivado_project\SME_parallel.xpr
# Log file: C:/Users/USER/Desktop/git/SME_parallel/vivado_project/vivado.log
# Journal file: C:/Users/USER/Desktop/git/SME_parallel/vivado_project\vivado.jou
#-----------------------------------------------------------
start_gui
open_project C:/Users/USER/Desktop/git/SME_parallel/vivado_project/SME_parallel.xpr
INFO: [Project 1-313] Project file moved from 'C:/Users/Alan/Desktop/git/SME_parallel/vivado_project' since last save.
Scanning sources...
Finished scanning sources
INFO: [IP_Flow 19-234] Refreshing IP repositories
INFO: [IP_Flow 19-1704] No user IP repositories specified
INFO: [IP_Flow 19-2313] Loaded Vivado IP repository 'E:/vivado/Vivado/2019.1/data/ip'.
open_project: Time (s): cpu = 00:00:11 ; elapsed = 00:00:06 . Memory (MB): peak = 816.727 ; gain = 192.895
update_compile_order -fileset sources_1
add_files -norecurse C:/Users/USER/Desktop/git/SME_parallel/src/DP_FailFunc.v
update_compile_order -fileset sources_1
launch_simulation
INFO: [Vivado 12-5682] Launching behavioral simulation in 'C:/Users/USER/Desktop/git/SME_parallel/vivado_project/SME_parallel.sim/sim_1/behav/xsim'
INFO: [SIM-utils-51] Simulation object is 'sim_1'
INFO: [SIM-utils-54] Inspecting design source files for 'testfixture' in fileset 'sim_1'...
INFO: [USF-XSim-97] Finding global include files...
INFO: [USF-XSim-98] Fetching design files from 'sim_1'...
INFO: [USF-XSim-2] XSim::Compile design
INFO: [USF-XSim-61] Executing 'COMPILE and ANALYZE' step in 'C:/Users/USER/Desktop/git/SME_parallel/vivado_project/SME_parallel.sim/sim_1/behav/xsim'
"xvlog --incr --relax -prj testfixture_vlog.prj"
INFO: [VRFC 10-2263] Analyzing Verilog file "C:/Users/USER/Desktop/git/SME_parallel/src/DP_FailFunc.v" into library xil_defaultlib
INFO: [VRFC 10-311] analyzing module DP_FailFunc
ERROR: [VRFC 10-2989] 'DONE' is not declared [C:/Users/USER/Desktop/git/SME_parallel/src/DP_FailFunc.v:47]
ERROR: [VRFC 10-2989] 'MAX_PAT_ADD' is not declared [C:/Users/USER/Desktop/git/SME_parallel/src/DP_FailFunc.v:86]
ERROR: [VRFC 10-3186] cannot index into non-array type wire for 'pattern' [C:/Users/USER/Desktop/git/SME_parallel/src/DP_FailFunc.v:86]
ERROR: [VRFC 10-2989] 'MAX_PAT_ADD' is not declared [C:/Users/USER/Desktop/git/SME_parallel/src/DP_FailFunc.v:88]
ERROR: [VRFC 10-2989] 'MAX_PAT_ADD' is not declared [C:/Users/USER/Desktop/git/SME_parallel/src/DP_FailFunc.v:94]
ERROR: [VRFC 10-2865] module 'DP_FailFunc' ignored due to previous errors [C:/Users/USER/Desktop/git/SME_parallel/src/DP_FailFunc.v:9]
INFO: [USF-XSim-69] 'compile' step finished in '2' seconds
INFO: [USF-XSim-99] Step results log file:'C:/Users/USER/Desktop/git/SME_parallel/vivado_project/SME_parallel.sim/sim_1/behav/xsim/xvlog.log'
ERROR: [USF-XSim-62] 'compile' step failed with error(s). Please check the Tcl console output or 'C:/Users/USER/Desktop/git/SME_parallel/vivado_project/SME_parallel.sim/sim_1/behav/xsim/xvlog.log' file for more information.
ERROR: [Vivado 12-4473] Detected error while running simulation. Please correct the issue and retry this operation.
ERROR: [Common 17-39] 'launch_simulation' failed due to earlier errors.
launch_simulation
INFO: [Vivado 12-5682] Launching behavioral simulation in 'C:/Users/USER/Desktop/git/SME_parallel/vivado_project/SME_parallel.sim/sim_1/behav/xsim'
INFO: [SIM-utils-51] Simulation object is 'sim_1'
INFO: [SIM-utils-54] Inspecting design source files for 'testfixture' in fileset 'sim_1'...
INFO: [USF-XSim-97] Finding global include files...
INFO: [USF-XSim-98] Fetching design files from 'sim_1'...
INFO: [USF-XSim-2] XSim::Compile design
INFO: [USF-XSim-61] Executing 'COMPILE and ANALYZE' step in 'C:/Users/USER/Desktop/git/SME_parallel/vivado_project/SME_parallel.sim/sim_1/behav/xsim'
"xvlog --incr --relax -prj testfixture_vlog.prj"
INFO: [VRFC 10-2263] Analyzing Verilog file "C:/Users/USER/Desktop/git/SME_parallel/src/DP_FailFunc.v" into library xil_defaultlib
INFO: [VRFC 10-311] analyzing module DP_FailFunc
ERROR: [VRFC 10-2989] 'MAX_PAT_ADD' is not declared [C:/Users/USER/Desktop/git/SME_parallel/src/DP_FailFunc.v:86]
ERROR: [VRFC 10-3186] cannot index into non-array type wire for 'pattern' [C:/Users/USER/Desktop/git/SME_parallel/src/DP_FailFunc.v:86]
ERROR: [VRFC 10-2989] 'MAX_PAT_ADD' is not declared [C:/Users/USER/Desktop/git/SME_parallel/src/DP_FailFunc.v:88]
ERROR: [VRFC 10-2989] 'MAX_PAT_ADD' is not declared [C:/Users/USER/Desktop/git/SME_parallel/src/DP_FailFunc.v:94]
ERROR: [VRFC 10-2865] module 'DP_FailFunc' ignored due to previous errors [C:/Users/USER/Desktop/git/SME_parallel/src/DP_FailFunc.v:9]
INFO: [USF-XSim-69] 'compile' step finished in '1' seconds
INFO: [USF-XSim-99] Step results log file:'C:/Users/USER/Desktop/git/SME_parallel/vivado_project/SME_parallel.sim/sim_1/behav/xsim/xvlog.log'
ERROR: [USF-XSim-62] 'compile' step failed with error(s). Please check the Tcl console output or 'C:/Users/USER/Desktop/git/SME_parallel/vivado_project/SME_parallel.sim/sim_1/behav/xsim/xvlog.log' file for more information.
ERROR: [Vivado 12-4473] Detected error while running simulation. Please correct the issue and retry this operation.
ERROR: [Common 17-39] 'launch_simulation' failed due to earlier errors.
launch_simulation
INFO: [Vivado 12-5682] Launching behavioral simulation in 'C:/Users/USER/Desktop/git/SME_parallel/vivado_project/SME_parallel.sim/sim_1/behav/xsim'
INFO: [SIM-utils-51] Simulation object is 'sim_1'
INFO: [SIM-utils-54] Inspecting design source files for 'testfixture' in fileset 'sim_1'...
INFO: [USF-XSim-97] Finding global include files...
INFO: [USF-XSim-98] Fetching design files from 'sim_1'...
INFO: [USF-XSim-2] XSim::Compile design
INFO: [USF-XSim-61] Executing 'COMPILE and ANALYZE' step in 'C:/Users/USER/Desktop/git/SME_parallel/vivado_project/SME_parallel.sim/sim_1/behav/xsim'
"xvlog --incr --relax -prj testfixture_vlog.prj"
INFO: [VRFC 10-2263] Analyzing Verilog file "C:/Users/USER/Desktop/git/SME_parallel/src/DP_FailFunc.v" into library xil_defaultlib
INFO: [VRFC 10-311] analyzing module DP_FailFunc
ERROR: [VRFC 10-3186] cannot index into non-array type wire for 'pattern' [C:/Users/USER/Desktop/git/SME_parallel/src/DP_FailFunc.v:86]
ERROR: [VRFC 10-2865] module 'DP_FailFunc' ignored due to previous errors [C:/Users/USER/Desktop/git/SME_parallel/src/DP_FailFunc.v:9]
INFO: [USF-XSim-69] 'compile' step finished in '1' seconds
INFO: [USF-XSim-99] Step results log file:'C:/Users/USER/Desktop/git/SME_parallel/vivado_project/SME_parallel.sim/sim_1/behav/xsim/xvlog.log'
ERROR: [USF-XSim-62] 'compile' step failed with error(s). Please check the Tcl console output or 'C:/Users/USER/Desktop/git/SME_parallel/vivado_project/SME_parallel.sim/sim_1/behav/xsim/xvlog.log' file for more information.
ERROR: [Vivado 12-4473] Detected error while running simulation. Please correct the issue and retry this operation.
ERROR: [Common 17-39] 'launch_simulation' failed due to earlier errors.
launch_simulation
INFO: [Vivado 12-5682] Launching behavioral simulation in 'C:/Users/USER/Desktop/git/SME_parallel/vivado_project/SME_parallel.sim/sim_1/behav/xsim'
INFO: [SIM-utils-51] Simulation object is 'sim_1'
INFO: [SIM-utils-54] Inspecting design source files for 'testfixture' in fileset 'sim_1'...
INFO: [USF-XSim-97] Finding global include files...
INFO: [USF-XSim-98] Fetching design files from 'sim_1'...
INFO: [USF-XSim-2] XSim::Compile design
INFO: [USF-XSim-61] Executing 'COMPILE and ANALYZE' step in 'C:/Users/USER/Desktop/git/SME_parallel/vivado_project/SME_parallel.sim/sim_1/behav/xsim'
"xvlog --incr --relax -prj testfixture_vlog.prj"
INFO: [VRFC 10-2263] Analyzing Verilog file "C:/Users/USER/Desktop/git/SME_parallel/src/DP_FailFunc.v" into library xil_defaultlib
INFO: [VRFC 10-311] analyzing module DP_FailFunc
INFO: [VRFC 10-2263] Analyzing Verilog file "C:/Users/USER/Desktop/git/SME_parallel/src/PE_slave.v" into library xil_defaultlib
INFO: [VRFC 10-311] analyzing module pe_slave
ERROR: [VRFC 10-2989] 'currnet_st' is not declared [C:/Users/USER/Desktop/git/SME_parallel/src/PE_slave.v:43]
ERROR: [VRFC 10-2865] module 'pe_slave' ignored due to previous errors [C:/Users/USER/Desktop/git/SME_parallel/src/PE_slave.v:8]
INFO: [USF-XSim-69] 'compile' step finished in '1' seconds
INFO: [USF-XSim-99] Step results log file:'C:/Users/USER/Desktop/git/SME_parallel/vivado_project/SME_parallel.sim/sim_1/behav/xsim/xvlog.log'
ERROR: [USF-XSim-62] 'compile' step failed with error(s). Please check the Tcl console output or 'C:/Users/USER/Desktop/git/SME_parallel/vivado_project/SME_parallel.sim/sim_1/behav/xsim/xvlog.log' file for more information.
ERROR: [Vivado 12-4473] Detected error while running simulation. Please correct the issue and retry this operation.
ERROR: [Common 17-39] 'launch_simulation' failed due to earlier errors.
launch_simulation
INFO: [Vivado 12-5682] Launching behavioral simulation in 'C:/Users/USER/Desktop/git/SME_parallel/vivado_project/SME_parallel.sim/sim_1/behav/xsim'
INFO: [SIM-utils-51] Simulation object is 'sim_1'
INFO: [SIM-utils-54] Inspecting design source files for 'testfixture' in fileset 'sim_1'...
INFO: [USF-XSim-97] Finding global include files...
INFO: [USF-XSim-98] Fetching design files from 'sim_1'...
INFO: [USF-XSim-2] XSim::Compile design
INFO: [USF-XSim-61] Executing 'COMPILE and ANALYZE' step in 'C:/Users/USER/Desktop/git/SME_parallel/vivado_project/SME_parallel.sim/sim_1/behav/xsim'
"xvlog --incr --relax -prj testfixture_vlog.prj"
INFO: [VRFC 10-2263] Analyzing Verilog file "C:/Users/USER/Desktop/git/SME_parallel/src/DP_FailFunc.v" into library xil_defaultlib
INFO: [VRFC 10-311] analyzing module DP_FailFunc
INFO: [VRFC 10-2263] Analyzing Verilog file "C:/Users/USER/Desktop/git/SME_parallel/src/PE_slave.v" into library xil_defaultlib
INFO: [VRFC 10-311] analyzing module pe_slave
INFO: [VRFC 10-2263] Analyzing Verilog file "C:/Users/USER/Desktop/git/SME_parallel/src/SME.v" into library xil_defaultlib
INFO: [VRFC 10-311] analyzing module SME
INFO: [VRFC 10-2263] Analyzing Verilog file "C:/Users/USER/Desktop/git/SME_parallel/src/shared_memory.v" into library xil_defaultlib
INFO: [VRFC 10-311] analyzing module shared_memory
INFO: [VRFC 10-2263] Analyzing SystemVerilog file "C:/Users/USER/Desktop/git/SME_parallel/test_bench/sme_tb_term.sv" into library xil_defaultlib
INFO: [VRFC 10-311] analyzing module testfixture
INFO: [VRFC 10-2263] Analyzing Verilog file "C:/Users/USER/Desktop/git/SME_parallel/vivado_project/SME_parallel.sim/sim_1/behav/xsim/glbl.v" into library xil_defaultlib
INFO: [VRFC 10-311] analyzing module glbl
INFO: [USF-XSim-69] 'compile' step finished in '2' seconds
INFO: [USF-XSim-3] XSim::Elaborate design
INFO: [USF-XSim-61] Executing 'ELABORATE' step in 'C:/Users/USER/Desktop/git/SME_parallel/vivado_project/SME_parallel.sim/sim_1/behav/xsim'
"xelab -wto 662c8cd79d1949a7937d4aea3a663f0b --incr --debug typical --relax --mt 2 -L xil_defaultlib -L unisims_ver -L unimacro_ver -L secureip --snapshot testfixture_behav xil_defaultlib.testfixture xil_defaultlib.glbl -log elaborate.log"
Vivado Simulator 2019.1
Copyright 1986-1999, 2001-2019 Xilinx, Inc. All Rights Reserved.
Running: E:/vivado/Vivado/2019.1/bin/unwrapped/win64.o/xelab.exe -wto 662c8cd79d1949a7937d4aea3a663f0b --incr --debug typical --relax --mt 2 -L xil_defaultlib -L unisims_ver -L unimacro_ver -L secureip --snapshot testfixture_behav xil_defaultlib.testfixture xil_defaultlib.glbl -log elaborate.log 
Using 2 slave threads.
Starting static elaboration
WARNING: [VRFC 10-3091] actual bit length 6 differs from formal bit length 5 for port 'str_last_idx' [C:/Users/USER/Desktop/git/SME_parallel/src/SME.v:30]
WARNING: [VRFC 10-3091] actual bit length 4 differs from formal bit length 3 for port 'pat_last_idx' [C:/Users/USER/Desktop/git/SME_parallel/src/SME.v:31]
WARNING: [VRFC 10-3091] actual bit length 3 differs from formal bit length 64 for port 'pattern' [C:/Users/USER/Desktop/git/SME_parallel/src/shared_memory.v:37]
WARNING: [VRFC 10-3091] actual bit length 32 differs from formal bit length 5 for port 'start_idx' [C:/Users/USER/Desktop/git/SME_parallel/src/SME.v:43]
WARNING: [VRFC 10-3091] actual bit length 6 differs from formal bit length 5 for port 'process_2idx' [C:/Users/USER/Desktop/git/SME_parallel/src/SME.v:44]
WARNING: [VRFC 10-3091] actual bit length 6 differs from formal bit length 5 for port 'match_idx' [C:/Users/USER/Desktop/git/SME_parallel/src/SME.v:48]
ERROR: [VRFC 10-3236] concurrent assignment to a non-net 'ff_result' is not permitted [C:/Users/USER/Desktop/git/SME_parallel/src/shared_memory.v:37]
ERROR: [XSIM 43-3322] Static elaboration of top level Verilog design unit(s) in library work failed.
INFO: [USF-XSim-69] 'elaborate' step finished in '1' seconds
INFO: [USF-XSim-99] Step results log file:'C:/Users/USER/Desktop/git/SME_parallel/vivado_project/SME_parallel.sim/sim_1/behav/xsim/elaborate.log'
ERROR: [USF-XSim-62] 'elaborate' step failed with error(s). Please check the Tcl console output or 'C:/Users/USER/Desktop/git/SME_parallel/vivado_project/SME_parallel.sim/sim_1/behav/xsim/elaborate.log' file for more information.
ERROR: [Vivado 12-4473] Detected error while running simulation. Please correct the issue and retry this operation.
ERROR: [Common 17-39] 'launch_simulation' failed due to earlier errors.
launch_simulation
INFO: [Vivado 12-5682] Launching behavioral simulation in 'C:/Users/USER/Desktop/git/SME_parallel/vivado_project/SME_parallel.sim/sim_1/behav/xsim'
INFO: [SIM-utils-51] Simulation object is 'sim_1'
INFO: [SIM-utils-54] Inspecting design source files for 'testfixture' in fileset 'sim_1'...
INFO: [USF-XSim-97] Finding global include files...
INFO: [USF-XSim-98] Fetching design files from 'sim_1'...
INFO: [USF-XSim-2] XSim::Compile design
INFO: [USF-XSim-61] Executing 'COMPILE and ANALYZE' step in 'C:/Users/USER/Desktop/git/SME_parallel/vivado_project/SME_parallel.sim/sim_1/behav/xsim'
"xvlog --incr --relax -prj testfixture_vlog.prj"
INFO: [VRFC 10-2263] Analyzing Verilog file "C:/Users/USER/Desktop/git/SME_parallel/src/DP_FailFunc.v" into library xil_defaultlib
INFO: [VRFC 10-311] analyzing module DP_FailFunc
INFO: [VRFC 10-2263] Analyzing Verilog file "C:/Users/USER/Desktop/git/SME_parallel/src/PE_slave.v" into library xil_defaultlib
INFO: [VRFC 10-311] analyzing module pe_slave
INFO: [VRFC 10-2263] Analyzing Verilog file "C:/Users/USER/Desktop/git/SME_parallel/src/SME.v" into library xil_defaultlib
INFO: [VRFC 10-311] analyzing module SME
INFO: [VRFC 10-2263] Analyzing Verilog file "C:/Users/USER/Desktop/git/SME_parallel/src/shared_memory.v" into library xil_defaultlib
INFO: [VRFC 10-311] analyzing module shared_memory
INFO: [USF-XSim-69] 'compile' step finished in '2' seconds
INFO: [USF-XSim-3] XSim::Elaborate design
INFO: [USF-XSim-61] Executing 'ELABORATE' step in 'C:/Users/USER/Desktop/git/SME_parallel/vivado_project/SME_parallel.sim/sim_1/behav/xsim'
"xelab -wto 662c8cd79d1949a7937d4aea3a663f0b --incr --debug typical --relax --mt 2 -L xil_defaultlib -L unisims_ver -L unimacro_ver -L secureip --snapshot testfixture_behav xil_defaultlib.testfixture xil_defaultlib.glbl -log elaborate.log"
Vivado Simulator 2019.1
Copyright 1986-1999, 2001-2019 Xilinx, Inc. All Rights Reserved.
Running: E:/vivado/Vivado/2019.1/bin/unwrapped/win64.o/xelab.exe -wto 662c8cd79d1949a7937d4aea3a663f0b --incr --debug typical --relax --mt 2 -L xil_defaultlib -L unisims_ver -L unimacro_ver -L secureip --snapshot testfixture_behav xil_defaultlib.testfixture xil_defaultlib.glbl -log elaborate.log 
Using 2 slave threads.
Starting static elaboration
WARNING: [VRFC 10-3091] actual bit length 3 differs from formal bit length 64 for port 'pattern' [C:/Users/USER/Desktop/git/SME_parallel/src/shared_memory.v:37]
WARNING: [VRFC 10-3091] actual bit length 32 differs from formal bit length 5 for port 'start_idx' [C:/Users/USER/Desktop/git/SME_parallel/src/SME.v:43]
WARNING: [VRFC 10-3091] actual bit length 6 differs from formal bit length 5 for port 'match_idx' [C:/Users/USER/Desktop/git/SME_parallel/src/SME.v:48]
ERROR: [VRFC 10-3236] concurrent assignment to a non-net 'ff_result' is not permitted [C:/Users/USER/Desktop/git/SME_parallel/src/shared_memory.v:37]
ERROR: [XSIM 43-3322] Static elaboration of top level Verilog design unit(s) in library work failed.
INFO: [USF-XSim-69] 'elaborate' step finished in '1' seconds
INFO: [USF-XSim-99] Step results log file:'C:/Users/USER/Desktop/git/SME_parallel/vivado_project/SME_parallel.sim/sim_1/behav/xsim/elaborate.log'
ERROR: [USF-XSim-62] 'elaborate' step failed with error(s). Please check the Tcl console output or 'C:/Users/USER/Desktop/git/SME_parallel/vivado_project/SME_parallel.sim/sim_1/behav/xsim/elaborate.log' file for more information.
ERROR: [Vivado 12-4473] Detected error while running simulation. Please correct the issue and retry this operation.
ERROR: [Common 17-39] 'launch_simulation' failed due to earlier errors.
launch_simulation
INFO: [Vivado 12-5682] Launching behavioral simulation in 'C:/Users/USER/Desktop/git/SME_parallel/vivado_project/SME_parallel.sim/sim_1/behav/xsim'
INFO: [SIM-utils-51] Simulation object is 'sim_1'
INFO: [SIM-utils-54] Inspecting design source files for 'testfixture' in fileset 'sim_1'...
INFO: [USF-XSim-97] Finding global include files...
INFO: [USF-XSim-98] Fetching design files from 'sim_1'...
INFO: [USF-XSim-2] XSim::Compile design
INFO: [USF-XSim-61] Executing 'COMPILE and ANALYZE' step in 'C:/Users/USER/Desktop/git/SME_parallel/vivado_project/SME_parallel.sim/sim_1/behav/xsim'
"xvlog --incr --relax -prj testfixture_vlog.prj"
INFO: [VRFC 10-2263] Analyzing Verilog file "C:/Users/USER/Desktop/git/SME_parallel/src/DP_FailFunc.v" into library xil_defaultlib
INFO: [VRFC 10-311] analyzing module DP_FailFunc
INFO: [VRFC 10-2263] Analyzing Verilog file "C:/Users/USER/Desktop/git/SME_parallel/src/PE_slave.v" into library xil_defaultlib
INFO: [VRFC 10-311] analyzing module pe_slave
INFO: [VRFC 10-2263] Analyzing Verilog file "C:/Users/USER/Desktop/git/SME_parallel/src/SME.v" into library xil_defaultlib
INFO: [VRFC 10-311] analyzing module SME
INFO: [VRFC 10-2263] Analyzing Verilog file "C:/Users/USER/Desktop/git/SME_parallel/src/shared_memory.v" into library xil_defaultlib
INFO: [VRFC 10-311] analyzing module shared_memory
INFO: [USF-XSim-69] 'compile' step finished in '2' seconds
INFO: [USF-XSim-3] XSim::Elaborate design
INFO: [USF-XSim-61] Executing 'ELABORATE' step in 'C:/Users/USER/Desktop/git/SME_parallel/vivado_project/SME_parallel.sim/sim_1/behav/xsim'
"xelab -wto 662c8cd79d1949a7937d4aea3a663f0b --incr --debug typical --relax --mt 2 -L xil_defaultlib -L unisims_ver -L unimacro_ver -L secureip --snapshot testfixture_behav xil_defaultlib.testfixture xil_defaultlib.glbl -log elaborate.log"
Vivado Simulator 2019.1
Copyright 1986-1999, 2001-2019 Xilinx, Inc. All Rights Reserved.
Running: E:/vivado/Vivado/2019.1/bin/unwrapped/win64.o/xelab.exe -wto 662c8cd79d1949a7937d4aea3a663f0b --incr --debug typical --relax --mt 2 -L xil_defaultlib -L unisims_ver -L unimacro_ver -L secureip --snapshot testfixture_behav xil_defaultlib.testfixture xil_defaultlib.glbl -log elaborate.log 
Using 2 slave threads.
Starting static elaboration
WARNING: [VRFC 10-3091] actual bit length 3 differs from formal bit length 64 for port 'pattern' [C:/Users/USER/Desktop/git/SME_parallel/src/shared_memory.v:37]
WARNING: [VRFC 10-3091] actual bit length 32 differs from formal bit length 5 for port 'start_idx' [C:/Users/USER/Desktop/git/SME_parallel/src/SME.v:50]
WARNING: [VRFC 10-3091] actual bit length 6 differs from formal bit length 5 for port 'match_idx' [C:/Users/USER/Desktop/git/SME_parallel/src/SME.v:55]
ERROR: [VRFC 10-3236] concurrent assignment to a non-net 'ff_result' is not permitted [C:/Users/USER/Desktop/git/SME_parallel/src/shared_memory.v:37]
ERROR: [XSIM 43-3322] Static elaboration of top level Verilog design unit(s) in library work failed.
INFO: [USF-XSim-69] 'elaborate' step finished in '1' seconds
INFO: [USF-XSim-99] Step results log file:'C:/Users/USER/Desktop/git/SME_parallel/vivado_project/SME_parallel.sim/sim_1/behav/xsim/elaborate.log'
ERROR: [USF-XSim-62] 'elaborate' step failed with error(s). Please check the Tcl console output or 'C:/Users/USER/Desktop/git/SME_parallel/vivado_project/SME_parallel.sim/sim_1/behav/xsim/elaborate.log' file for more information.
ERROR: [Vivado 12-4473] Detected error while running simulation. Please correct the issue and retry this operation.
ERROR: [Common 17-39] 'launch_simulation' failed due to earlier errors.
launch_simulation
INFO: [Vivado 12-5682] Launching behavioral simulation in 'C:/Users/USER/Desktop/git/SME_parallel/vivado_project/SME_parallel.sim/sim_1/behav/xsim'
INFO: [SIM-utils-51] Simulation object is 'sim_1'
INFO: [SIM-utils-54] Inspecting design source files for 'testfixture' in fileset 'sim_1'...
INFO: [USF-XSim-97] Finding global include files...
INFO: [USF-XSim-98] Fetching design files from 'sim_1'...
INFO: [USF-XSim-2] XSim::Compile design
INFO: [USF-XSim-61] Executing 'COMPILE and ANALYZE' step in 'C:/Users/USER/Desktop/git/SME_parallel/vivado_project/SME_parallel.sim/sim_1/behav/xsim'
"xvlog --incr --relax -prj testfixture_vlog.prj"
INFO: [VRFC 10-2263] Analyzing Verilog file "C:/Users/USER/Desktop/git/SME_parallel/src/DP_FailFunc.v" into library xil_defaultlib
INFO: [VRFC 10-311] analyzing module DP_FailFunc
INFO: [VRFC 10-2263] Analyzing Verilog file "C:/Users/USER/Desktop/git/SME_parallel/src/PE_slave.v" into library xil_defaultlib
INFO: [VRFC 10-311] analyzing module pe_slave
INFO: [VRFC 10-2263] Analyzing Verilog file "C:/Users/USER/Desktop/git/SME_parallel/src/SME.v" into library xil_defaultlib
INFO: [VRFC 10-311] analyzing module SME
INFO: [VRFC 10-2263] Analyzing Verilog file "C:/Users/USER/Desktop/git/SME_parallel/src/shared_memory.v" into library xil_defaultlib
INFO: [VRFC 10-311] analyzing module shared_memory
INFO: [USF-XSim-69] 'compile' step finished in '1' seconds
INFO: [USF-XSim-3] XSim::Elaborate design
INFO: [USF-XSim-61] Executing 'ELABORATE' step in 'C:/Users/USER/Desktop/git/SME_parallel/vivado_project/SME_parallel.sim/sim_1/behav/xsim'
"xelab -wto 662c8cd79d1949a7937d4aea3a663f0b --incr --debug typical --relax --mt 2 -L xil_defaultlib -L unisims_ver -L unimacro_ver -L secureip --snapshot testfixture_behav xil_defaultlib.testfixture xil_defaultlib.glbl -log elaborate.log"
Vivado Simulator 2019.1
Copyright 1986-1999, 2001-2019 Xilinx, Inc. All Rights Reserved.
Running: E:/vivado/Vivado/2019.1/bin/unwrapped/win64.o/xelab.exe -wto 662c8cd79d1949a7937d4aea3a663f0b --incr --debug typical --relax --mt 2 -L xil_defaultlib -L unisims_ver -L unimacro_ver -L secureip --snapshot testfixture_behav xil_defaultlib.testfixture xil_defaultlib.glbl -log elaborate.log 
Using 2 slave threads.
Starting static elaboration
WARNING: [VRFC 10-3091] actual bit length 32 differs from formal bit length 5 for port 'start_idx' [C:/Users/USER/Desktop/git/SME_parallel/src/SME.v:50]
WARNING: [VRFC 10-3091] actual bit length 6 differs from formal bit length 5 for port 'match_idx' [C:/Users/USER/Desktop/git/SME_parallel/src/SME.v:55]
ERROR: [VRFC 10-3236] concurrent assignment to a non-net 'ff_result' is not permitted [C:/Users/USER/Desktop/git/SME_parallel/src/shared_memory.v:42]
ERROR: [XSIM 43-3322] Static elaboration of top level Verilog design unit(s) in library work failed.
INFO: [USF-XSim-69] 'elaborate' step finished in '1' seconds
INFO: [USF-XSim-99] Step results log file:'C:/Users/USER/Desktop/git/SME_parallel/vivado_project/SME_parallel.sim/sim_1/behav/xsim/elaborate.log'
ERROR: [USF-XSim-62] 'elaborate' step failed with error(s). Please check the Tcl console output or 'C:/Users/USER/Desktop/git/SME_parallel/vivado_project/SME_parallel.sim/sim_1/behav/xsim/elaborate.log' file for more information.
ERROR: [Vivado 12-4473] Detected error while running simulation. Please correct the issue and retry this operation.
ERROR: [Common 17-39] 'launch_simulation' failed due to earlier errors.
launch_simulation
INFO: [Vivado 12-5682] Launching behavioral simulation in 'C:/Users/USER/Desktop/git/SME_parallel/vivado_project/SME_parallel.sim/sim_1/behav/xsim'
INFO: [SIM-utils-51] Simulation object is 'sim_1'
INFO: [SIM-utils-54] Inspecting design source files for 'testfixture' in fileset 'sim_1'...
INFO: [USF-XSim-97] Finding global include files...
INFO: [USF-XSim-98] Fetching design files from 'sim_1'...
INFO: [USF-XSim-2] XSim::Compile design
INFO: [USF-XSim-61] Executing 'COMPILE and ANALYZE' step in 'C:/Users/USER/Desktop/git/SME_parallel/vivado_project/SME_parallel.sim/sim_1/behav/xsim'
"xvlog --incr --relax -prj testfixture_vlog.prj"
INFO: [VRFC 10-2263] Analyzing Verilog file "C:/Users/USER/Desktop/git/SME_parallel/src/DP_FailFunc.v" into library xil_defaultlib
INFO: [VRFC 10-311] analyzing module DP_FailFunc
INFO: [VRFC 10-2263] Analyzing Verilog file "C:/Users/USER/Desktop/git/SME_parallel/src/PE_slave.v" into library xil_defaultlib
INFO: [VRFC 10-311] analyzing module pe_slave
INFO: [VRFC 10-2263] Analyzing Verilog file "C:/Users/USER/Desktop/git/SME_parallel/src/SME.v" into library xil_defaultlib
INFO: [VRFC 10-311] analyzing module SME
INFO: [VRFC 10-2263] Analyzing Verilog file "C:/Users/USER/Desktop/git/SME_parallel/src/shared_memory.v" into library xil_defaultlib
INFO: [VRFC 10-311] analyzing module shared_memory
INFO: [USF-XSim-69] 'compile' step finished in '2' seconds
INFO: [USF-XSim-3] XSim::Elaborate design
INFO: [USF-XSim-61] Executing 'ELABORATE' step in 'C:/Users/USER/Desktop/git/SME_parallel/vivado_project/SME_parallel.sim/sim_1/behav/xsim'
"xelab -wto 662c8cd79d1949a7937d4aea3a663f0b --incr --debug typical --relax --mt 2 -L xil_defaultlib -L unisims_ver -L unimacro_ver -L secureip --snapshot testfixture_behav xil_defaultlib.testfixture xil_defaultlib.glbl -log elaborate.log"
Vivado Simulator 2019.1
Copyright 1986-1999, 2001-2019 Xilinx, Inc. All Rights Reserved.
Running: E:/vivado/Vivado/2019.1/bin/unwrapped/win64.o/xelab.exe -wto 662c8cd79d1949a7937d4aea3a663f0b --incr --debug typical --relax --mt 2 -L xil_defaultlib -L unisims_ver -L unimacro_ver -L secureip --snapshot testfixture_behav xil_defaultlib.testfixture xil_defaultlib.glbl -log elaborate.log 
Using 2 slave threads.
Starting static elaboration
WARNING: [VRFC 10-3091] actual bit length 32 differs from formal bit length 5 for port 'start_idx' [C:/Users/USER/Desktop/git/SME_parallel/src/SME.v:50]
WARNING: [VRFC 10-3091] actual bit length 6 differs from formal bit length 5 for port 'match_idx' [C:/Users/USER/Desktop/git/SME_parallel/src/SME.v:55]
Completed static elaboration
Starting simulation data flow analysis
WARNING: [XSIM 43-4099] "C:/Users/USER/Desktop/git/SME_parallel/src/SME.v" Line 8. Module SME doesn't have a timescale but at least one module in design has a timescale.
WARNING: [XSIM 43-4099] "C:/Users/USER/Desktop/git/SME_parallel/src/shared_memory.v" Line 8. Module shared_memory doesn't have a timescale but at least one module in design has a timescale.
WARNING: [XSIM 43-4099] "C:/Users/USER/Desktop/git/SME_parallel/src/DP_FailFunc.v" Line 9. Module DP_FailFunc doesn't have a timescale but at least one module in design has a timescale.
WARNING: [XSIM 43-4099] "C:/Users/USER/Desktop/git/SME_parallel/src/PE_slave.v" Line 8. Module pe_slave doesn't have a timescale but at least one module in design has a timescale.
Completed simulation data flow analysis
Time Resolution for simulation is 1ps
Compiling package xil_defaultlib.$unit_sme_tb_term_sv
Compiling module xil_defaultlib.DP_FailFunc
Compiling module xil_defaultlib.shared_memory
Compiling module xil_defaultlib.pe_slave
Compiling module xil_defaultlib.SME
Compiling module xil_defaultlib.testfixture
Compiling module xil_defaultlib.glbl
Built simulation snapshot testfixture_behav

****** Webtalk v2019.1 (64-bit)
  **** SW Build 2552052 on Fri May 24 14:49:42 MDT 2019
  **** IP Build 2548770 on Fri May 24 18:01:18 MDT 2019
    ** Copyright 1986-2019 Xilinx, Inc. All Rights Reserved.

source C:/Users/USER/Desktop/git/SME_parallel/vivado_project/SME_parallel.sim/sim_1/behav/xsim/xsim.dir/testfixture_behav/webtalk/xsim_webtalk.tcl -notrace
INFO: [Common 17-186] 'C:/Users/USER/Desktop/git/SME_parallel/vivado_project/SME_parallel.sim/sim_1/behav/xsim/xsim.dir/testfixture_behav/webtalk/usage_statistics_ext_xsim.xml' has been successfully sent to Xilinx on Sat Dec  5 18:20:09 2020. For additional details about this file, please refer to the WebTalk help file at E:/vivado/Vivado/2019.1/doc/webtalk_introduction.html.
INFO: [Common 17-206] Exiting Webtalk at Sat Dec  5 18:20:09 2020...
run_program: Time (s): cpu = 00:00:01 ; elapsed = 00:00:07 . Memory (MB): peak = 863.656 ; gain = 0.000
INFO: [USF-XSim-69] 'elaborate' step finished in '7' seconds
INFO: [USF-XSim-4] XSim::Simulate design
INFO: [USF-XSim-61] Executing 'SIMULATE' step in 'C:/Users/USER/Desktop/git/SME_parallel/vivado_project/SME_parallel.sim/sim_1/behav/xsim'
INFO: [USF-XSim-98] *** Running xsim
   with args "testfixture_behav -key {Behavioral:sim_1:Functional:testfixture} -tclbatch {testfixture.tcl} -log {simulate.log}"
INFO: [USF-XSim-8] Loading simulator feature
Vivado Simulator 2019.1
Time resolution is 1 ps
source testfixture.tcl
# set curr_wave [current_wave_config]
# if { [string length $curr_wave] == 0 } {
#   if { [llength [get_objects]] > 0} {
#     add_wave /
#     set_property needs_save false [current_wave_config]
#   } else {
#      send_msg_id Add_Wave-1 WARNING "No top level signals found. Simulator will start without a wave window. If you want to open a wave window go to 'File->New Waveform Configuration' or type 'create_wave_config' in the TCL console."
#   }
# }
WARNING: Simulation object /testfixture/data was not traceable in the design for the following reason:
Vivado Simulator does not support tracing of System Verilog Dynamic Type object.
WARNING: Simulation object /testfixture/strnum was not traceable in the design for the following reason:
Vivado Simulator does not support tracing of System Verilog Dynamic Type object.
WARNING: Simulation object /testfixture/patnum was not traceable in the design for the following reason:
Vivado Simulator does not support tracing of System Verilog Dynamic Type object.
WARNING: Simulation object /testfixture/strdata was not traceable in the design for the following reason:
Vivado Simulator does not support tracing of System Verilog Dynamic Type object.
WARNING: Simulation object /testfixture/goldmatch_s was not traceable in the design for the following reason:
Vivado Simulator does not support tracing of System Verilog Dynamic Type object.
WARNING: Simulation object /testfixture/goldmatch_index_s was not traceable in the design for the following reason:
Vivado Simulator does not support tracing of System Verilog Dynamic Type object.
# run 1000ns
----------------------
-- Simulation Start --
----------------------
  __________________________________________________________
  == String 1  "abcdijk lmnop q rstuv"
  -- Pattern 1  "1234"
INFO: [USF-XSim-96] XSim completed. Design snapshot 'testfixture_behav' loaded.
INFO: [USF-XSim-97] XSim simulation ran for 1000ns
launch_simulation: Time (s): cpu = 00:00:06 ; elapsed = 00:00:12 . Memory (MB): peak = 881.965 ; gain = 18.309
relaunch_sim
suspend_sim: Time (s): cpu = 00:00:00 ; elapsed = 00:00:06 . Memory (MB): peak = 881.965 ; gain = 0.000
INFO: [Vivado 12-5682] Launching behavioral simulation in 'C:/Users/USER/Desktop/git/SME_parallel/vivado_project/SME_parallel.sim/sim_1/behav/xsim'
INFO: [SIM-utils-51] Simulation object is 'sim_1'
INFO: [SIM-utils-54] Inspecting design source files for 'testfixture' in fileset 'sim_1'...
INFO: [USF-XSim-97] Finding global include files...
INFO: [USF-XSim-98] Fetching design files from 'sim_1'...
INFO: [USF-XSim-2] XSim::Compile design
INFO: [USF-XSim-61] Executing 'COMPILE and ANALYZE' step in 'C:/Users/USER/Desktop/git/SME_parallel/vivado_project/SME_parallel.sim/sim_1/behav/xsim'
"xvlog --incr --relax -prj testfixture_vlog.prj"
INFO: [VRFC 10-2263] Analyzing Verilog file "C:/Users/USER/Desktop/git/SME_parallel/src/DP_FailFunc.v" into library xil_defaultlib
INFO: [VRFC 10-311] analyzing module DP_FailFunc
INFO: [VRFC 10-2263] Analyzing Verilog file "C:/Users/USER/Desktop/git/SME_parallel/src/PE_slave.v" into library xil_defaultlib
INFO: [VRFC 10-311] analyzing module pe_slave
INFO: [VRFC 10-2263] Analyzing Verilog file "C:/Users/USER/Desktop/git/SME_parallel/src/SME.v" into library xil_defaultlib
INFO: [VRFC 10-311] analyzing module SME
INFO: [VRFC 10-2263] Analyzing Verilog file "C:/Users/USER/Desktop/git/SME_parallel/src/shared_memory.v" into library xil_defaultlib
INFO: [VRFC 10-311] analyzing module shared_memory
INFO: [USF-XSim-69] 'compile' step finished in '1' seconds
INFO: [Vivado 12-5682] Launching behavioral simulation in 'C:/Users/USER/Desktop/git/SME_parallel/vivado_project/SME_parallel.sim/sim_1/behav/xsim'
INFO: [USF-XSim-3] XSim::Elaborate design
INFO: [USF-XSim-61] Executing 'ELABORATE' step in 'C:/Users/USER/Desktop/git/SME_parallel/vivado_project/SME_parallel.sim/sim_1/behav/xsim'
"xelab -wto 662c8cd79d1949a7937d4aea3a663f0b --incr --debug typical --relax --mt 2 -L xil_defaultlib -L unisims_ver -L unimacro_ver -L secureip --snapshot testfixture_behav xil_defaultlib.testfixture xil_defaultlib.glbl -log elaborate.log"
Vivado Simulator 2019.1
Copyright 1986-1999, 2001-2019 Xilinx, Inc. All Rights Reserved.
Running: E:/vivado/Vivado/2019.1/bin/unwrapped/win64.o/xelab.exe -wto 662c8cd79d1949a7937d4aea3a663f0b --incr --debug typical --relax --mt 2 -L xil_defaultlib -L unisims_ver -L unimacro_ver -L secureip --snapshot testfixture_behav xil_defaultlib.testfixture xil_defaultlib.glbl -log elaborate.log 
Using 2 slave threads.
Starting static elaboration
WARNING: [VRFC 10-3091] actual bit length 32 differs from formal bit length 5 for port 'start_idx' [C:/Users/USER/Desktop/git/SME_parallel/src/SME.v:50]
WARNING: [VRFC 10-3091] actual bit length 6 differs from formal bit length 5 for port 'match_idx' [C:/Users/USER/Desktop/git/SME_parallel/src/SME.v:55]
Completed static elaboration
Starting simulation data flow analysis
WARNING: [XSIM 43-4099] "C:/Users/USER/Desktop/git/SME_parallel/src/SME.v" Line 8. Module SME doesn't have a timescale but at least one module in design has a timescale.
WARNING: [XSIM 43-4099] "C:/Users/USER/Desktop/git/SME_parallel/src/shared_memory.v" Line 8. Module shared_memory doesn't have a timescale but at least one module in design has a timescale.
WARNING: [XSIM 43-4099] "C:/Users/USER/Desktop/git/SME_parallel/src/DP_FailFunc.v" Line 9. Module DP_FailFunc doesn't have a timescale but at least one module in design has a timescale.
WARNING: [XSIM 43-4099] "C:/Users/USER/Desktop/git/SME_parallel/src/PE_slave.v" Line 1. Module pe_slave doesn't have a timescale but at least one module in design has a timescale.
Completed simulation data flow analysis
Time Resolution for simulation is 1ps
Compiling package xil_defaultlib.$unit_sme_tb_term_sv
Compiling module xil_defaultlib.DP_FailFunc
Compiling module xil_defaultlib.shared_memory
Compiling module xil_defaultlib.pe_slave
Compiling module xil_defaultlib.SME
Compiling module xil_defaultlib.testfixture
Compiling module xil_defaultlib.glbl
Built simulation snapshot testfixture_behav
INFO: [USF-XSim-69] 'elaborate' step finished in '2' seconds
Vivado Simulator 2019.1
Time resolution is 1 ps
----------------------
-- Simulation Start --
----------------------
  __________________________________________________________
  == String 1  "abcdijk lmnop q rstuv"
  -- Pattern 1  "1234"
relaunch_sim: Time (s): cpu = 00:00:01 ; elapsed = 00:00:11 . Memory (MB): peak = 881.965 ; gain = 0.000
relaunch_sim
INFO: [Vivado 12-5682] Launching behavioral simulation in 'C:/Users/USER/Desktop/git/SME_parallel/vivado_project/SME_parallel.sim/sim_1/behav/xsim'
INFO: [SIM-utils-51] Simulation object is 'sim_1'
INFO: [SIM-utils-54] Inspecting design source files for 'testfixture' in fileset 'sim_1'...
INFO: [USF-XSim-97] Finding global include files...
INFO: [USF-XSim-98] Fetching design files from 'sim_1'...
INFO: [USF-XSim-2] XSim::Compile design
INFO: [USF-XSim-61] Executing 'COMPILE and ANALYZE' step in 'C:/Users/USER/Desktop/git/SME_parallel/vivado_project/SME_parallel.sim/sim_1/behav/xsim'
"xvlog --incr --relax -prj testfixture_vlog.prj"
INFO: [VRFC 10-2263] Analyzing Verilog file "C:/Users/USER/Desktop/git/SME_parallel/src/DP_FailFunc.v" into library xil_defaultlib
INFO: [VRFC 10-311] analyzing module DP_FailFunc
ERROR: [VRFC 10-3805] use of undefined macro 'MAX_PATTERN' [C:/Users/USER/Desktop/git/SME_parallel/src/DP_FailFunc.v:5]
ERROR: [VRFC 10-4982] syntax error near '*' [C:/Users/USER/Desktop/git/SME_parallel/src/DP_FailFunc.v:5]
ERROR: [VRFC 10-3805] use of undefined macro 'MAX_PAT_ADD' [C:/Users/USER/Desktop/git/SME_parallel/src/DP_FailFunc.v:6]
ERROR: [VRFC 10-4982] syntax error near '*' [C:/Users/USER/Desktop/git/SME_parallel/src/DP_FailFunc.v:7]
ERROR: [VRFC 10-4982] syntax error near '*' [C:/Users/USER/Desktop/git/SME_parallel/src/DP_FailFunc.v:51]
WARNING: [VRFC 10-2096] empty statement in sequential block [C:/Users/USER/Desktop/git/SME_parallel/src/DP_FailFunc.v:48]
ERROR: [VRFC 10-4982] syntax error near '+:' [C:/Users/USER/Desktop/git/SME_parallel/src/DP_FailFunc.v:78]
ERROR: [VRFC 10-4982] syntax error near '+:' [C:/Users/USER/Desktop/git/SME_parallel/src/DP_FailFunc.v:80]
ERROR: [VRFC 10-552] declarations not allowed in unnamed block [C:/Users/USER/Desktop/git/SME_parallel/src/DP_FailFunc.v:79]
ERROR: [VRFC 10-4982] syntax error near 'else' [C:/Users/USER/Desktop/git/SME_parallel/src/DP_FailFunc.v:84]
ERROR: [VRFC 10-2790] Verilog 2000 keyword else used in incorrect context [C:/Users/USER/Desktop/git/SME_parallel/src/DP_FailFunc.v:84]
ERROR: [VRFC 10-4982] syntax error near '+:' [C:/Users/USER/Desktop/git/SME_parallel/src/DP_FailFunc.v:86]
ERROR: [VRFC 10-552] declarations not allowed in unnamed block [C:/Users/USER/Desktop/git/SME_parallel/src/DP_FailFunc.v:85]
ERROR: [VRFC 10-2989] 'pattern' is not declared [C:/Users/USER/Desktop/git/SME_parallel/src/DP_FailFunc.v:1]
ERROR: [VRFC 10-2939] 'pattern' is an unknown type [C:/Users/USER/Desktop/git/SME_parallel/src/DP_FailFunc.v:5]
ERROR: [VRFC 10-2939] 'o_fail_func' is an unknown type [C:/Users/USER/Desktop/git/SME_parallel/src/DP_FailFunc.v:7]
ERROR: [VRFC 10-2989] 'o_fail_func' is not declared [C:/Users/USER/Desktop/git/SME_parallel/src/DP_FailFunc.v:53]
ERROR: [VRFC 10-2989] 'o_fail_func' is not declared [C:/Users/USER/Desktop/git/SME_parallel/src/DP_FailFunc.v:73]
ERROR: [VRFC 10-2939] 'o_fail_func' is an unknown type [C:/Users/USER/Desktop/git/SME_parallel/src/DP_FailFunc.v:80]
ERROR: [VRFC 10-2939] 'o_fail_func' is an unknown type [C:/Users/USER/Desktop/git/SME_parallel/src/DP_FailFunc.v:86]
INFO: [#UNDEF] Sorry, too many errors..
INFO: [USF-XSim-69] 'compile' step finished in '1' seconds
INFO: [USF-XSim-99] Step results log file:'C:/Users/USER/Desktop/git/SME_parallel/vivado_project/SME_parallel.sim/sim_1/behav/xsim/xvlog.log'
ERROR: [USF-XSim-62] 'compile' step failed with error(s). Please check the Tcl console output or 'C:/Users/USER/Desktop/git/SME_parallel/vivado_project/SME_parallel.sim/sim_1/behav/xsim/xvlog.log' file for more information.
ERROR: [Vivado 12-4473] Detected error while running simulation. Please correct the issue and retry this operation.
ERROR: [Common 17-39] 'launch_simulation' failed due to earlier errors.
ERROR: [Common 17-69] Command failed: ERROR: [Common 17-39] 'launch_simulation' failed due to earlier errors.

relaunch_sim
INFO: [Vivado 12-5682] Launching behavioral simulation in 'C:/Users/USER/Desktop/git/SME_parallel/vivado_project/SME_parallel.sim/sim_1/behav/xsim'
INFO: [SIM-utils-51] Simulation object is 'sim_1'
INFO: [SIM-utils-54] Inspecting design source files for 'testfixture' in fileset 'sim_1'...
INFO: [USF-XSim-97] Finding global include files...
INFO: [USF-XSim-98] Fetching design files from 'sim_1'...
INFO: [USF-XSim-2] XSim::Compile design
INFO: [USF-XSim-61] Executing 'COMPILE and ANALYZE' step in 'C:/Users/USER/Desktop/git/SME_parallel/vivado_project/SME_parallel.sim/sim_1/behav/xsim'
"xvlog --incr --relax -prj testfixture_vlog.prj"
INFO: [VRFC 10-2263] Analyzing Verilog file "C:/Users/USER/Desktop/git/SME_parallel/src/DP_FailFunc.v" into library xil_defaultlib
INFO: [VRFC 10-311] analyzing module DP_FailFunc
INFO: [VRFC 10-2263] Analyzing Verilog file "C:/Users/USER/Desktop/git/SME_parallel/src/PE_slave.v" into library xil_defaultlib
INFO: [VRFC 10-311] analyzing module pe_slave
INFO: [VRFC 10-2263] Analyzing Verilog file "C:/Users/USER/Desktop/git/SME_parallel/src/SME.v" into library xil_defaultlib
INFO: [VRFC 10-311] analyzing module SME
INFO: [VRFC 10-2263] Analyzing Verilog file "C:/Users/USER/Desktop/git/SME_parallel/src/shared_memory.v" into library xil_defaultlib
INFO: [VRFC 10-311] analyzing module shared_memory
INFO: [USF-XSim-69] 'compile' step finished in '2' seconds
INFO: [Vivado 12-5682] Launching behavioral simulation in 'C:/Users/USER/Desktop/git/SME_parallel/vivado_project/SME_parallel.sim/sim_1/behav/xsim'
INFO: [USF-XSim-3] XSim::Elaborate design
INFO: [USF-XSim-61] Executing 'ELABORATE' step in 'C:/Users/USER/Desktop/git/SME_parallel/vivado_project/SME_parallel.sim/sim_1/behav/xsim'
"xelab -wto 662c8cd79d1949a7937d4aea3a663f0b --incr --debug typical --relax --mt 2 -L xil_defaultlib -L unisims_ver -L unimacro_ver -L secureip --snapshot testfixture_behav xil_defaultlib.testfixture xil_defaultlib.glbl -log elaborate.log"
Vivado Simulator 2019.1
Copyright 1986-1999, 2001-2019 Xilinx, Inc. All Rights Reserved.
Running: E:/vivado/Vivado/2019.1/bin/unwrapped/win64.o/xelab.exe -wto 662c8cd79d1949a7937d4aea3a663f0b --incr --debug typical --relax --mt 2 -L xil_defaultlib -L unisims_ver -L unimacro_ver -L secureip --snapshot testfixture_behav xil_defaultlib.testfixture xil_defaultlib.glbl -log elaborate.log 
Using 2 slave threads.
Starting static elaboration
WARNING: [VRFC 10-3091] actual bit length 32 differs from formal bit length 5 for port 'start_idx' [C:/Users/USER/Desktop/git/SME_parallel/src/SME.v:50]
WARNING: [VRFC 10-3091] actual bit length 6 differs from formal bit length 5 for port 'match_idx' [C:/Users/USER/Desktop/git/SME_parallel/src/SME.v:55]
Completed static elaboration
Starting simulation data flow analysis
WARNING: [XSIM 43-4099] "C:/Users/USER/Desktop/git/SME_parallel/src/SME.v" Line 8. Module SME doesn't have a timescale but at least one module in design has a timescale.
WARNING: [XSIM 43-4099] "C:/Users/USER/Desktop/git/SME_parallel/src/shared_memory.v" Line 8. Module shared_memory doesn't have a timescale but at least one module in design has a timescale.
WARNING: [XSIM 43-4099] "C:/Users/USER/Desktop/git/SME_parallel/src/DP_FailFunc.v" Line 9. Module DP_FailFunc doesn't have a timescale but at least one module in design has a timescale.
WARNING: [XSIM 43-4099] "C:/Users/USER/Desktop/git/SME_parallel/src/PE_slave.v" Line 8. Module pe_slave doesn't have a timescale but at least one module in design has a timescale.
Completed simulation data flow analysis
Time Resolution for simulation is 1ps
Compiling package xil_defaultlib.$unit_sme_tb_term_sv
Compiling module xil_defaultlib.DP_FailFunc
Compiling module xil_defaultlib.shared_memory
Compiling module xil_defaultlib.pe_slave
Compiling module xil_defaultlib.SME
Compiling module xil_defaultlib.testfixture
Compiling module xil_defaultlib.glbl
Built simulation snapshot testfixture_behav
INFO: [USF-XSim-69] 'elaborate' step finished in '2' seconds
Vivado Simulator 2019.1
Time resolution is 1 ps
----------------------
-- Simulation Start --
----------------------
  __________________________________________________________
  == String 1  "abcdijk lmnop q rstuv"
  -- Pattern 1  "1234"
relaunch_sim: Time (s): cpu = 00:00:01 ; elapsed = 00:00:05 . Memory (MB): peak = 891.887 ; gain = 0.000
relaunch_sim
INFO: [Vivado 12-5682] Launching behavioral simulation in 'C:/Users/USER/Desktop/git/SME_parallel/vivado_project/SME_parallel.sim/sim_1/behav/xsim'
INFO: [SIM-utils-51] Simulation object is 'sim_1'
INFO: [SIM-utils-54] Inspecting design source files for 'testfixture' in fileset 'sim_1'...
INFO: [USF-XSim-97] Finding global include files...
INFO: [USF-XSim-98] Fetching design files from 'sim_1'...
INFO: [USF-XSim-2] XSim::Compile design
INFO: [USF-XSim-61] Executing 'COMPILE and ANALYZE' step in 'C:/Users/USER/Desktop/git/SME_parallel/vivado_project/SME_parallel.sim/sim_1/behav/xsim'
"xvlog --incr --relax -prj testfixture_vlog.prj"
INFO: [VRFC 10-2263] Analyzing Verilog file "C:/Users/USER/Desktop/git/SME_parallel/src/DP_FailFunc.v" into library xil_defaultlib
INFO: [VRFC 10-311] analyzing module DP_FailFunc
INFO: [VRFC 10-2263] Analyzing Verilog file "C:/Users/USER/Desktop/git/SME_parallel/src/PE_slave.v" into library xil_defaultlib
INFO: [VRFC 10-311] analyzing module pe_slave
INFO: [VRFC 10-2263] Analyzing Verilog file "C:/Users/USER/Desktop/git/SME_parallel/src/SME.v" into library xil_defaultlib
INFO: [VRFC 10-311] analyzing module SME
INFO: [VRFC 10-2263] Analyzing Verilog file "C:/Users/USER/Desktop/git/SME_parallel/src/shared_memory.v" into library xil_defaultlib
INFO: [VRFC 10-311] analyzing module shared_memory
INFO: [USF-XSim-69] 'compile' step finished in '2' seconds
INFO: [Vivado 12-5682] Launching behavioral simulation in 'C:/Users/USER/Desktop/git/SME_parallel/vivado_project/SME_parallel.sim/sim_1/behav/xsim'
INFO: [USF-XSim-3] XSim::Elaborate design
INFO: [USF-XSim-61] Executing 'ELABORATE' step in 'C:/Users/USER/Desktop/git/SME_parallel/vivado_project/SME_parallel.sim/sim_1/behav/xsim'
"xelab -wto 662c8cd79d1949a7937d4aea3a663f0b --incr --debug typical --relax --mt 2 -L xil_defaultlib -L unisims_ver -L unimacro_ver -L secureip --snapshot testfixture_behav xil_defaultlib.testfixture xil_defaultlib.glbl -log elaborate.log"
Vivado Simulator 2019.1
Copyright 1986-1999, 2001-2019 Xilinx, Inc. All Rights Reserved.
Running: E:/vivado/Vivado/2019.1/bin/unwrapped/win64.o/xelab.exe -wto 662c8cd79d1949a7937d4aea3a663f0b --incr --debug typical --relax --mt 2 -L xil_defaultlib -L unisims_ver -L unimacro_ver -L secureip --snapshot testfixture_behav xil_defaultlib.testfixture xil_defaultlib.glbl -log elaborate.log 
Using 2 slave threads.
Starting static elaboration
WARNING: [VRFC 10-3091] actual bit length 32 differs from formal bit length 5 for port 'start_idx' [C:/Users/USER/Desktop/git/SME_parallel/src/SME.v:50]
WARNING: [VRFC 10-3091] actual bit length 6 differs from formal bit length 5 for port 'match_idx' [C:/Users/USER/Desktop/git/SME_parallel/src/SME.v:55]
Completed static elaboration
Starting simulation data flow analysis
WARNING: [XSIM 43-4099] "C:/Users/USER/Desktop/git/SME_parallel/src/SME.v" Line 8. Module SME doesn't have a timescale but at least one module in design has a timescale.
WARNING: [XSIM 43-4099] "C:/Users/USER/Desktop/git/SME_parallel/src/shared_memory.v" Line 8. Module shared_memory doesn't have a timescale but at least one module in design has a timescale.
WARNING: [XSIM 43-4099] "C:/Users/USER/Desktop/git/SME_parallel/src/DP_FailFunc.v" Line 9. Module DP_FailFunc doesn't have a timescale but at least one module in design has a timescale.
WARNING: [XSIM 43-4099] "C:/Users/USER/Desktop/git/SME_parallel/src/PE_slave.v" Line 8. Module pe_slave doesn't have a timescale but at least one module in design has a timescale.
Completed simulation data flow analysis
Time Resolution for simulation is 1ps
Compiling package xil_defaultlib.$unit_sme_tb_term_sv
Compiling module xil_defaultlib.DP_FailFunc
Compiling module xil_defaultlib.shared_memory
Compiling module xil_defaultlib.pe_slave
Compiling module xil_defaultlib.SME
Compiling module xil_defaultlib.testfixture
Compiling module xil_defaultlib.glbl
Built simulation snapshot testfixture_behav
INFO: [USF-XSim-69] 'elaborate' step finished in '2' seconds
Vivado Simulator 2019.1
Time resolution is 1 ps
----------------------
-- Simulation Start --
----------------------
  __________________________________________________________
  == String 1  "abcdijk lmnop q rstuv"
  -- Pattern 1  "1234"
relaunch_sim: Time (s): cpu = 00:00:01 ; elapsed = 00:00:06 . Memory (MB): peak = 891.887 ; gain = 0.000
relaunch_sim
INFO: [Vivado 12-5682] Launching behavioral simulation in 'C:/Users/USER/Desktop/git/SME_parallel/vivado_project/SME_parallel.sim/sim_1/behav/xsim'
INFO: [SIM-utils-51] Simulation object is 'sim_1'
INFO: [SIM-utils-54] Inspecting design source files for 'testfixture' in fileset 'sim_1'...
INFO: [USF-XSim-97] Finding global include files...
INFO: [USF-XSim-98] Fetching design files from 'sim_1'...
INFO: [USF-XSim-2] XSim::Compile design
INFO: [USF-XSim-61] Executing 'COMPILE and ANALYZE' step in 'C:/Users/USER/Desktop/git/SME_parallel/vivado_project/SME_parallel.sim/sim_1/behav/xsim'
"xvlog --incr --relax -prj testfixture_vlog.prj"
INFO: [VRFC 10-2263] Analyzing Verilog file "C:/Users/USER/Desktop/git/SME_parallel/src/DP_FailFunc.v" into library xil_defaultlib
INFO: [VRFC 10-311] analyzing module DP_FailFunc
INFO: [VRFC 10-2263] Analyzing Verilog file "C:/Users/USER/Desktop/git/SME_parallel/src/PE_slave.v" into library xil_defaultlib
INFO: [VRFC 10-311] analyzing module pe_slave
INFO: [VRFC 10-2263] Analyzing Verilog file "C:/Users/USER/Desktop/git/SME_parallel/src/SME.v" into library xil_defaultlib
INFO: [VRFC 10-311] analyzing module SME
INFO: [VRFC 10-2263] Analyzing Verilog file "C:/Users/USER/Desktop/git/SME_parallel/src/shared_memory.v" into library xil_defaultlib
INFO: [VRFC 10-311] analyzing module shared_memory
INFO: [USF-XSim-69] 'compile' step finished in '2' seconds
INFO: [Vivado 12-5682] Launching behavioral simulation in 'C:/Users/USER/Desktop/git/SME_parallel/vivado_project/SME_parallel.sim/sim_1/behav/xsim'
INFO: [USF-XSim-3] XSim::Elaborate design
INFO: [USF-XSim-61] Executing 'ELABORATE' step in 'C:/Users/USER/Desktop/git/SME_parallel/vivado_project/SME_parallel.sim/sim_1/behav/xsim'
"xelab -wto 662c8cd79d1949a7937d4aea3a663f0b --incr --debug typical --relax --mt 2 -L xil_defaultlib -L unisims_ver -L unimacro_ver -L secureip --snapshot testfixture_behav xil_defaultlib.testfixture xil_defaultlib.glbl -log elaborate.log"
Vivado Simulator 2019.1
Copyright 1986-1999, 2001-2019 Xilinx, Inc. All Rights Reserved.
Running: E:/vivado/Vivado/2019.1/bin/unwrapped/win64.o/xelab.exe -wto 662c8cd79d1949a7937d4aea3a663f0b --incr --debug typical --relax --mt 2 -L xil_defaultlib -L unisims_ver -L unimacro_ver -L secureip --snapshot testfixture_behav xil_defaultlib.testfixture xil_defaultlib.glbl -log elaborate.log 
Using 2 slave threads.
Starting static elaboration
WARNING: [VRFC 10-3091] actual bit length 6 differs from formal bit length 5 for port 'match_idx' [C:/Users/USER/Desktop/git/SME_parallel/src/SME.v:55]
Completed static elaboration
Starting simulation data flow analysis
WARNING: [XSIM 43-4099] "C:/Users/USER/Desktop/git/SME_parallel/src/SME.v" Line 8. Module SME doesn't have a timescale but at least one module in design has a timescale.
WARNING: [XSIM 43-4099] "C:/Users/USER/Desktop/git/SME_parallel/src/shared_memory.v" Line 8. Module shared_memory doesn't have a timescale but at least one module in design has a timescale.
WARNING: [XSIM 43-4099] "C:/Users/USER/Desktop/git/SME_parallel/src/DP_FailFunc.v" Line 9. Module DP_FailFunc doesn't have a timescale but at least one module in design has a timescale.
WARNING: [XSIM 43-4099] "C:/Users/USER/Desktop/git/SME_parallel/src/PE_slave.v" Line 8. Module pe_slave doesn't have a timescale but at least one module in design has a timescale.
Completed simulation data flow analysis
Time Resolution for simulation is 1ps
Compiling package xil_defaultlib.$unit_sme_tb_term_sv
Compiling module xil_defaultlib.DP_FailFunc
Compiling module xil_defaultlib.shared_memory
Compiling module xil_defaultlib.pe_slave
Compiling module xil_defaultlib.SME
Compiling module xil_defaultlib.testfixture
Compiling module xil_defaultlib.glbl
Built simulation snapshot testfixture_behav
INFO: [USF-XSim-69] 'elaborate' step finished in '2' seconds
Vivado Simulator 2019.1
Time resolution is 1 ps
----------------------
-- Simulation Start --
----------------------
  __________________________________________________________
  == String 1  "abcdijk lmnop q rstuv"
  -- Pattern 1  "1234"
relaunch_sim: Time (s): cpu = 00:00:01 ; elapsed = 00:00:06 . Memory (MB): peak = 891.887 ; gain = 0.000
relaunch_sim
INFO: [Vivado 12-5682] Launching behavioral simulation in 'C:/Users/USER/Desktop/git/SME_parallel/vivado_project/SME_parallel.sim/sim_1/behav/xsim'
INFO: [SIM-utils-51] Simulation object is 'sim_1'
INFO: [SIM-utils-54] Inspecting design source files for 'testfixture' in fileset 'sim_1'...
INFO: [USF-XSim-97] Finding global include files...
INFO: [USF-XSim-98] Fetching design files from 'sim_1'...
INFO: [USF-XSim-2] XSim::Compile design
INFO: [USF-XSim-61] Executing 'COMPILE and ANALYZE' step in 'C:/Users/USER/Desktop/git/SME_parallel/vivado_project/SME_parallel.sim/sim_1/behav/xsim'
"xvlog --incr --relax -prj testfixture_vlog.prj"
INFO: [VRFC 10-2263] Analyzing Verilog file "C:/Users/USER/Desktop/git/SME_parallel/src/DP_FailFunc.v" into library xil_defaultlib
INFO: [VRFC 10-311] analyzing module DP_FailFunc
INFO: [VRFC 10-2263] Analyzing Verilog file "C:/Users/USER/Desktop/git/SME_parallel/src/PE_slave.v" into library xil_defaultlib
INFO: [VRFC 10-311] analyzing module pe_slave
INFO: [VRFC 10-2263] Analyzing Verilog file "C:/Users/USER/Desktop/git/SME_parallel/src/SME.v" into library xil_defaultlib
INFO: [VRFC 10-311] analyzing module SME
INFO: [VRFC 10-2263] Analyzing Verilog file "C:/Users/USER/Desktop/git/SME_parallel/src/shared_memory.v" into library xil_defaultlib
INFO: [VRFC 10-311] analyzing module shared_memory
INFO: [USF-XSim-69] 'compile' step finished in '1' seconds
INFO: [Vivado 12-5682] Launching behavioral simulation in 'C:/Users/USER/Desktop/git/SME_parallel/vivado_project/SME_parallel.sim/sim_1/behav/xsim'
INFO: [USF-XSim-3] XSim::Elaborate design
INFO: [USF-XSim-61] Executing 'ELABORATE' step in 'C:/Users/USER/Desktop/git/SME_parallel/vivado_project/SME_parallel.sim/sim_1/behav/xsim'
"xelab -wto 662c8cd79d1949a7937d4aea3a663f0b --incr --debug typical --relax --mt 2 -L xil_defaultlib -L unisims_ver -L unimacro_ver -L secureip --snapshot testfixture_behav xil_defaultlib.testfixture xil_defaultlib.glbl -log elaborate.log"
Vivado Simulator 2019.1
Copyright 1986-1999, 2001-2019 Xilinx, Inc. All Rights Reserved.
Running: E:/vivado/Vivado/2019.1/bin/unwrapped/win64.o/xelab.exe -wto 662c8cd79d1949a7937d4aea3a663f0b --incr --debug typical --relax --mt 2 -L xil_defaultlib -L unisims_ver -L unimacro_ver -L secureip --snapshot testfixture_behav xil_defaultlib.testfixture xil_defaultlib.glbl -log elaborate.log 
Using 2 slave threads.
Starting static elaboration
Completed static elaboration
Starting simulation data flow analysis
WARNING: [XSIM 43-4099] "C:/Users/USER/Desktop/git/SME_parallel/src/SME.v" Line 8. Module SME doesn't have a timescale but at least one module in design has a timescale.
WARNING: [XSIM 43-4099] "C:/Users/USER/Desktop/git/SME_parallel/src/shared_memory.v" Line 8. Module shared_memory doesn't have a timescale but at least one module in design has a timescale.
WARNING: [XSIM 43-4099] "C:/Users/USER/Desktop/git/SME_parallel/src/DP_FailFunc.v" Line 9. Module DP_FailFunc doesn't have a timescale but at least one module in design has a timescale.
WARNING: [XSIM 43-4099] "C:/Users/USER/Desktop/git/SME_parallel/src/PE_slave.v" Line 8. Module pe_slave doesn't have a timescale but at least one module in design has a timescale.
Completed simulation data flow analysis
Time Resolution for simulation is 1ps
Compiling package xil_defaultlib.$unit_sme_tb_term_sv
Compiling module xil_defaultlib.DP_FailFunc
Compiling module xil_defaultlib.shared_memory
Compiling module xil_defaultlib.pe_slave
Compiling module xil_defaultlib.SME
Compiling module xil_defaultlib.testfixture
Compiling module xil_defaultlib.glbl
Built simulation snapshot testfixture_behav
INFO: [USF-XSim-69] 'elaborate' step finished in '2' seconds
Vivado Simulator 2019.1
Time resolution is 1 ps
----------------------
-- Simulation Start --
----------------------
  __________________________________________________________
  == String 1  "abcdijk lmnop q rstuv"
  -- Pattern 1  "1234"
relaunch_sim: Time (s): cpu = 00:00:01 ; elapsed = 00:00:06 . Memory (MB): peak = 891.887 ; gain = 0.000
add_wave {{/testfixture/u_SME/s1/dp1}} 
relaunch_sim
INFO: [Vivado 12-5682] Launching behavioral simulation in 'C:/Users/USER/Desktop/git/SME_parallel/vivado_project/SME_parallel.sim/sim_1/behav/xsim'
INFO: [SIM-utils-51] Simulation object is 'sim_1'
INFO: [SIM-utils-54] Inspecting design source files for 'testfixture' in fileset 'sim_1'...
INFO: [USF-XSim-97] Finding global include files...
INFO: [USF-XSim-98] Fetching design files from 'sim_1'...
INFO: [USF-XSim-2] XSim::Compile design
INFO: [USF-XSim-61] Executing 'COMPILE and ANALYZE' step in 'C:/Users/USER/Desktop/git/SME_parallel/vivado_project/SME_parallel.sim/sim_1/behav/xsim'
"xvlog --incr --relax -prj testfixture_vlog.prj"
INFO: [VRFC 10-2263] Analyzing Verilog file "C:/Users/USER/Desktop/git/SME_parallel/src/DP_FailFunc.v" into library xil_defaultlib
INFO: [VRFC 10-311] analyzing module DP_FailFunc
INFO: [VRFC 10-2263] Analyzing Verilog file "C:/Users/USER/Desktop/git/SME_parallel/src/PE_slave.v" into library xil_defaultlib
INFO: [VRFC 10-311] analyzing module pe_slave
INFO: [VRFC 10-2263] Analyzing Verilog file "C:/Users/USER/Desktop/git/SME_parallel/src/SME.v" into library xil_defaultlib
INFO: [VRFC 10-311] analyzing module SME
INFO: [VRFC 10-2263] Analyzing Verilog file "C:/Users/USER/Desktop/git/SME_parallel/src/shared_memory.v" into library xil_defaultlib
INFO: [VRFC 10-311] analyzing module shared_memory
INFO: [USF-XSim-69] 'compile' step finished in '1' seconds
INFO: [Vivado 12-5682] Launching behavioral simulation in 'C:/Users/USER/Desktop/git/SME_parallel/vivado_project/SME_parallel.sim/sim_1/behav/xsim'
INFO: [USF-XSim-3] XSim::Elaborate design
INFO: [USF-XSim-61] Executing 'ELABORATE' step in 'C:/Users/USER/Desktop/git/SME_parallel/vivado_project/SME_parallel.sim/sim_1/behav/xsim'
"xelab -wto 662c8cd79d1949a7937d4aea3a663f0b --incr --debug typical --relax --mt 2 -L xil_defaultlib -L unisims_ver -L unimacro_ver -L secureip --snapshot testfixture_behav xil_defaultlib.testfixture xil_defaultlib.glbl -log elaborate.log"
Vivado Simulator 2019.1
Copyright 1986-1999, 2001-2019 Xilinx, Inc. All Rights Reserved.
Running: E:/vivado/Vivado/2019.1/bin/unwrapped/win64.o/xelab.exe -wto 662c8cd79d1949a7937d4aea3a663f0b --incr --debug typical --relax --mt 2 -L xil_defaultlib -L unisims_ver -L unimacro_ver -L secureip --snapshot testfixture_behav xil_defaultlib.testfixture xil_defaultlib.glbl -log elaborate.log 
Using 2 slave threads.
Starting static elaboration
Completed static elaboration
Starting simulation data flow analysis
WARNING: [XSIM 43-4099] "C:/Users/USER/Desktop/git/SME_parallel/src/SME.v" Line 8. Module SME doesn't have a timescale but at least one module in design has a timescale.
WARNING: [XSIM 43-4099] "C:/Users/USER/Desktop/git/SME_parallel/src/shared_memory.v" Line 8. Module shared_memory doesn't have a timescale but at least one module in design has a timescale.
WARNING: [XSIM 43-4099] "C:/Users/USER/Desktop/git/SME_parallel/src/DP_FailFunc.v" Line 9. Module DP_FailFunc doesn't have a timescale but at least one module in design has a timescale.
WARNING: [XSIM 43-4099] "C:/Users/USER/Desktop/git/SME_parallel/src/PE_slave.v" Line 8. Module pe_slave doesn't have a timescale but at least one module in design has a timescale.
Completed simulation data flow analysis
Time Resolution for simulation is 1ps
Compiling package xil_defaultlib.$unit_sme_tb_term_sv
Compiling module xil_defaultlib.DP_FailFunc
Compiling module xil_defaultlib.shared_memory
Compiling module xil_defaultlib.pe_slave
Compiling module xil_defaultlib.SME
Compiling module xil_defaultlib.testfixture
Compiling module xil_defaultlib.glbl
Built simulation snapshot testfixture_behav
INFO: [USF-XSim-69] 'elaborate' step finished in '2' seconds
Vivado Simulator 2019.1
Time resolution is 1 ps
----------------------
-- Simulation Start --
----------------------
  __________________________________________________________
  == String 1  "abcdijk lmnop q rstuv"
  -- Pattern 1  "1234"
relaunch_sim: Time (s): cpu = 00:00:01 ; elapsed = 00:00:06 . Memory (MB): peak = 891.887 ; gain = 0.000
relaunch_sim
INFO: [Vivado 12-5682] Launching behavioral simulation in 'C:/Users/USER/Desktop/git/SME_parallel/vivado_project/SME_parallel.sim/sim_1/behav/xsim'
INFO: [SIM-utils-51] Simulation object is 'sim_1'
INFO: [SIM-utils-54] Inspecting design source files for 'testfixture' in fileset 'sim_1'...
INFO: [USF-XSim-97] Finding global include files...
INFO: [USF-XSim-98] Fetching design files from 'sim_1'...
INFO: [USF-XSim-2] XSim::Compile design
INFO: [USF-XSim-61] Executing 'COMPILE and ANALYZE' step in 'C:/Users/USER/Desktop/git/SME_parallel/vivado_project/SME_parallel.sim/sim_1/behav/xsim'
"xvlog --incr --relax -prj testfixture_vlog.prj"
INFO: [USF-XSim-69] 'compile' step finished in '1' seconds
INFO: [Vivado 12-5682] Launching behavioral simulation in 'C:/Users/USER/Desktop/git/SME_parallel/vivado_project/SME_parallel.sim/sim_1/behav/xsim'
INFO: [USF-XSim-3] XSim::Elaborate design
INFO: [USF-XSim-61] Executing 'ELABORATE' step in 'C:/Users/USER/Desktop/git/SME_parallel/vivado_project/SME_parallel.sim/sim_1/behav/xsim'
"xelab -wto 662c8cd79d1949a7937d4aea3a663f0b --incr --debug typical --relax --mt 2 -L xil_defaultlib -L unisims_ver -L unimacro_ver -L secureip --snapshot testfixture_behav xil_defaultlib.testfixture xil_defaultlib.glbl -log elaborate.log"
Vivado Simulator 2019.1
Copyright 1986-1999, 2001-2019 Xilinx, Inc. All Rights Reserved.
Running: E:/vivado/Vivado/2019.1/bin/unwrapped/win64.o/xelab.exe -wto 662c8cd79d1949a7937d4aea3a663f0b --incr --debug typical --relax --mt 2 -L xil_defaultlib -L unisims_ver -L unimacro_ver -L secureip --snapshot testfixture_behav xil_defaultlib.testfixture xil_defaultlib.glbl -log elaborate.log 
Using 2 slave threads.
Starting static elaboration
Completed static elaboration
INFO: [XSIM 43-4323] No Change in HDL. Linking previously generated obj files to create kernel
INFO: [USF-XSim-69] 'elaborate' step finished in '2' seconds
Vivado Simulator 2019.1
Time resolution is 1 ps
----------------------
-- Simulation Start --
----------------------
  __________________________________________________________
  == String 1  "abcdijk lmnop q rstuv"
  -- Pattern 1  "123412312323"
relaunch_sim: Time (s): cpu = 00:00:01 ; elapsed = 00:00:06 . Memory (MB): peak = 891.887 ; gain = 0.000
relaunch_sim
INFO: [Vivado 12-5682] Launching behavioral simulation in 'C:/Users/USER/Desktop/git/SME_parallel/vivado_project/SME_parallel.sim/sim_1/behav/xsim'
INFO: [SIM-utils-51] Simulation object is 'sim_1'
INFO: [SIM-utils-54] Inspecting design source files for 'testfixture' in fileset 'sim_1'...
INFO: [USF-XSim-97] Finding global include files...
INFO: [USF-XSim-98] Fetching design files from 'sim_1'...
INFO: [USF-XSim-2] XSim::Compile design
INFO: [USF-XSim-61] Executing 'COMPILE and ANALYZE' step in 'C:/Users/USER/Desktop/git/SME_parallel/vivado_project/SME_parallel.sim/sim_1/behav/xsim'
"xvlog --incr --relax -prj testfixture_vlog.prj"
INFO: [USF-XSim-69] 'compile' step finished in '2' seconds
INFO: [Vivado 12-5682] Launching behavioral simulation in 'C:/Users/USER/Desktop/git/SME_parallel/vivado_project/SME_parallel.sim/sim_1/behav/xsim'
INFO: [USF-XSim-3] XSim::Elaborate design
INFO: [USF-XSim-61] Executing 'ELABORATE' step in 'C:/Users/USER/Desktop/git/SME_parallel/vivado_project/SME_parallel.sim/sim_1/behav/xsim'
"xelab -wto 662c8cd79d1949a7937d4aea3a663f0b --incr --debug typical --relax --mt 2 -L xil_defaultlib -L unisims_ver -L unimacro_ver -L secureip --snapshot testfixture_behav xil_defaultlib.testfixture xil_defaultlib.glbl -log elaborate.log"
Vivado Simulator 2019.1
Copyright 1986-1999, 2001-2019 Xilinx, Inc. All Rights Reserved.
Running: E:/vivado/Vivado/2019.1/bin/unwrapped/win64.o/xelab.exe -wto 662c8cd79d1949a7937d4aea3a663f0b --incr --debug typical --relax --mt 2 -L xil_defaultlib -L unisims_ver -L unimacro_ver -L secureip --snapshot testfixture_behav xil_defaultlib.testfixture xil_defaultlib.glbl -log elaborate.log 
Using 2 slave threads.
Starting static elaboration
Completed static elaboration
INFO: [XSIM 43-4323] No Change in HDL. Linking previously generated obj files to create kernel
INFO: [USF-XSim-69] 'elaborate' step finished in '1' seconds
Vivado Simulator 2019.1
Time resolution is 1 ps
----------------------
-- Simulation Start --
----------------------
  __________________________________________________________
  == String 1  "abcdijk lmnop q rstuv"
  -- Pattern 1  "12341231"
relaunch_sim: Time (s): cpu = 00:00:01 ; elapsed = 00:00:06 . Memory (MB): peak = 891.887 ; gain = 0.000
relaunch_sim
INFO: [Vivado 12-5682] Launching behavioral simulation in 'C:/Users/USER/Desktop/git/SME_parallel/vivado_project/SME_parallel.sim/sim_1/behav/xsim'
INFO: [SIM-utils-51] Simulation object is 'sim_1'
INFO: [SIM-utils-54] Inspecting design source files for 'testfixture' in fileset 'sim_1'...
INFO: [USF-XSim-97] Finding global include files...
INFO: [USF-XSim-98] Fetching design files from 'sim_1'...
INFO: [USF-XSim-2] XSim::Compile design
INFO: [USF-XSim-61] Executing 'COMPILE and ANALYZE' step in 'C:/Users/USER/Desktop/git/SME_parallel/vivado_project/SME_parallel.sim/sim_1/behav/xsim'
"xvlog --incr --relax -prj testfixture_vlog.prj"
INFO: [VRFC 10-2263] Analyzing Verilog file "C:/Users/USER/Desktop/git/SME_parallel/src/DP_FailFunc.v" into library xil_defaultlib
INFO: [VRFC 10-311] analyzing module DP_FailFunc
INFO: [VRFC 10-2263] Analyzing Verilog file "C:/Users/USER/Desktop/git/SME_parallel/src/PE_slave.v" into library xil_defaultlib
INFO: [VRFC 10-311] analyzing module pe_slave
INFO: [VRFC 10-2263] Analyzing Verilog file "C:/Users/USER/Desktop/git/SME_parallel/src/SME.v" into library xil_defaultlib
INFO: [VRFC 10-311] analyzing module SME
INFO: [VRFC 10-2263] Analyzing Verilog file "C:/Users/USER/Desktop/git/SME_parallel/src/shared_memory.v" into library xil_defaultlib
INFO: [VRFC 10-311] analyzing module shared_memory
INFO: [USF-XSim-69] 'compile' step finished in '1' seconds
INFO: [Vivado 12-5682] Launching behavioral simulation in 'C:/Users/USER/Desktop/git/SME_parallel/vivado_project/SME_parallel.sim/sim_1/behav/xsim'
INFO: [USF-XSim-3] XSim::Elaborate design
INFO: [USF-XSim-61] Executing 'ELABORATE' step in 'C:/Users/USER/Desktop/git/SME_parallel/vivado_project/SME_parallel.sim/sim_1/behav/xsim'
"xelab -wto 662c8cd79d1949a7937d4aea3a663f0b --incr --debug typical --relax --mt 2 -L xil_defaultlib -L unisims_ver -L unimacro_ver -L secureip --snapshot testfixture_behav xil_defaultlib.testfixture xil_defaultlib.glbl -log elaborate.log"
Vivado Simulator 2019.1
Copyright 1986-1999, 2001-2019 Xilinx, Inc. All Rights Reserved.
Running: E:/vivado/Vivado/2019.1/bin/unwrapped/win64.o/xelab.exe -wto 662c8cd79d1949a7937d4aea3a663f0b --incr --debug typical --relax --mt 2 -L xil_defaultlib -L unisims_ver -L unimacro_ver -L secureip --snapshot testfixture_behav xil_defaultlib.testfixture xil_defaultlib.glbl -log elaborate.log 
Using 2 slave threads.
Starting static elaboration
Completed static elaboration
Starting simulation data flow analysis
WARNING: [XSIM 43-4099] "C:/Users/USER/Desktop/git/SME_parallel/src/SME.v" Line 8. Module SME doesn't have a timescale but at least one module in design has a timescale.
WARNING: [XSIM 43-4099] "C:/Users/USER/Desktop/git/SME_parallel/src/shared_memory.v" Line 8. Module shared_memory doesn't have a timescale but at least one module in design has a timescale.
WARNING: [XSIM 43-4099] "C:/Users/USER/Desktop/git/SME_parallel/src/DP_FailFunc.v" Line 9. Module DP_FailFunc doesn't have a timescale but at least one module in design has a timescale.
WARNING: [XSIM 43-4099] "C:/Users/USER/Desktop/git/SME_parallel/src/PE_slave.v" Line 8. Module pe_slave doesn't have a timescale but at least one module in design has a timescale.
Completed simulation data flow analysis
Time Resolution for simulation is 1ps
Compiling package xil_defaultlib.$unit_sme_tb_term_sv
Compiling module xil_defaultlib.DP_FailFunc
Compiling module xil_defaultlib.shared_memory
Compiling module xil_defaultlib.pe_slave
Compiling module xil_defaultlib.SME
Compiling module xil_defaultlib.testfixture
Compiling module xil_defaultlib.glbl
Built simulation snapshot testfixture_behav
INFO: [USF-XSim-69] 'elaborate' step finished in '2' seconds
Vivado Simulator 2019.1
Time resolution is 1 ps
----------------------
-- Simulation Start --
----------------------
  __________________________________________________________
  == String 1  "abcdijk lmnop q rstuv"
  -- Pattern 1  "12341231"
relaunch_sim: Time (s): cpu = 00:00:01 ; elapsed = 00:00:07 . Memory (MB): peak = 891.887 ; gain = 0.000
close_sim
INFO: [Simtcl 6-16] Simulation closed
exit
INFO: [Common 17-206] Exiting Vivado at Sat Dec  5 18:33:11 2020...
