#-----------------------------------------------------------
# Vivado v2019.1 (64-bit)
# SW Build 2552052 on Fri May 24 14:49:42 MDT 2019
# IP Build 2548770 on Fri May 24 18:01:18 MDT 2019
# Start of session at: Thu Dec  3 20:03:57 2020
# Process ID: 8320
# Current directory: C:/Users/Alan/Desktop/git/SME_parallel/vivado_project
# Command line: vivado.exe -gui_launcher_event rodinguilauncherevent4400 C:\Users\Alan\Desktop\git\SME_parallel\vivado_project\SME_parallel.xpr
# Log file: C:/Users/Alan/Desktop/git/SME_parallel/vivado_project/vivado.log
# Journal file: C:/Users/Alan/Desktop/git/SME_parallel/vivado_project\vivado.jou
#-----------------------------------------------------------
start_gui
open_project C:/Users/Alan/Desktop/git/SME_parallel/vivado_project/SME_parallel.xpr
Scanning sources...
Finished scanning sources
INFO: [IP_Flow 19-234] Refreshing IP repositories
INFO: [IP_Flow 19-1704] No user IP repositories specified
INFO: [IP_Flow 19-2313] Loaded Vivado IP repository 'C:/Xilinx/Vivado/2019.1/data/ip'.
update_compile_order -fileset sources_1
launch_simulation
boost::filesystem::remove: 程序無法存取檔案，因為檔案正由另一個程序使用。: "C:/Users/Alan/Desktop/git/SME_parallel/vivado_project/SME_parallel.sim/sim_1/behav/xsim/simulate.log"
launch_simulation
boost::filesystem::remove: 程序無法存取檔案，因為檔案正由另一個程序使用。: "C:/Users/Alan/Desktop/git/SME_parallel/vivado_project/SME_parallel.sim/sim_1/behav/xsim/simulate.log"
exit
INFO: [Common 17-206] Exiting Vivado at Thu Dec  3 20:05:59 2020...
