#
# There is insufficient memory for the Java Runtime Environment to continue.
# Native memory allocation (malloc) failed to allocate 1163696 bytes for Chunk::new
# Possible reasons:
#   The system is out of physical RAM or swap space
#   The process is running with CompressedOops enabled, and the Java Heap may be blocking the growth of the native heap
# Possible solutions:
#   Reduce memory load on the system
#   Increase physical memory or swap space
#   Check if swap backing store is full
#   Decrease Java heap size (-Xmx/-Xms)
#   Decrease number of Java threads
#   Decrease Java thread stack sizes (-Xss)
#   Set larger code cache with -XX:ReservedCodeCacheSize=
#   JVM is running with Zero Based Compressed Oops mode in which the Java heap is
#     placed in the first 32GB address space. The Java Heap base address is the
#     maximum limit for the native heap growth. Please use -XX:HeapBaseMinAddress
#     to set the Java Heap base and to place the Java Heap above 32GB virtual address.
# This output file may be truncated or incomplete.
#
#  Out of Memory Error (t:/workspace/hotspot/src/share/vm/memory/allocation.cpp:372), pid=576, tid=4744
#
# JRE version: Java(TM) SE Runtime Environment (9.0+11) (build 9.0.4+11)
# Java VM: Java HotSpot(TM) 64-Bit Server VM (9.0.4+11, mixed mode, tiered, compressed oops, g1 gc, windows-amd64)
# No core dump will be written. Minidumps are not enabled by default on client versions of Windows
#

---------------  S U M M A R Y ------------

Command Line: -Dsun.java2d.pmoffscreen=false -Dsun.java2d.xrender=false -Dsun.java2d.d3d=false -Dsun.awt.nopixfmt=true -Dsun.java2d.dpiaware=true -Dsun.java2d.uiScale.enabled=false -Xverify:none -Dswing.aatext=true -XX:-UsePerfData -Djdk.map.althashing.threshold=512 -XX:StringTableSize=4072 --add-opens=java.base/java.nio=ALL-UNNAMED --add-opens=java.desktop/sun.swing=ALL-UNNAMED --add-opens=java.desktop/javax.swing=ALL-UNNAMED --add-opens=java.desktop/javax.swing.tree=ALL-UNNAMED --add-opens=java.desktop/javax.swing.plaf.basic=ALL-UNNAMED --add-opens=java.desktop/javax.swing.plaf.synth=ALL-UNNAMED --add-opens=java.desktop/com.sun.awt=ALL-UNNAMED -XX:NewSize=60m -XX:MaxNewSize=60m -Xms128m -Xmx3072m -Xss5m 

Host: Intel(R) Core(TM) i7-8700 CPU @ 3.20GHz, 12 cores, 15G,  Windows 10 , 64 bit Build 18362 (10.0.18362.1110)
Time: Thu Dec 03 20:17:47 2020 ¢Dx¢D_?D¡PCRE?! elapsed time: 688 seconds (0d 0h 11m 28s)

---------------  T H R E A D  ---------------

Current thread (0x000002ddd4a82800):  JavaThread "C2 CompilerThread2" daemon [_thread_in_native, id=4744, stack(0x000000dfe9a00000,0x000000dfe9b00000)]


Current CompileTask:
C2: 688273 15466       4       ui.views.O.i.a::YI (52 bytes)

Stack: [0x000000dfe9a00000,0x000000dfe9b00000]
Native frames: (J=compiled Java code, j=interpreted, Vv=VM code, C=native code)
V  [jvm.dll+0x587068]

[error occurred during error reporting (printing native stack), id 0xe0000001]


---------------  P R O C E S S  ---------------

Java Threads: ( => current thread )
  0x000002ddf6298000 JavaThread "Run Simulation" [_thread_blocked, id=9964, stack(0x000000dfef000000,0x000000dfef500000)]
  0x000002ddf6296800 JavaThread "SyntheticaAnimation 50" daemon [_thread_blocked, id=2080, stack(0x000000dfed400000,0x000000dfed900000)]
  0x000002ddf6296000 JavaThread "SyntheticaAnimation 50" daemon [_thread_blocked, id=1568, stack(0x000000dfec000000,0x000000dfec500000)]
  0x000002ddf6293000 JavaThread "Update Runs Swing Worker" [_thread_blocked, id=13476, stack(0x000000dff0900000,0x000000dff0e00000)]
  0x000002ddf6297800 JavaThread "hw_ila_monitor" [_thread_blocked, id=1068, stack(0x000000dfeff00000,0x000000dff0400000)]
  0x000002ddced5d800 JavaThread "Refresh Filesets Swing Worker" [_thread_blocked, id=12468, stack(0x000000dfefa00000,0x000000dfeff00000)]
  0x000002ddced5c800 JavaThread "SyntheticaAnimation 70" daemon [_thread_blocked, id=13904, stack(0x000000dfef500000,0x000000dfefa00000)]
  0x000002ddced5f000 JavaThread "SyntheticaAnimation 25" daemon [_thread_blocked, id=7984, stack(0x000000dfeeb00000,0x000000dfef000000)]
  0x000002ddced5c000 JavaThread "SyntheticaAnimation 50" daemon [_thread_blocked, id=11540, stack(0x000000dfee600000,0x000000dfeeb00000)]
  0x000002ddced5f800 JavaThread "Monitor HEventQueue" [_thread_blocked, id=8244, stack(0x000000dfee100000,0x000000dfee600000)]
  0x000002ddced61000 JavaThread "SyntheticaCleanerThread" daemon [_thread_blocked, id=2920, stack(0x000000dfed900000,0x000000dfede00000)]
  0x000002ddced60800 JavaThread "Batik CleanerThread" daemon [_thread_blocked, id=14860, stack(0x000000dfec500000,0x000000dfeca00000)]
  0x000002ddf48af800 JavaThread "AWT-EventQueue-1" [_thread_in_native, id=1536, stack(0x000000dfecf00000,0x000000dfed400000)]
  0x000002ddcf1eb000 JavaThread "Process Messages" [_thread_blocked, id=6724, stack(0x000000dfeca00000,0x000000dfecf00000)]
  0x000002ddcf9f8000 JavaThread "Thread-1" [_thread_in_native, id=9976, stack(0x000000dfe5300000,0x000000dfe6700000)]
  0x000002ddf48e4000 JavaThread "TimerQueue" daemon [_thread_blocked, id=8188, stack(0x000000dfebb00000,0x000000dfec000000)]
  0x000002ddcf517800 JavaThread "AWT-Windows" daemon [_thread_in_native, id=10676, stack(0x000000dfeb600000,0x000000dfebb00000)]
  0x000002ddcf2d9800 JavaThread "AWT-Shutdown" [_thread_blocked, id=8300, stack(0x000000dfeb100000,0x000000dfeb600000)]
  0x000002ddcf256000 JavaThread "Java2D Disposer" daemon [_thread_blocked, id=10860, stack(0x000000dfeac00000,0x000000dfeb100000)]
  0x000002ddcd01f000 JavaThread "Service Thread" daemon [_thread_blocked, id=4004, stack(0x000000dfea600000,0x000000dfeab00000)]
  0x000002ddcedbb800 JavaThread "Common-Cleaner" daemon [_thread_blocked, id=9312, stack(0x000000dfea100000,0x000000dfea600000)]
  0x000002ddced5e000 JavaThread "Sweeper thread" daemon [_thread_blocked, id=10360, stack(0x000000dfe9c00000,0x000000dfea100000)]
  0x000002ddd4a84000 JavaThread "C1 CompilerThread3" daemon [_thread_blocked, id=10740, stack(0x000000dfe9b00000,0x000000dfe9c00000)]
=>0x000002ddd4a82800 JavaThread "C2 CompilerThread2" daemon [_thread_in_native, id=4744, stack(0x000000dfe9a00000,0x000000dfe9b00000)]
  0x000002ddd2326800 JavaThread "C2 CompilerThread1" daemon [_thread_in_native, id=6988, stack(0x000000dfe9900000,0x000000dfe9a00000)]
  0x000002ddceffa800 JavaThread "C2 CompilerThread0" daemon [_thread_in_native, id=9740, stack(0x000000dfe9800000,0x000000dfe9900000)]
  0x000002ddceff9800 JavaThread "Attach Listener" daemon [_thread_blocked, id=9828, stack(0x000000dfe9300000,0x000000dfe9800000)]
  0x000002ddceff9000 JavaThread "Signal Dispatcher" daemon [_thread_blocked, id=9856, stack(0x000000dfe8e00000,0x000000dfe9300000)]
  0x000002ddd5506800 JavaThread "Finalizer" daemon [_thread_blocked, id=6576, stack(0x000000dfe8900000,0x000000dfe8e00000)]
  0x000002ddd5505800 JavaThread "Reference Handler" daemon [_thread_blocked, id=15088, stack(0x000000dfe8400000,0x000000dfe8900000)]
  0x000002ddc827d800 JavaThread "main" [_thread_blocked, id=4248, stack(0x000000dfe5200000,0x000000dfe5300000)]

Other Threads:
  0x000002ddd558d800 VMThread "VM Thread" [stack: 0x000000dfe8300000,0x000000dfe8400000] [id=9852]
  0x000002ddcd30d000 WatcherThread [stack: 0x000000dfeab00000,0x000000dfeac00000] [id=7028]
  0x000002ddd241b000 GCTaskThread "GC Thread#0" [stack: 0x000000dfe6a00000,0x000000dfe6b00000] [id=14924]
  0x000002ddd241e800 GCTaskThread "GC Thread#1" [stack: 0x000000dfe6b00000,0x000000dfe6c00000] [id=12720]
  0x000002ddd241c000 GCTaskThread "GC Thread#2" [stack: 0x000000dfe6c00000,0x000000dfe6d00000] [id=15080]
  0x000002ddd2420000 GCTaskThread "GC Thread#3" [stack: 0x000000dfe6d00000,0x000000dfe6e00000] [id=9120]
  0x000002ddd241a800 GCTaskThread "GC Thread#4" [stack: 0x000000dfe6e00000,0x000000dfe6f00000] [id=8544]
  0x000002ddd241b800 GCTaskThread "GC Thread#5" [stack: 0x000000dfe6f00000,0x000000dfe7000000] [id=14088]
  0x000002ddd2421000 GCTaskThread "GC Thread#6" [stack: 0x000000dfe7000000,0x000000dfe7100000] [id=5576]
  0x000002ddd241f800 GCTaskThread "GC Thread#7" [stack: 0x000000dfe7100000,0x000000dfe7200000] [id=10900]
  0x000002ddd241e000 GCTaskThread "GC Thread#8" [stack: 0x000000dfe7200000,0x000000dfe7300000] [id=6316]
  0x000002ddd2420800 GCTaskThread "GC Thread#9" [stack: 0x000000dfe7300000,0x000000dfe7400000] [id=12300]
  0x000002ddd2426800 ConcurrentGCThread "G1 Main Marker" [stack: 0x000000dfe7f00000,0x000000dfe8000000] [id=3968]
  0x000002ddd241d000 ConcurrentGCThread "G1 Marker#0" [stack: 0x000000dfe8000000,0x000000dfe8100000] [id=12296]
  0x000002ddd241d800 ConcurrentGCThread "G1 Marker#1" [stack: 0x000000dfe8100000,0x000000dfe8200000] [id=9484]
  0x000002ddd22dc000 ConcurrentGCThread "G1 Marker#2" [stack: 0x000000dfe8200000,0x000000dfe8300000] [id=9860]
  0x000002ddd1f80000 ConcurrentGCThread "G1 Refine#0" [stack: 0x000000dfe7d00000,0x000000dfe7e00000] [id=10924]
  0x000002ddd1f83000 ConcurrentGCThread "G1 Refine#1" [stack: 0x000000dfe7c00000,0x000000dfe7d00000] [id=9040]
  0x000002ddd1f7f800 ConcurrentGCThread "G1 Refine#2" [stack: 0x000000dfe7b00000,0x000000dfe7c00000] [id=2680]
  0x000002ddd529e800 ConcurrentGCThread "G1 Refine#3" [stack: 0x000000dfe7a00000,0x000000dfe7b00000] [id=9884]
  0x000002ddd529d800 ConcurrentGCThread "G1 Refine#4" [stack: 0x000000dfe7900000,0x000000dfe7a00000] [id=12340]
  0x000002ddcb13e800 ConcurrentGCThread "G1 Refine#5" [stack: 0x000000dfe7800000,0x000000dfe7900000] [id=12332]
  0x000002ddcb13d800 ConcurrentGCThread "G1 Refine#6" [stack: 0x000000dfe7700000,0x000000dfe7800000] [id=12328]
  0x000002ddcaab5800 ConcurrentGCThread "G1 Refine#7" [stack: 0x000000dfe7600000,0x000000dfe7700000] [id=10620]
  0x000002ddd5528800 ConcurrentGCThread "G1 Refine#8" [stack: 0x000000dfe7500000,0x000000dfe7600000] [id=12304]
  0x000002ddd5528000 ConcurrentGCThread "G1 Refine#9" [stack: 0x000000dfe7400000,0x000000dfe7500000] [id=13284]
  0x000002ddd1679000 ConcurrentGCThread "G1 Young RemSet Sampling" [stack: 0x000000dfe7e00000,0x000000dfe7f00000] [id=14832]

Threads with active compile tasks:
C2 CompilerThread215466       4       ui.views.O.i.a::YI (52 bytes)
C2 CompilerThread115509       4       de.javasoft.plaf.synthetica.painter.ImagePainter::drawBottomRight (154 bytes)
C2 CompilerThread015508       4       de.javasoft.plaf.synthetica.painter.ImagePainter::drawBottomCenter (166 bytes)

VM state:not at safepoint (normal execution)

VM Mutex/Monitor currently owned by a thread: None

Heap address: 0x0000000700000000, size: 3072 MB, Compressed Oops mode: Zero based, Oop shift amount: 3
Narrow klass base: 0x0000000000000000, Narrow klass shift: 3
Compressed class space size: 1073741824 Address: 0x00000007c0000000

Heap:
 garbage-first heap   total 181248K, used 88993K [0x0000000700000000, 0x0000000700100588, 0x00000007c0000000)
  region size 1024K, 29 young (29696K), 0 survivors (0K)
 Metaspace       used 75221K, capacity 79919K, committed 80208K, reserved 1118208K
  class space    used 10445K, capacity 11272K, committed 11344K, reserved 1048576K
Heap Regions: E=young(eden), S=young(survivor), O=old, HS=humongous(starts), HC=humongous(continues), CS=collection set, F=free, A=archive, TS=gc time stamp, AC=allocation context, TAMS=top-at-mark-start (previous, next)
|   0|0x0000000700000000, 0x00000007000fe648, 0x0000000700100000| 99%| O|  |TS  0|AC  0|TAMS 0x0000000700000000, 0x0000000700000000|
|   1|0x0000000700100000, 0x0000000700200000, 0x0000000700200000|100%|HS|  |TS  0|AC  0|TAMS 0x0000000700100000, 0x0000000700100000|
|   2|0x0000000700200000, 0x0000000700300000, 0x0000000700300000|100%|HC|  |TS  0|AC  0|TAMS 0x0000000700200000, 0x0000000700200000|
|   3|0x0000000700300000, 0x0000000700400000, 0x0000000700400000|100%|HS|  |TS  0|AC  0|TAMS 0x0000000700300000, 0x0000000700300000|
|   4|0x0000000700400000, 0x00000007004de0f0, 0x0000000700500000| 86%| O|  |TS  0|AC  0|TAMS 0x0000000700400000, 0x0000000700400000|
|   5|0x0000000700500000, 0x00000007005fb3b0, 0x0000000700600000| 98%| O|  |TS  0|AC  0|TAMS 0x0000000700500000, 0x0000000700500000|
|   6|0x0000000700600000, 0x00000007006f4300, 0x0000000700700000| 95%| O|  |TS  0|AC  0|TAMS 0x0000000700600000, 0x0000000700600000|
|   7|0x0000000700700000, 0x00000007007fff78, 0x0000000700800000| 99%| O|  |TS  0|AC  0|TAMS 0x0000000700700000, 0x0000000700700000|
|   8|0x0000000700800000, 0x00000007008fffe0, 0x0000000700900000| 99%| O|  |TS  0|AC  0|TAMS 0x0000000700800000, 0x0000000700800000|
|   9|0x0000000700900000, 0x00000007009fffe8, 0x0000000700a00000| 99%| O|  |TS  0|AC  0|TAMS 0x0000000700900000, 0x0000000700900000|
|  10|0x0000000700a00000, 0x0000000700affff8, 0x0000000700b00000| 99%| O|  |TS  0|AC  0|TAMS 0x0000000700a00000, 0x0000000700a00000|
|  11|0x0000000700b00000, 0x0000000700bfffa8, 0x0000000700c00000| 99%| O|  |TS  0|AC  0|TAMS 0x0000000700b00000, 0x0000000700b00000|
|  12|0x0000000700c00000, 0x0000000700cfe9c8, 0x0000000700d00000| 99%| O|  |TS  0|AC  0|TAMS 0x0000000700c00000, 0x0000000700c00000|
|  13|0x0000000700d00000, 0x0000000700dc57d8, 0x0000000700e00000| 77%| O|  |TS  0|AC  0|TAMS 0x0000000700d00000, 0x0000000700d00000|
|  14|0x0000000700e00000, 0x0000000700efdc90, 0x0000000700f00000| 99%| O|  |TS  0|AC  0|TAMS 0x0000000700e00000, 0x0000000700e00000|
|  15|0x0000000700f00000, 0x0000000700ffff50, 0x0000000701000000| 99%| O|  |TS  0|AC  0|TAMS 0x0000000700f00000, 0x0000000700f00000|
|  16|0x0000000701000000, 0x00000007010fe9a8, 0x0000000701100000| 99%| O|  |TS  0|AC  0|TAMS 0x0000000701000000, 0x0000000701000000|
|  17|0x0000000701100000, 0x00000007011f9290, 0x0000000701200000| 97%| O|  |TS  0|AC  0|TAMS 0x0000000701100000, 0x0000000701100000|
|  18|0x0000000701200000, 0x00000007012ffc30, 0x0000000701300000| 99%| O|  |TS  0|AC  0|TAMS 0x0000000701200000, 0x0000000701200000|
|  19|0x0000000701300000, 0x00000007013ffff0, 0x0000000701400000| 99%| O|  |TS  0|AC  0|TAMS 0x0000000701300000, 0x0000000701300000|
|  20|0x0000000701400000, 0x00000007014fffe8, 0x0000000701500000| 99%| O|  |TS  0|AC  0|TAMS 0x0000000701400000, 0x0000000701400000|
|  21|0x0000000701500000, 0x00000007015ffff8, 0x0000000701600000| 99%| O|  |TS  0|AC  0|TAMS 0x0000000701500000, 0x0000000701500000|
|  22|0x0000000701600000, 0x00000007016fff50, 0x0000000701700000| 99%| O|  |TS  0|AC  0|TAMS 0x0000000701600000, 0x0000000701600000|
|  23|0x0000000701700000, 0x0000000701800000, 0x0000000701800000|100%| O|  |TS  0|AC  0|TAMS 0x0000000701700000, 0x0000000701700000|
|  24|0x0000000701800000, 0x0000000701900000, 0x0000000701900000|100%| O|  |TS  0|AC  0|TAMS 0x0000000701800000, 0x0000000701800000|
|  25|0x0000000701900000, 0x00000007019fffe0, 0x0000000701a00000| 99%| O|  |TS  0|AC  0|TAMS 0x0000000701900000, 0x0000000701900000|
|  26|0x0000000701a00000, 0x0000000701affff8, 0x0000000701b00000| 99%| O|  |TS  0|AC  0|TAMS 0x0000000701a00000, 0x0000000701a00000|
|  27|0x0000000701b00000, 0x0000000701bffff8, 0x0000000701c00000| 99%| O|  |TS  0|AC  0|TAMS 0x0000000701b00000, 0x0000000701b00000|
|  28|0x0000000701c00000, 0x0000000701cfffd8, 0x0000000701d00000| 99%| O|  |TS  0|AC  0|TAMS 0x0000000701c00000, 0x0000000701c00000|
|  29|0x0000000701d00000, 0x0000000701dffff8, 0x0000000701e00000| 99%| O|  |TS  0|AC  0|TAMS 0x0000000701d00000, 0x0000000701d00000|
|  30|0x0000000701e00000, 0x0000000701efffd8, 0x0000000701f00000| 99%| O|  |TS  0|AC  0|TAMS 0x0000000701e00000, 0x0000000701e00000|
|  31|0x0000000701f00000, 0x0000000702000000, 0x0000000702000000|100%| O|  |TS  0|AC  0|TAMS 0x0000000701f00000, 0x0000000701f00000|
|  32|0x0000000702000000, 0x00000007020ffff8, 0x0000000702100000| 99%| O|  |TS  0|AC  0|TAMS 0x0000000702000000, 0x0000000702000000|
|  33|0x0000000702100000, 0x00000007021fffe8, 0x0000000702200000| 99%| O|  |TS  0|AC  0|TAMS 0x0000000702100000, 0x0000000702100000|
|  34|0x0000000702200000, 0x0000000702300000, 0x0000000702300000|100%| O|  |TS  0|AC  0|TAMS 0x0000000702200000, 0x0000000702200000|
|  35|0x0000000702300000, 0x0000000702400000, 0x0000000702400000|100%| O|  |TS  0|AC  0|TAMS 0x0000000702300000, 0x0000000702300000|
|  36|0x0000000702400000, 0x00000007024ffff8, 0x0000000702500000| 99%| O|  |TS  0|AC  0|TAMS 0x0000000702400000, 0x0000000702400000|
|  37|0x0000000702500000, 0x00000007025ffff8, 0x0000000702600000| 99%| O|  |TS  0|AC  0|TAMS 0x0000000702500000, 0x0000000702500000|
|  38|0x0000000702600000, 0x00000007026fffd0, 0x0000000702700000| 99%| O|  |TS  0|AC  0|TAMS 0x0000000702600000, 0x0000000702600000|
|  39|0x0000000702700000, 0x00000007027fffd8, 0x0000000702800000| 99%| O|  |TS  0|AC  0|TAMS 0x0000000702700000, 0x0000000702700000|
|  40|0x0000000702800000, 0x00000007028cf6d0, 0x0000000702900000| 81%| O|  |TS  0|AC  0|TAMS 0x0000000702800000, 0x0000000702800000|
|  41|0x0000000702900000, 0x00000007029ffff0, 0x0000000702a00000| 99%| O|  |TS  0|AC  0|TAMS 0x0000000702900000, 0x0000000702900000|
|  42|0x0000000702a00000, 0x0000000702afffa8, 0x0000000702b00000| 99%| O|  |TS  0|AC  0|TAMS 0x0000000702a00000, 0x0000000702a00000|
|  43|0x0000000702b00000, 0x0000000702c00000, 0x0000000702c00000|100%|HS|  |TS  0|AC  0|TAMS 0x0000000702b00000, 0x0000000702b00000|
|  44|0x0000000702c00000, 0x0000000702d00000, 0x0000000702d00000|100%|HC|  |TS  0|AC  0|TAMS 0x0000000702c00000, 0x0000000702c00000|
|  45|0x0000000702d00000, 0x0000000702e00000, 0x0000000702e00000|100%|HC|  |TS  0|AC  0|TAMS 0x0000000702d00000, 0x0000000702d00000|
|  46|0x0000000702e00000, 0x0000000702f00000, 0x0000000702f00000|100%|HC|  |TS  0|AC  0|TAMS 0x0000000702e00000, 0x0000000702e00000|
|  47|0x0000000702f00000, 0x0000000703000000, 0x0000000703000000|100%|HC|  |TS  0|AC  0|TAMS 0x0000000702f00000, 0x0000000702f00000|
|  48|0x0000000703000000, 0x0000000703100000, 0x0000000703100000|100%|HC|  |TS  0|AC  0|TAMS 0x0000000703000000, 0x0000000703000000|
|  49|0x0000000703100000, 0x0000000703200000, 0x0000000703200000|100%|HC|  |TS  0|AC  0|TAMS 0x0000000703100000, 0x0000000703100000|
|  50|0x0000000703200000, 0x0000000703300000, 0x0000000703300000|100%|HC|  |TS  0|AC  0|TAMS 0x0000000703200000, 0x0000000703200000|
|  51|0x0000000703300000, 0x00000007033ffff0, 0x0000000703400000| 99%| O|  |TS  0|AC  0|TAMS 0x0000000703300000, 0x0000000703300000|
|  52|0x0000000703400000, 0x00000007034ffff8, 0x0000000703500000| 99%| O|  |TS  0|AC  0|TAMS 0x0000000703400000, 0x0000000703400000|
|  53|0x0000000703500000, 0x0000000703600000, 0x0000000703600000|100%| O|  |TS  0|AC  0|TAMS 0x0000000703500000, 0x0000000703500000|
|  54|0x0000000703600000, 0x00000007036ffff8, 0x0000000703700000| 99%| O|  |TS  0|AC  0|TAMS 0x0000000703600000, 0x0000000703600000|
|  55|0x0000000703700000, 0x00000007037ffff8, 0x0000000703800000| 99%| O|  |TS  0|AC  0|TAMS 0x0000000703700000, 0x0000000703700000|
|  56|0x0000000703800000, 0x00000007038feb88, 0x0000000703900000| 99%| O|  |TS  0|AC  0|TAMS 0x0000000703800000, 0x0000000703800000|
|  57|0x0000000703900000, 0x00000007039954a8, 0x0000000703a00000| 58%| O|  |TS  0|AC  0|TAMS 0x0000000703900000, 0x0000000703900000|
|  58|0x0000000703a00000, 0x0000000703a00000, 0x0000000703b00000|  0%| F|  |TS  0|AC  0|TAMS 0x0000000703a00000, 0x0000000703a00000|
|  59|0x0000000703b00000, 0x0000000703b00000, 0x0000000703c00000|  0%| F|  |TS  0|AC  0|TAMS 0x0000000703b00000, 0x0000000703b00000|
|  60|0x0000000703c00000, 0x0000000703c00000, 0x0000000703d00000|  0%| F|  |TS  0|AC  0|TAMS 0x0000000703c00000, 0x0000000703c00000|
|  61|0x0000000703d00000, 0x0000000703d00000, 0x0000000703e00000|  0%| F|  |TS  0|AC  0|TAMS 0x0000000703d00000, 0x0000000703d00000|
|  62|0x0000000703e00000, 0x0000000703f00000, 0x0000000703f00000|100%|HS|  |TS  0|AC  0|TAMS 0x0000000703e00000, 0x0000000703e00000|
|  63|0x0000000703f00000, 0x0000000704000000, 0x0000000704000000|100%|HC|  |TS  0|AC  0|TAMS 0x0000000703f00000, 0x0000000703f00000|
|  64|0x0000000704000000, 0x0000000704000000, 0x0000000704100000|  0%| F|  |TS  0|AC  0|TAMS 0x0000000704000000, 0x0000000704000000|
|  65|0x0000000704100000, 0x0000000704100000, 0x0000000704200000|  0%| F|  |TS  0|AC  0|TAMS 0x0000000704100000, 0x0000000704100000|
|  66|0x0000000704200000, 0x0000000704200000, 0x0000000704300000|  0%| F|  |TS  0|AC  0|TAMS 0x0000000704200000, 0x0000000704200000|
|  67|0x0000000704300000, 0x0000000704300000, 0x0000000704400000|  0%| F|  |TS  0|AC  0|TAMS 0x0000000704300000, 0x0000000704300000|
|  68|0x0000000704400000, 0x0000000704400000, 0x0000000704500000|  0%| F|  |TS  0|AC  0|TAMS 0x0000000704400000, 0x0000000704400000|
|  69|0x0000000704500000, 0x0000000704500000, 0x0000000704600000|  0%| F|  |TS  0|AC  0|TAMS 0x0000000704500000, 0x0000000704500000|
|  70|0x0000000704600000, 0x0000000704600000, 0x0000000704700000|  0%| F|  |TS  0|AC  0|TAMS 0x0000000704600000, 0x0000000704600000|
|  71|0x0000000704700000, 0x0000000704700000, 0x0000000704800000|  0%| F|  |TS  0|AC  0|TAMS 0x0000000704700000, 0x0000000704700000|
|  72|0x0000000704800000, 0x0000000704800000, 0x0000000704900000|  0%| F|  |TS  0|AC  0|TAMS 0x0000000704800000, 0x0000000704800000|
|  73|0x0000000704900000, 0x0000000704900000, 0x0000000704a00000|  0%| F|  |TS  0|AC  0|TAMS 0x0000000704900000, 0x0000000704900000|
|  74|0x0000000704a00000, 0x0000000704a00000, 0x0000000704b00000|  0%| F|  |TS  0|AC  0|TAMS 0x0000000704a00000, 0x0000000704a00000|
|  75|0x0000000704b00000, 0x0000000704b00000, 0x0000000704c00000|  0%| F|  |TS  0|AC  0|TAMS 0x0000000704b00000, 0x0000000704b00000|
|  76|0x0000000704c00000, 0x0000000704c00000, 0x0000000704d00000|  0%| F|  |TS  0|AC  0|TAMS 0x0000000704c00000, 0x0000000704c00000|
|  77|0x0000000704d00000, 0x0000000704d00000, 0x0000000704e00000|  0%| F|  |TS  0|AC  0|TAMS 0x0000000704d00000, 0x0000000704d00000|
|  78|0x0000000704e00000, 0x0000000704e00000, 0x0000000704f00000|  0%| F|  |TS  0|AC  0|TAMS 0x0000000704e00000, 0x0000000704e00000|
|  79|0x0000000704f00000, 0x0000000704f00000, 0x0000000705000000|  0%| F|  |TS  0|AC  0|TAMS 0x0000000704f00000, 0x0000000704f00000|
|  80|0x0000000705000000, 0x0000000705000000, 0x0000000705100000|  0%| F|  |TS  0|AC  0|TAMS 0x0000000705000000, 0x0000000705000000|
|  81|0x0000000705100000, 0x0000000705100000, 0x0000000705200000|  0%| F|  |TS  0|AC  0|TAMS 0x0000000705100000, 0x0000000705100000|
|  82|0x0000000705200000, 0x0000000705200000, 0x0000000705300000|  0%| F|  |TS  0|AC  0|TAMS 0x0000000705200000, 0x0000000705200000|
|  83|0x0000000705300000, 0x0000000705300000, 0x0000000705400000|  0%| F|  |TS  0|AC  0|TAMS 0x0000000705300000, 0x0000000705300000|
|  84|0x0000000705400000, 0x0000000705400000, 0x0000000705500000|  0%| F|  |TS  0|AC  0|TAMS 0x0000000705400000, 0x0000000705400000|
|  85|0x0000000705500000, 0x0000000705500000, 0x0000000705600000|  0%| F|  |TS  0|AC  0|TAMS 0x0000000705500000, 0x0000000705500000|
|  86|0x0000000705600000, 0x0000000705600000, 0x0000000705700000|  0%| F|  |TS  0|AC  0|TAMS 0x0000000705600000, 0x0000000705600000|
|  87|0x0000000705700000, 0x0000000705700000, 0x0000000705800000|  0%| F|  |TS  0|AC  0|TAMS 0x0000000705700000, 0x0000000705700000|
|  88|0x0000000705800000, 0x0000000705800000, 0x0000000705900000|  0%| F|  |TS  0|AC  0|TAMS 0x0000000705800000, 0x0000000705800000|
|  89|0x0000000705900000, 0x0000000705900000, 0x0000000705a00000|  0%| F|  |TS  0|AC  0|TAMS 0x0000000705900000, 0x0000000705900000|
|  90|0x0000000705a00000, 0x0000000705a00000, 0x0000000705b00000|  0%| F|  |TS  0|AC  0|TAMS 0x0000000705a00000, 0x0000000705a00000|
|  91|0x0000000705b00000, 0x0000000705b00000, 0x0000000705c00000|  0%| F|  |TS  0|AC  0|TAMS 0x0000000705b00000, 0x0000000705b00000|
|  92|0x0000000705c00000, 0x0000000705c00000, 0x0000000705d00000|  0%| F|  |TS  0|AC  0|TAMS 0x0000000705c00000, 0x0000000705c00000|
|  93|0x0000000705d00000, 0x0000000705d00000, 0x0000000705e00000|  0%| F|  |TS  0|AC  0|TAMS 0x0000000705d00000, 0x0000000705d00000|
|  94|0x0000000705e00000, 0x0000000705e00000, 0x0000000705f00000|  0%| F|  |TS  0|AC  0|TAMS 0x0000000705e00000, 0x0000000705e00000|
|  95|0x0000000705f00000, 0x0000000705f00000, 0x0000000706000000|  0%| F|  |TS  0|AC  0|TAMS 0x0000000705f00000, 0x0000000705f00000|
|  96|0x0000000706000000, 0x0000000706000000, 0x0000000706100000|  0%| F|  |TS  0|AC  0|TAMS 0x0000000706000000, 0x0000000706000000|
|  97|0x0000000706100000, 0x0000000706100000, 0x0000000706200000|  0%| F|  |TS  0|AC  0|TAMS 0x0000000706100000, 0x0000000706100000|
|  98|0x0000000706200000, 0x0000000706200000, 0x0000000706300000|  0%| F|  |TS  0|AC  0|TAMS 0x0000000706200000, 0x0000000706200000|
|  99|0x0000000706300000, 0x0000000706300000, 0x0000000706400000|  0%| F|  |TS  0|AC  0|TAMS 0x0000000706300000, 0x0000000706300000|
| 100|0x0000000706400000, 0x0000000706400000, 0x0000000706500000|  0%| F|  |TS  0|AC  0|TAMS 0x0000000706400000, 0x0000000706400000|
| 101|0x0000000706500000, 0x0000000706500000, 0x0000000706600000|  0%| F|  |TS  0|AC  0|TAMS 0x0000000706500000, 0x0000000706500000|
| 102|0x0000000706600000, 0x0000000706600000, 0x0000000706700000|  0%| F|  |TS  0|AC  0|TAMS 0x0000000706600000, 0x0000000706600000|
| 103|0x0000000706700000, 0x0000000706700000, 0x0000000706800000|  0%| F|  |TS  0|AC  0|TAMS 0x0000000706700000, 0x0000000706700000|
| 104|0x0000000706800000, 0x0000000706800000, 0x0000000706900000|  0%| F|  |TS  0|AC  0|TAMS 0x0000000706800000, 0x0000000706800000|
| 105|0x0000000706900000, 0x0000000706900000, 0x0000000706a00000|  0%| F|  |TS  0|AC  0|TAMS 0x0000000706900000, 0x0000000706900000|
| 106|0x0000000706a00000, 0x0000000706a00000, 0x0000000706b00000|  0%| F|  |TS  0|AC  0|TAMS 0x0000000706a00000, 0x0000000706a00000|
| 107|0x0000000706b00000, 0x0000000706b00000, 0x0000000706c00000|  0%| F|  |TS  0|AC  0|TAMS 0x0000000706b00000, 0x0000000706b00000|
| 108|0x0000000706c00000, 0x0000000706c00000, 0x0000000706d00000|  0%| F|  |TS  0|AC  0|TAMS 0x0000000706c00000, 0x0000000706c00000|
| 109|0x0000000706d00000, 0x0000000706d00000, 0x0000000706e00000|  0%| F|  |TS  0|AC  0|TAMS 0x0000000706d00000, 0x0000000706d00000|
| 110|0x0000000706e00000, 0x0000000706e00000, 0x0000000706f00000|  0%| F|  |TS  0|AC  0|TAMS 0x0000000706e00000, 0x0000000706e00000|
| 111|0x0000000706f00000, 0x0000000706f00000, 0x0000000707000000|  0%| F|  |TS  0|AC  0|TAMS 0x0000000706f00000, 0x0000000706f00000|
| 112|0x0000000707000000, 0x0000000707000000, 0x0000000707100000|  0%| F|  |TS  0|AC  0|TAMS 0x0000000707000000, 0x0000000707000000|
| 113|0x0000000707100000, 0x0000000707100000, 0x0000000707200000|  0%| F|  |TS  0|AC  0|TAMS 0x0000000707100000, 0x0000000707100000|
| 114|0x0000000707200000, 0x0000000707200000, 0x0000000707300000|  0%| F|  |TS  0|AC  0|TAMS 0x0000000707200000, 0x0000000707200000|
| 115|0x0000000707300000, 0x0000000707300000, 0x0000000707400000|  0%| F|  |TS  0|AC  0|TAMS 0x0000000707300000, 0x0000000707300000|
| 116|0x0000000707400000, 0x0000000707400000, 0x0000000707500000|  0%| F|  |TS  0|AC  0|TAMS 0x0000000707400000, 0x0000000707400000|
| 117|0x0000000707500000, 0x0000000707500000, 0x0000000707600000|  0%| F|  |TS  0|AC  0|TAMS 0x0000000707500000, 0x0000000707500000|
| 118|0x0000000707600000, 0x0000000707600000, 0x0000000707700000|  0%| F|  |TS  0|AC  0|TAMS 0x0000000707600000, 0x0000000707600000|
| 119|0x0000000707700000, 0x0000000707700000, 0x0000000707800000|  0%| F|  |TS  0|AC  0|TAMS 0x0000000707700000, 0x0000000707700000|
| 120|0x0000000707800000, 0x0000000707800000, 0x0000000707900000|  0%| F|  |TS  0|AC  0|TAMS 0x0000000707800000, 0x0000000707800000|
| 121|0x0000000707900000, 0x0000000707900000, 0x0000000707a00000|  0%| F|  |TS  0|AC  0|TAMS 0x0000000707900000, 0x0000000707900000|
| 122|0x0000000707a00000, 0x0000000707a00000, 0x0000000707b00000|  0%| F|  |TS  0|AC  0|TAMS 0x0000000707a00000, 0x0000000707a00000|
| 123|0x0000000707b00000, 0x0000000707b00000, 0x0000000707c00000|  0%| F|  |TS  0|AC  0|TAMS 0x0000000707b00000, 0x0000000707b00000|
| 124|0x0000000707c00000, 0x0000000707c00000, 0x0000000707d00000|  0%| F|  |TS  0|AC  0|TAMS 0x0000000707c00000, 0x0000000707c00000|
| 125|0x0000000707d00000, 0x0000000707d00000, 0x0000000707e00000|  0%| F|  |TS  0|AC  0|TAMS 0x0000000707d00000, 0x0000000707d00000|
| 126|0x0000000707e00000, 0x0000000707e00000, 0x0000000707f00000|  0%| F|  |TS  0|AC  0|TAMS 0x0000000707e00000, 0x0000000707e00000|
| 127|0x0000000707f00000, 0x0000000707f00000, 0x0000000708000000|  0%| F|  |TS  0|AC  0|TAMS 0x0000000707f00000, 0x0000000707f00000|
| 128|0x0000000708000000, 0x0000000708000000, 0x0000000708100000|  0%| F|  |TS  0|AC  0|TAMS 0x0000000708000000, 0x0000000708000000|
| 129|0x0000000708100000, 0x0000000708100000, 0x0000000708200000|  0%| F|  |TS  0|AC  0|TAMS 0x0000000708100000, 0x0000000708100000|
| 130|0x0000000708200000, 0x0000000708200000, 0x0000000708300000|  0%| F|  |TS  0|AC  0|TAMS 0x0000000708200000, 0x0000000708200000|
| 131|0x0000000708300000, 0x0000000708300000, 0x0000000708400000|  0%| F|  |TS  0|AC  0|TAMS 0x0000000708300000, 0x0000000708300000|
| 132|0x0000000708400000, 0x0000000708400000, 0x0000000708500000|  0%| F|  |TS  0|AC  0|TAMS 0x0000000708400000, 0x0000000708400000|
| 133|0x0000000708500000, 0x0000000708500000, 0x0000000708600000|  0%| F|  |TS  0|AC  0|TAMS 0x0000000708500000, 0x0000000708500000|
| 134|0x0000000708600000, 0x0000000708600000, 0x0000000708700000|  0%| F|  |TS  0|AC  0|TAMS 0x0000000708600000, 0x0000000708600000|
| 135|0x0000000708700000, 0x0000000708700000, 0x0000000708800000|  0%| F|  |TS  0|AC  0|TAMS 0x0000000708700000, 0x0000000708700000|
| 136|0x0000000708800000, 0x0000000708800000, 0x0000000708900000|  0%| F|  |TS  0|AC  0|TAMS 0x0000000708800000, 0x0000000708800000|
| 137|0x0000000708900000, 0x0000000708900000, 0x0000000708a00000|  0%| F|  |TS  0|AC  0|TAMS 0x0000000708900000, 0x0000000708900000|
| 138|0x0000000708a00000, 0x0000000708a00000, 0x0000000708b00000|  0%| F|  |TS  0|AC  0|TAMS 0x0000000708a00000, 0x0000000708a00000|
| 139|0x0000000708b00000, 0x0000000708b00000, 0x0000000708c00000|  0%| F|  |TS  0|AC  0|TAMS 0x0000000708b00000, 0x0000000708b00000|
| 140|0x0000000708c00000, 0x0000000708c00000, 0x0000000708d00000|  0%| F|  |TS  0|AC  0|TAMS 0x0000000708c00000, 0x0000000708c00000|
| 141|0x0000000708d00000, 0x0000000708d00000, 0x0000000708e00000|  0%| F|  |TS  0|AC  0|TAMS 0x0000000708d00000, 0x0000000708d00000|
| 142|0x0000000708e00000, 0x0000000708e00000, 0x0000000708f00000|  0%| F|  |TS  0|AC  0|TAMS 0x0000000708e00000, 0x0000000708e00000|
| 143|0x0000000708f00000, 0x0000000708f00000, 0x0000000709000000|  0%| F|  |TS  0|AC  0|TAMS 0x0000000708f00000, 0x0000000708f00000|
| 144|0x0000000709000000, 0x0000000709000000, 0x0000000709100000|  0%| F|  |TS  0|AC  0|TAMS 0x0000000709000000, 0x0000000709000000|
| 145|0x0000000709100000, 0x0000000709100000, 0x0000000709200000|  0%| F|  |TS  0|AC  0|TAMS 0x0000000709100000, 0x0000000709100000|
| 146|0x0000000709200000, 0x0000000709200000, 0x0000000709300000|  0%| F|  |TS  0|AC  0|TAMS 0x0000000709200000, 0x0000000709200000|
| 147|0x0000000709300000, 0x0000000709300000, 0x0000000709400000|  0%| F|  |TS  0|AC  0|TAMS 0x0000000709300000, 0x0000000709300000|
| 148|0x0000000709400000, 0x0000000709481fc8, 0x0000000709500000| 50%| E|  |TS  0|AC  0|TAMS 0x0000000709400000, 0x0000000709400000|
| 149|0x0000000709500000, 0x0000000709600000, 0x0000000709600000|100%| E|CS|TS  0|AC  0|TAMS 0x0000000709500000, 0x0000000709500000|
| 150|0x0000000709600000, 0x0000000709700000, 0x0000000709700000|100%| E|CS|TS  0|AC  0|TAMS 0x0000000709600000, 0x0000000709600000|
| 151|0x0000000709700000, 0x0000000709800000, 0x0000000709800000|100%| E|CS|TS  0|AC  0|TAMS 0x0000000709700000, 0x0000000709700000|
| 152|0x0000000709800000, 0x0000000709900000, 0x0000000709900000|100%| E|CS|TS  0|AC  0|TAMS 0x0000000709800000, 0x0000000709800000|
| 153|0x0000000709900000, 0x0000000709a00000, 0x0000000709a00000|100%| E|CS|TS  0|AC  0|TAMS 0x0000000709900000, 0x0000000709900000|
| 154|0x0000000709a00000, 0x0000000709b00000, 0x0000000709b00000|100%| E|CS|TS  0|AC  0|TAMS 0x0000000709a00000, 0x0000000709a00000|
| 155|0x0000000709b00000, 0x0000000709c00000, 0x0000000709c00000|100%| E|CS|TS  0|AC  0|TAMS 0x0000000709b00000, 0x0000000709b00000|
| 156|0x0000000709c00000, 0x0000000709d00000, 0x0000000709d00000|100%| E|CS|TS  0|AC  0|TAMS 0x0000000709c00000, 0x0000000709c00000|
| 157|0x0000000709d00000, 0x0000000709e00000, 0x0000000709e00000|100%| E|CS|TS  0|AC  0|TAMS 0x0000000709d00000, 0x0000000709d00000|
| 158|0x0000000709e00000, 0x0000000709f00000, 0x0000000709f00000|100%| E|CS|TS  0|AC  0|TAMS 0x0000000709e00000, 0x0000000709e00000|
| 159|0x0000000709f00000, 0x000000070a000000, 0x000000070a000000|100%| E|CS|TS  0|AC  0|TAMS 0x0000000709f00000, 0x0000000709f00000|
| 160|0x000000070a000000, 0x000000070a100000, 0x000000070a100000|100%| E|CS|TS  0|AC  0|TAMS 0x000000070a000000, 0x000000070a000000|
| 161|0x000000070a100000, 0x000000070a200000, 0x000000070a200000|100%| E|CS|TS  0|AC  0|TAMS 0x000000070a100000, 0x000000070a100000|
| 162|0x000000070a200000, 0x000000070a300000, 0x000000070a300000|100%| E|CS|TS  0|AC  0|TAMS 0x000000070a200000, 0x000000070a200000|
| 163|0x000000070a300000, 0x000000070a400000, 0x000000070a400000|100%| E|CS|TS  0|AC  0|TAMS 0x000000070a300000, 0x000000070a300000|
| 164|0x000000070a400000, 0x000000070a500000, 0x000000070a500000|100%| E|CS|TS  0|AC  0|TAMS 0x000000070a400000, 0x000000070a400000|
| 165|0x000000070a500000, 0x000000070a600000, 0x000000070a600000|100%| E|CS|TS  0|AC  0|TAMS 0x000000070a500000, 0x000000070a500000|
| 166|0x000000070a600000, 0x000000070a700000, 0x000000070a700000|100%| E|CS|TS  0|AC  0|TAMS 0x000000070a600000, 0x000000070a600000|
| 167|0x000000070a700000, 0x000000070a800000, 0x000000070a800000|100%| E|CS|TS  0|AC  0|TAMS 0x000000070a700000, 0x000000070a700000|
| 168|0x000000070a800000, 0x000000070a900000, 0x000000070a900000|100%| E|CS|TS  0|AC  0|TAMS 0x000000070a800000, 0x000000070a800000|
| 169|0x000000070a900000, 0x000000070aa00000, 0x000000070aa00000|100%| E|CS|TS  0|AC  0|TAMS 0x000000070a900000, 0x000000070a900000|
| 170|0x000000070aa00000, 0x000000070ab00000, 0x000000070ab00000|100%| E|CS|TS  0|AC  0|TAMS 0x000000070aa00000, 0x000000070aa00000|
| 171|0x000000070ab00000, 0x000000070ac00000, 0x000000070ac00000|100%| E|CS|TS  0|AC  0|TAMS 0x000000070ab00000, 0x000000070ab00000|
| 172|0x000000070ac00000, 0x000000070ad00000, 0x000000070ad00000|100%| E|CS|TS  0|AC  0|TAMS 0x000000070ac00000, 0x000000070ac00000|
| 173|0x000000070ad00000, 0x000000070ae00000, 0x000000070ae00000|100%| E|CS|TS  0|AC  0|TAMS 0x000000070ad00000, 0x000000070ad00000|
| 174|0x000000070ae00000, 0x000000070af00000, 0x000000070af00000|100%| E|CS|TS  0|AC  0|TAMS 0x000000070ae00000, 0x000000070ae00000|
| 175|0x000000070af00000, 0x000000070b000000, 0x000000070b000000|100%| E|CS|TS  0|AC  0|TAMS 0x000000070af00000, 0x000000070af00000|
| 176|0x000000070b000000, 0x000000070b100000, 0x000000070b100000|100%| E|CS|TS  0|AC  0|TAMS 0x000000070b000000, 0x000000070b000000|

Card table byte_map: [0x000002ddd0e30000,0x000002ddd1430000] byte_map_base: 0x000002ddcd630000

Marking Bits (Prev, Next): (CMBitMap*) 0x000002ddd4f3e6a0, (CMBitMap*) 0x000002ddd4f3e6d8
 Prev Bits: [0x000002ddeb460000, 0x000002ddee460000)
 Next Bits: [0x000002ddee460000, 0x000002ddf1460000)

Polling page: 0x000002ddc7610000

CodeHeap 'non-profiled nmethods': size=120000Kb used=13030Kb max_used=13030Kb free=106969Kb
 bounds [0x000002dde3f30000, 0x000002dde4bf0000, 0x000002ddeb460000]
CodeHeap 'profiled nmethods': size=120000Kb used=31681Kb max_used=32113Kb free=88318Kb
 bounds [0x000002dddca00000, 0x000002ddde980000, 0x000002dde3f30000]
CodeHeap 'non-nmethods': size=5760Kb used=1715Kb max_used=1776Kb free=4045Kb
 bounds [0x000002dddc460000, 0x000002dddc6d0000, 0x000002dddca00000]
 total_blobs=21947 nmethods=12978 adapters=1018
 compilation: enabled

Compilation events (10 events):
Event: 688.257 Thread 0x000002ddd4a84000 nmethod 15478 0x000002ddddeaaf10 code [0x000002ddddeab0e0, 0x000002ddddeab870]
Event: 688.257 Thread 0x000002ddd4a84000 15479   !   3       com.jidesoft.grid.TableModelWrapperImpl::tableChanged (259 bytes)
Event: 688.258 Thread 0x000002ddd4a84000 nmethod 15479 0x000002ddddeb4990 code [0x000002ddddeb4d00, 0x000002ddddeb7030]
Event: 688.258 Thread 0x000002ddd4a84000 15480  s    3       com.jidesoft.grid.AbstractNode::firePropertyChange (27 bytes)
Event: 688.258 Thread 0x000002ddd4a84000 nmethod 15480 0x000002ddddea7610 code [0x000002ddddea77e0, 0x000002ddddea7bb0]
Event: 688.258 Thread 0x000002ddd4a84000 15481       3       ui.views.O.i.e::getColumnName (9 bytes)
Event: 688.258 Thread 0x000002ddd4a84000 nmethod 15481 0x000002ddddeaa810 code [0x000002ddddeaa9e0, 0x000002ddddeaadd0]
Event: 688.258 Thread 0x000002ddd4a84000 15482       3       ui.views.waveform.executive.protobuf.WVTree$WVTreeMessage::getColumnName (14 bytes)
Event: 688.259 Thread 0x000002ddd4a84000 nmethod 15482 0x000002dddde5fe10 code [0x000002dddde5ffe0, 0x000002dddde602f0]
Event: 688.259 Thread 0x000002ddceffa800 15483       4       com.jidesoft.grid.TableModelWrapperUtils::getActualRowAt (90 bytes)

GC Heap History (10 events):
Event: 679.393 GC heap before
{Heap before GC invocations=58 (full 17):
 garbage-first heap   total 181248K, used 61979K [0x0000000700000000, 0x0000000700100588, 0x00000007c0000000)
  region size 1024K, 3 young (3072K), 0 survivors (0K)
 Metaspace       used 75081K, capacity 79781K, committed 79952K, reserved 1118208K
  class space    used 10441K, capacity 11271K, committed 11344K, reserved 1048576K
}
Event: 679.514 GC heap after
{Heap after GC invocations=59 (full 18):
 garbage-first heap   total 181248K, used 59936K [0x0000000700000000, 0x0000000700100588, 0x00000007c0000000)
  region size 1024K, 0 young (0K), 0 survivors (0K)
 Metaspace       used 75081K, capacity 79781K, committed 79952K, reserved 1118208K
  class space    used 10441K, capacity 11271K, committed 11344K, reserved 1048576K
}
Event: 679.776 GC heap before
{Heap before GC invocations=59 (full 18):
 garbage-first heap   total 181248K, used 67104K [0x0000000700000000, 0x0000000700100588, 0x00000007c0000000)
  region size 1024K, 4 young (4096K), 0 survivors (0K)
 Metaspace       used 75085K, capacity 79781K, committed 79952K, reserved 1118208K
  class space    used 10441K, capacity 11271K, committed 11344K, reserved 1048576K
}
Event: 679.889 GC heap after
{Heap after GC invocations=60 (full 19):
 garbage-first heap   total 181248K, used 59963K [0x0000000700000000, 0x0000000700100588, 0x00000007c0000000)
  region size 1024K, 0 young (0K), 0 survivors (0K)
 Metaspace       used 75085K, capacity 79781K, committed 79952K, reserved 1118208K
  class space    used 10441K, capacity 11271K, committed 11344K, reserved 1048576K
}
Event: 680.000 GC heap before
{Heap before GC invocations=60 (full 19):
 garbage-first heap   total 181248K, used 62011K [0x0000000700000000, 0x0000000700100588, 0x00000007c0000000)
  region size 1024K, 3 young (3072K), 0 survivors (0K)
 Metaspace       used 75110K, capacity 79849K, committed 79952K, reserved 1118208K
  class space    used 10442K, capacity 11271K, committed 11344K, reserved 1048576K
}
Event: 680.114 GC heap after
{Heap after GC invocations=61 (full 20):
 garbage-first heap   total 181248K, used 59961K [0x0000000700000000, 0x0000000700100588, 0x00000007c0000000)
  region size 1024K, 0 young (0K), 0 survivors (0K)
 Metaspace       used 75110K, capacity 79849K, committed 79952K, reserved 1118208K
  class space    used 10442K, capacity 11271K, committed 11344K, reserved 1048576K
}
Event: 680.380 GC heap before
{Heap before GC invocations=61 (full 20):
 garbage-first heap   total 181248K, used 63033K [0x0000000700000000, 0x0000000700100588, 0x00000007c0000000)
  region size 1024K, 4 young (4096K), 0 survivors (0K)
 Metaspace       used 75118K, capacity 79849K, committed 79952K, reserved 1118208K
  class space    used 10442K, capacity 11271K, committed 11344K, reserved 1048576K
}
Event: 680.500 GC heap after
{Heap after GC invocations=62 (full 21):
 garbage-first heap   total 181248K, used 60087K [0x0000000700000000, 0x0000000700100588, 0x00000007c0000000)
  region size 1024K, 0 young (0K), 0 survivors (0K)
 Metaspace       used 75118K, capacity 79849K, committed 79952K, reserved 1118208K
  class space    used 10442K, capacity 11271K, committed 11344K, reserved 1048576K
}
Event: 683.485 GC heap before
{Heap before GC invocations=62 (full 21):
 garbage-first heap   total 181248K, used 74423K [0x0000000700000000, 0x0000000700100588, 0x00000007c0000000)
  region size 1024K, 15 young (15360K), 0 survivors (0K)
 Metaspace       used 75128K, capacity 79849K, committed 79952K, reserved 1118208K
  class space    used 10442K, capacity 11271K, committed 11344K, reserved 1048576K
}
Event: 683.626 GC heap after
{Heap after GC invocations=63 (full 22):
 garbage-first heap   total 181248K, used 60321K [0x0000000700000000, 0x0000000700100588, 0x00000007c0000000)
  region size 1024K, 0 young (0K), 0 survivors (0K)
 Metaspace       used 75128K, capacity 79849K, committed 79952K, reserved 1118208K
  class space    used 10442K, capacity 11271K, committed 11344K, reserved 1048576K
}

Deoptimization events (10 events):
Event: 680.342 Thread 0x000002ddf48af800 Uncommon trap: reason=unstable_if action=reinterpret pc=0x000002dde416e6e4 method=java.lang.StringCoding$StringDecoder.decode([BII)Ljava/lang/StringCoding$Result; @ 25 c2
Event: 680.342 Thread 0x000002ddf48af800 Uncommon trap: reason=unstable_if action=reinterpret pc=0x000002dde4aaa724 method=sun.font.FontUtilities.isComplexText([CII)Z @ 13 c2
Event: 680.342 Thread 0x000002ddf48af800 Uncommon trap: reason=unstable_if action=reinterpret pc=0x000002dde441fb78 method=sun.font.CompositeGlyphMapper.charsToGlyphs(I[C[I)V @ 19 c2
Event: 680.342 Thread 0x000002ddf48af800 Uncommon trap: reason=unstable_if action=reinterpret pc=0x000002dde44d38d8 method=sun.font.CompositeGlyphMapper.getCachedGlyphCode(I)I @ 3 c2
Event: 680.367 Thread 0x000002ddf48af800 Uncommon trap: reason=unstable_if action=reinterpret pc=0x000002dde417ab88 method=sun.nio.ch.Util$BufferCache.get(I)Ljava/nio/ByteBuffer; @ 47 c2
Event: 680.374 Thread 0x000002ddf48af800 Uncommon trap: reason=unstable_if action=reinterpret pc=0x000002dde4b9e29c method=sun.font.CompositeGlyphMapper.charsToGlyphsNS(I[C[I)Z @ 103 c2
Event: 681.457 Thread 0x000002ddf48e4000 Uncommon trap: reason=unstable_if action=reinterpret pc=0x000002dde471c9a4 method=java.util.concurrent.locks.AbstractQueuedSynchronizer.acquireQueued(Ljava/util/concurrent/locks/AbstractQueuedSynchronizer$Node;I)Z @ 14 c2
Event: 681.457 Thread 0x000002ddf48af800 Uncommon trap: reason=unstable_if action=reinterpret pc=0x000002dde4aa5300 method=java.util.concurrent.locks.AbstractQueuedSynchronizer.isOnSyncQueue(Ljava/util/concurrent/locks/AbstractQueuedSynchronizer$Node;)Z @ 22 c2
Event: 688.250 Thread 0x000002ddf48af800 Uncommon trap: reason=class_check action=maybe_recompile pc=0x000002dde4bdf878 method=ui.views.waveform.executive.protobuf.WVTree$WVTreeNode.getColumnValuesCount()I @ 4 c2
Event: 688.251 Thread 0x000002ddf48af800 Uncommon trap: reason=class_check action=maybe_recompile pc=0x000002dde4bdf878 method=ui.views.waveform.executive.protobuf.WVTree$WVTreeNode.getColumnValuesCount()I @ 4 c2

Classes redefined (0 events):
No events

Internal exceptions (10 events):
Event: 591.756 Thread 0x000002ddf48af800 Exception <a 'java/lang/NoSuchMethodError'{0x000000070a53f948}: java.lang.invoke.DirectMethodHandle$Holder.invokeSpecial(Ljava/lang/Object;Ljava/lang/Object;IIIJJJ)Ljava/lang/Object;> (0x000000070a53f948) thrown at [t:/workspace/hotspot/src/share/vm/inter
Event: 591.756 Thread 0x000002ddf48af800 Exception <a 'java/lang/NoSuchMethodError'{0x000000070a543030}: java.lang.invoke.DelegatingMethodHandle$Holder.reinvoke_L(Ljava/lang/Object;IIIJJJ)Ljava/lang/Object;> (0x000000070a543030) thrown at [t:/workspace/hotspot/src/share/vm/interpreter/linkResolv
Event: 591.756 Thread 0x000002ddf48af800 Exception <a 'java/lang/NoSuchMethodError'{0x000000070a551878}: method resolution failed> (0x000000070a551878) thrown at [t:/workspace/hotspot/src/share/vm/prims/methodHandles.cpp, line 1256]
Event: 591.911 Thread 0x000002ddf6291800 Implicit null exception at 0x000002dde4681b2d to 0x000002dde4682335
Event: 592.127 Thread 0x000002ddced5c800 Implicit null exception at 0x000002dde470dc34 to 0x000002dde470fa95
Event: 663.683 Thread 0x000002ddf48af800 Exception <a 'java/lang/NoSuchMethodError'{0x000000070a854e10}: java.lang.invoke.DelegatingMethodHandle$Holder.reinvoke_L(Ljava/lang/Object;Ljava/lang/Object;J)Ljava/lang/Object;> (0x000000070a854e10) thrown at [t:/workspace/hotspot/src/share/vm/interpret
Event: 666.656 Thread 0x000002ddced5f000 Implicit null exception at 0x000002dde470dc34 to 0x000002dde470fa95
Event: 675.831 Thread 0x000002ddf48af800 Exception <a 'java/lang/NoSuchMethodError'{0x000000070a4dd288}: java.lang.invoke.DirectMethodHandle$Holder.invokeSpecial(Ljava/lang/Object;Ljava/lang/Object;IILjava/lang/Object;ILjava/lang/Object;I)Ljava/lang/Object;> (0x000000070a4dd288) thrown at [t:/wo
Event: 675.832 Thread 0x000002ddf48af800 Exception <a 'java/lang/NoSuchMethodError'{0x000000070a4e0938}: java.lang.invoke.DelegatingMethodHandle$Holder.reinvoke_L(Ljava/lang/Object;IILjava/lang/Object;ILjava/lang/Object;I)Ljava/lang/Object;> (0x000000070a4e0938) thrown at [t:/workspace/hotspot/s
Event: 675.833 Thread 0x000002ddf48af800 Exception <a 'java/lang/NoSuchMethodError'{0x000000070a3103b8}: method resolution failed> (0x000000070a3103b8) thrown at [t:/workspace/hotspot/src/share/vm/prims/methodHandles.cpp, line 1256]

Events (10 events):
Event: 688.151 Thread 0x000002ddf6291800 Thread added: 0x000002ddf6291800
Event: 688.154 Thread 0x000002ddf6291800 Thread exited: 0x000002ddf6291800
Event: 688.224 loading class ui/views/O/i/c
Event: 688.224 loading class ui/views/O/i/c done
Event: 688.250 Thread 0x000002ddf48af800 Uncommon trap: trap_request=0xffffffde fr.pc=0x000002dde4bdf878 relative=0x00000000000014f8
Event: 688.250 Thread 0x000002ddf48af800 DEOPT PACKING pc=0x000002dde4bdf878 sp=0x000000dfed3fd110
Event: 688.251 Thread 0x000002ddf48af800 DEOPT UNPACKING pc=0x000002dddc4adf29 sp=0x000000dfed3fd0a8 mode 2
Event: 688.251 Thread 0x000002ddf48af800 Uncommon trap: trap_request=0xffffffde fr.pc=0x000002dde4bdf878 relative=0x00000000000014f8
Event: 688.251 Thread 0x000002ddf48af800 DEOPT PACKING pc=0x000002dde4bdf878 sp=0x000000dfed3fd130
Event: 688.251 Thread 0x000002ddf48af800 DEOPT UNPACKING pc=0x000002dddc4adf29 sp=0x000000dfed3fd0c8 mode 2


Dynamic libraries:
0x00007ff642560000 - 0x00007ff642590000 	C:\Xilinx\Vivado\2019.1\bin\unwrapped\win64.o\vivado.exe
0x00007ffd30f40000 - 0x00007ffd31130000 	C:\WINDOWS\SYSTEM32\ntdll.dll
0x00007ffd2f900000 - 0x00007ffd2f9b2000 	C:\WINDOWS\System32\KERNEL32.DLL
0x00007ffd2e0b0000 - 0x00007ffd2e355000 	C:\WINDOWS\System32\KERNELBASE.dll
0x00007ffd2e5f0000 - 0x00007ffd2e6ea000 	C:\WINDOWS\System32\ucrtbase.dll
0x00007ffd17820000 - 0x00007ffd178b1000 	C:\WINDOWS\SYSTEM32\MSVCP140.dll
0x00007ffd1c1e0000 - 0x00007ffd1c1f4000 	C:\Xilinx\Vivado\2019.1\lib\win64.o\libboost_signals.dll
0x00007ffd2bb70000 - 0x00007ffd2bb89000 	C:\WINDOWS\SYSTEM32\VCRUNTIME140.dll
0x00007ffd1b6c0000 - 0x00007ffd1b6d4000 	C:\Xilinx\Vivado\2019.1\lib\win64.o\librdi_commonmain.dll
0x00007ffcf9e70000 - 0x00007ffcfad52000 	C:\Xilinx\Vivado\2019.1\lib\win64.o\librdi_common.dll
0x00007ffd2a4b0000 - 0x00007ffd2a4bc000 	C:\WINDOWS\SYSTEM32\VCRUNTIME140_1.dll
0x00007ffd2fb30000 - 0x00007ffd2fcc4000 	C:\WINDOWS\System32\USER32.dll
0x00007ffd2e000000 - 0x00007ffd2e021000 	C:\WINDOWS\System32\win32u.dll
0x00007ffd2fcd0000 - 0x00007ffd2fcf6000 	C:\WINDOWS\System32\GDI32.dll
0x00007ffd1b690000 - 0x00007ffd1b6b6000 	C:\Xilinx\Vivado\2019.1\lib\win64.o\libboost_filesystem.dll
0x00007ffd2bc00000 - 0x00007ffd2bc0a000 	C:\Xilinx\Vivado\2019.1\lib\win64.o\librdi_commonversion.dll
0x00007ffd2e360000 - 0x00007ffd2e4f6000 	C:\WINDOWS\System32\gdi32full.dll
0x00007ffd306c0000 - 0x00007ffd30763000 	C:\WINDOWS\System32\ADVAPI32.dll
0x00007ffd2e550000 - 0x00007ffd2e5ee000 	C:\WINDOWS\System32\msvcp_win.dll
0x00007ffd30950000 - 0x00007ffd309ee000 	C:\WINDOWS\System32\msvcrt.dll
0x00007ffd2fd00000 - 0x00007ffd303e7000 	C:\WINDOWS\System32\SHELL32.dll
0x00007ffd30820000 - 0x00007ffd308b7000 	C:\WINDOWS\System32\sechost.dll
0x00007ffd0f670000 - 0x00007ffd0f791000 	C:\Xilinx\Vivado\2019.1\lib\win64.o\librdi_commonxillic.dll
0x00007ffd2e500000 - 0x00007ffd2e54a000 	C:\WINDOWS\System32\cfgmgr32.dll
0x0000000064a70000 - 0x0000000064b9b000 	C:\Xilinx\Vivado\2019.1\lib\win64.o\tcl85t.dll
0x00007ffd30450000 - 0x00007ffd30570000 	C:\WINDOWS\System32\RPCRT4.dll
0x00007ffd30d50000 - 0x00007ffd30dbf000 	C:\WINDOWS\System32\WS2_32.dll
0x00007ffd30770000 - 0x00007ffd30819000 	C:\WINDOWS\System32\shcore.dll
0x00007ffd30a10000 - 0x00007ffd30d45000 	C:\WINDOWS\System32\combase.dll
0x00007ffd2e030000 - 0x00007ffd2e0b0000 	C:\WINDOWS\System32\bcryptPrimitives.dll
0x00007ffd2e840000 - 0x00007ffd2efc1000 	C:\WINDOWS\System32\windows.storage.dll
0x00007ffd2de20000 - 0x00007ffd2de43000 	C:\WINDOWS\System32\profapi.dll
0x00007ffd16d40000 - 0x00007ffd16d54000 	C:\Xilinx\Vivado\2019.1\lib\win64.o\libboost_date_time.dll
0x00007ffd04ec0000 - 0x00007ffd0522e000 	C:\Xilinx\Vivado\2019.1\lib\win64.o\libCOIN-all.dll
0x00007ffd2de70000 - 0x00007ffd2deba000 	C:\WINDOWS\System32\powrprof.dll
0x00007ffd2ddf0000 - 0x00007ffd2de00000 	C:\WINDOWS\System32\UMPDC.dll
0x00007ffd303f0000 - 0x00007ffd30442000 	C:\WINDOWS\System32\shlwapi.dll
0x00007ffd0f5f0000 - 0x00007ffd0f66f000 	C:\Xilinx\Vivado\2019.1\lib\win64.o\libboost_program_options.dll
0x00007ffd2de50000 - 0x00007ffd2de61000 	C:\WINDOWS\System32\kernel.appcore.dll
0x00007ffd2a430000 - 0x00007ffd2a43b000 	C:\Xilinx\Vivado\2019.1\lib\win64.o\libboost_system.dll
0x00007ffd0ad60000 - 0x00007ffd0ae74000 	C:\Xilinx\Vivado\2019.1\lib\win64.o\libboost_regex.dll
0x00007ffd2efd0000 - 0x00007ffd2efe7000 	C:\WINDOWS\System32\cryptsp.dll
0x00007ffd12fb0000 - 0x00007ffd12fd1000 	C:\Xilinx\Vivado\2019.1\lib\win64.o\libboost_thread.dll
0x00007ffd29580000 - 0x00007ffd2958f000 	C:\Xilinx\Vivado\2019.1\lib\win64.o\libboost_xilinx.dll
0x00007ffd0ed80000 - 0x00007ffd0ee02000 	C:\Xilinx\Vivado\2019.1\lib\win64.o\libhdlpsolve.dll
0x00007ffd04e10000 - 0x00007ffd04eb5000 	C:\Xilinx\Vivado\2019.1\lib\win64.o\libhdxml.dll
0x00007ffcf5690000 - 0x00007ffcf623f400 	C:\Xilinx\Vivado\2019.1\lib\win64.o\libisl_iostreams.dll
0x00007ffd0f810000 - 0x00007ffd0f83e000 	C:\Xilinx\Vivado\2019.1\lib\win64.o\libisl_sysinfo.dll
0x00007ffd04da0000 - 0x00007ffd04e05000 	C:\Xilinx\Vivado\2019.1\lib\win64.o\liblmx6.0.dll
0x00007ffd0f5d0000 - 0x00007ffd0f5ea000 	C:\Xilinx\Vivado\2019.1\lib\win64.o\pthreadVC2.dll
0x00007ffd0f5b0000 - 0x00007ffd0f5cc000 	C:\Xilinx\Vivado\2019.1\lib\win64.o\librdiconfig.dll
0x00007ffd0f220000 - 0x00007ffd0f241000 	C:\Xilinx\Vivado\2019.1\lib\win64.o\librdizlib.dll
0x0000000012000000 - 0x0000000012270000 	C:\Xilinx\Vivado\2019.1\lib\win64.o\xerces-c_3_1.dll
0x00007ffd228a0000 - 0x00007ffd228b7000 	C:\WINDOWS\SYSTEM32\NETAPI32.dll
0x00007ffd1e660000 - 0x00007ffd1eb35000 	C:\WINDOWS\SYSTEM32\WININET.dll
0x00007ffd293c0000 - 0x00007ffd294b0000 	C:\WINDOWS\SYSTEM32\WINHTTP.dll
0x00007ffd24170000 - 0x00007ffd24346000 	C:\WINDOWS\SYSTEM32\urlmon.dll
0x00007ffcfbc00000 - 0x00007ffcfbed8000 	C:\Xilinx\Vivado\2019.1\lib\win64.o\libXil_lmgr11.dll
0x00007ffd2f830000 - 0x00007ffd2f900000 	C:\WINDOWS\System32\COMDLG32.dll
0x00007ffd30570000 - 0x00007ffd30635000 	C:\WINDOWS\System32\OLEAUT32.dll
0x00007ffd2f9c0000 - 0x00007ffd2fb17000 	C:\WINDOWS\System32\ole32.dll
0x00007ffd2df70000 - 0x00007ffd2dfcc000 	C:\WINDOWS\System32\WINTRUST.dll
0x00007ffd1e050000 - 0x00007ffd1e059000 	C:\WINDOWS\SYSTEM32\WSOCK32.dll
0x00007ffd2de00000 - 0x00007ffd2de12000 	C:\WINDOWS\System32\MSASN1.dll
0x00007ffd2e6f0000 - 0x00007ffd2e839000 	C:\WINDOWS\System32\CRYPT32.dll
0x00007ffd0f1f0000 - 0x00007ffd0f21d000 	C:\WINDOWS\SYSTEM32\VCOMP140.DLL
0x00007ffcf0cf0000 - 0x00007ffcf1b81000 	C:\Xilinx\Vivado\2019.1\lib\win64.o\gurobi65.dll
0x00007ffd287f0000 - 0x00007ffd287fd000 	C:\Xilinx\Vivado\2019.1\lib\win64.o\libboost_chrono.dll
0x00007ffd0f590000 - 0x00007ffd0f5ab000 	C:\Xilinx\Vivado\2019.1\lib\win64.o\libboost_iostreams.dll
0x00007ffd0ed50000 - 0x00007ffd0ed75000 	C:\Xilinx\Vivado\2019.1\lib\win64.o\libisl_iosutils.dll
0x00007ffd23c30000 - 0x00007ffd23ed7000 	C:\WINDOWS\SYSTEM32\iertutil.dll
0x00007ffd21be0000 - 0x00007ffd21c89000 	C:\WINDOWS\WinSxS\amd64_microsoft.windows.common-controls_6595b64144ccf1df_5.82.18362.1198_none_73b37520d815d61e\COMCTL32.dll
0x00007ffd26b90000 - 0x00007ffd26bac000 	C:\WINDOWS\SYSTEM32\dhcpcsvc.DLL
0x00007ffd2fb20000 - 0x00007ffd2fb28000 	C:\WINDOWS\System32\NSI.dll
0x00007ffd2d810000 - 0x00007ffd2d81c000 	C:\WINDOWS\SYSTEM32\CRYPTBASE.DLL
0x00007ffd2d460000 - 0x00007ffd2d46c000 	C:\WINDOWS\SYSTEM32\NETUTILS.DLL
0x00007ffd30920000 - 0x00007ffd3094e000 	C:\WINDOWS\System32\IMM32.DLL
0x00007ffcf87e0000 - 0x00007ffcf8cf7000 	C:\Xilinx\Vivado\2019.1\lib\win64.o\librdi_commontasks.dll
0x00007ffd29520000 - 0x00007ffd2952a000 	C:\WINDOWS\SYSTEM32\VERSION.dll
0x00000000632c0000 - 0x0000000063ce5000 	C:\Xilinx\Vivado\2019.1\tps\win64\jre9.0.4\bin\server\jvm.dll
0x00007ffd03ea0000 - 0x00007ffd04126000 	C:\Xilinx\Vivado\2019.1\lib\win64.o\librdi_sio.dll
0x00007ffd2f0a0000 - 0x00007ffd2f0a8000 	C:\WINDOWS\System32\PSAPI.DLL
0x00007ffd2d350000 - 0x00007ffd2d38a000 	C:\WINDOWS\SYSTEM32\IPHLPAPI.DLL
0x00007ffd2baf0000 - 0x00007ffd2bb14000 	C:\WINDOWS\SYSTEM32\WINMM.dll
0x00007ffd04cb0000 - 0x00007ffd04d9f000 	C:\WINDOWS\SYSTEM32\MSVCR120.dll
0x00007ffd2b9c0000 - 0x00007ffd2b9ed000 	C:\WINDOWS\SYSTEM32\winmmbase.dll
0x00007ffd2d640000 - 0x00007ffd2d6a7000 	C:\WINDOWS\SYSTEM32\MSWSOCK.DLL
0x00007ffcecd90000 - 0x00007ffcef24c000 	C:\Xilinx\Vivado\2019.1\lib\win64.o\librdi_tcltasks.dll
0x00007ffcf5280000 - 0x00007ffcf5688000 	C:\Xilinx\Vivado\2019.1\lib\win64.o\librdi_bitstream.dll
0x00007ffd02ee0000 - 0x00007ffd03071000 	C:\Xilinx\Vivado\2019.1\lib\win64.o\librdi_board.dll
0x00007ffd04c30000 - 0x00007ffd04ca8000 	C:\Xilinx\Vivado\2019.1\lib\win64.o\librdi_boarddep.dll
0x00007ffd04140000 - 0x00007ffd0422b000 	C:\Xilinx\Vivado\2019.1\lib\win64.o\librdi_chipscope.dll
0x00007ffcfbaa0000 - 0x00007ffcfbbf6000 	C:\Xilinx\Vivado\2019.1\lib\win64.o\librdi_containers.dll
0x00007ffcf8620000 - 0x00007ffcf87dd000 	C:\Xilinx\Vivado\2019.1\lib\win64.o\librdi_chipscopeimpl.dll
0x00007ffcef970000 - 0x00007ffcf004a000 	C:\Xilinx\Vivado\2019.1\lib\win64.o\librdi_coregenipxact.dll
0x00007ffceb3a0000 - 0x00007ffcecd8a000 	C:\Xilinx\Vivado\2019.1\lib\win64.o\librdi_constraints.dll
0x00007ffcf4f60000 - 0x00007ffcf527e000 	C:\Xilinx\Vivado\2019.1\lib\win64.o\librdi_dlyest.dll
0x00007ffcd1a30000 - 0x00007ffcd5a73000 	C:\Xilinx\Vivado\2019.1\lib\win64.o\librdi_designutils.dll
0x00007ffce94e0000 - 0x00007ffceb391000 	C:\Xilinx\Vivado\2019.1\lib\win64.o\librdi_coregen.dll
0x00007ffd02c30000 - 0x00007ffd02cf4000 	C:\Xilinx\Vivado\2019.1\lib\win64.o\librdi_dsp.dll
0x00007ffcef4c0000 - 0x00007ffcef7a3000 	C:\Xilinx\Vivado\2019.1\lib\win64.o\librdi_guitools.dll
0x00007ffce8f40000 - 0x00007ffce94da000 	C:\Xilinx\Vivado\2019.1\lib\win64.o\librdi_drc.dll
0x00007ffce88f0000 - 0x00007ffce8f3d000 	C:\Xilinx\Vivado\2019.1\lib\win64.o\librdi_filemgmt.dll
0x00007ffd04bc0000 - 0x00007ffd04c25000 	C:\Xilinx\Vivado\2019.1\lib\win64.o\librdi_hdf.dll
0x00007ffcb7c70000 - 0x00007ffcca09c000 	C:\Xilinx\Vivado\2019.1\lib\win64.o\librdi_device.dll
0x00007ffd04470000 - 0x00007ffd044e3000 	C:\Xilinx\Vivado\2019.1\lib\win64.o\librdi_memoryarray.dll
0x00007ffce6d10000 - 0x00007ffce7325000 	C:\Xilinx\Vivado\2019.1\lib\win64.o\librdi_memdata.dll
0x00007ffce7330000 - 0x00007ffce88f0000 	C:\Xilinx\Vivado\2019.1\lib\win64.o\librdi_implflow.dll
0x00007ffd0d4e0000 - 0x00007ffd0d52b000 	C:\Xilinx\Vivado\2019.1\lib\win64.o\librdi_pfi.dll
0x00007ffce6660000 - 0x00007ffce6d02000 	C:\Xilinx\Vivado\2019.1\lib\win64.o\librdi_netlist.dll
0x00007ffcca520000 - 0x00007ffcccb96000 	C:\Xilinx\Vivado\2019.1\lib\win64.o\librdi_place.dll
0x00007ffce6350000 - 0x00007ffce665f000 	C:\Xilinx\Vivado\2019.1\lib\win64.o\librdi_platform.dll
0x00007ffce5c00000 - 0x00007ffce634a000 	C:\Xilinx\Vivado\2019.1\lib\win64.o\librdi_power.dll
0x00007ffce48f0000 - 0x00007ffce4ff9000 	C:\Xilinx\Vivado\2019.1\lib\win64.o\librdi_psta.dll
0x00007ffce5680000 - 0x00007ffce5bff000 	C:\Xilinx\Vivado\2019.1\lib\win64.o\librdi_project.dll
0x00007ffcdbd10000 - 0x00007ffcdc416000 	C:\Xilinx\Vivado\2019.1\lib\win64.o\librdi_rsb.dll
0x00007ffce44f0000 - 0x00007ffce48e1000 	C:\Xilinx\Vivado\2019.1\lib\win64.o\librdi_runs.dll
0x00007ffcf9d70000 - 0x00007ffcf9e6a000 	C:\Xilinx\Vivado\2019.1\lib\win64.o\librdi_runsbase.dll
0x00007ffcdbab0000 - 0x00007ffcdbd06000 	C:\Xilinx\Vivado\2019.1\lib\win64.o\librdi_simdata.dll
0x00007ffcf9a20000 - 0x00007ffcf9b92000 	C:\Xilinx\Vivado\2019.1\lib\win64.o\librdi_advchipscopeimpl.dll
0x00007ffcdac90000 - 0x00007ffcdbaa1000 	C:\Xilinx\Vivado\2019.1\lib\win64.o\librdi_timing.dll
0x00007ffcf8480000 - 0x00007ffcf861f000 	C:\Xilinx\Vivado\2019.1\lib\win64.o\librdi_hip_devdesign.dll
0x00007ffcfb9d0000 - 0x00007ffcfba92000 	C:\Xilinx\Vivado\2019.1\lib\win64.o\librdi_ipconfig_readwrite.dll
0x00007ffd03170000 - 0x00007ffd031bc000 	C:\Xilinx\Vivado\2019.1\lib\win64.o\libboost_serialization.dll
0x00007ffcb4f80000 - 0x00007ffcb7c66000 	C:\Xilinx\Vivado\2019.1\lib\win64.o\librdi_mig.dll
0x00007ffd03120000 - 0x00007ffd03163000 	C:\Xilinx\Vivado\2019.1\lib\win64.o\librdi_noc_frameworks.dll
0x00007ffcf64f0000 - 0x00007ffcf658e000 	C:\Xilinx\Vivado\2019.1\lib\win64.o\libise.dll
0x00007ffcda8a0000 - 0x00007ffcdac85000 	C:\Xilinx\Vivado\2019.1\lib\win64.o\librdi_hip_config.dll

VM Arguments:
jvm_args: -Dsun.java2d.pmoffscreen=false -Dsun.java2d.xrender=false -Dsun.java2d.d3d=false -Dsun.awt.nopixfmt=true -Dsun.java2d.dpiaware=true -Dsun.java2d.uiScale.enabled=false -Xverify:none -Dswing.aatext=true -XX:-UsePerfData -Djdk.map.althashing.threshold=512 -XX:StringTableSize=4072 --add-opens=java.base/java.nio=ALL-UNNAMED --add-opens=java.desktop/sun.swing=ALL-UNNAMED --add-opens=java.desktop/javax.swing=ALL-UNNAMED --add-opens=java.desktop/javax.swing.tree=ALL-UNNAMED --add-opens=java.desktop/javax.swing.plaf.basic=ALL-UNNAMED --add-opens=java.desktop/javax.swing.plaf.synth=ALL-UNNAMED --add-opens=java.desktop/com.sun.awt=ALL-UNNAMED -XX:NewSize=60m -XX:MaxNewSize=60m -Xms128m -Xmx3072m -Xss5m 
java_command: <unknown>
java_class_path (initial): C:/Xilinx/Vivado/2019.1\lib\classes\alloy.jar;C:/Xilinx/Vivado/2019.1\lib\classes\autopilot.scelaborator.jar;C:/Xilinx/Vivado/2019.1\lib\classes\autopilot.sourceprocessor.jar;C:/Xilinx/Vivado/2019.1\lib\classes\autopilot.tbprocessor.jar;C:/Xilinx/Vivado/2019.1\lib\classes\batik-anim.jar;C:/Xilinx/Vivado/2019.1\lib\classes\batik-awt-util.jar;C:/Xilinx/Vivado/2019.1\lib\classes\batik-bridge.jar;C:/Xilinx/Vivado/2019.1\lib\classes\batik-codec.jar;C:/Xilinx/Vivado/2019.1\lib\classes\batik-css.jar;C:/Xilinx/Vivado/2019.1\lib\classes\batik-dom.jar;C:/Xilinx/Vivado/2019.1\lib\classes\batik-ext.jar;C:/Xilinx/Vivado/2019.1\lib\classes\batik-gui-util.jar;C:/Xilinx/Vivado/2019.1\lib\classes\batik-gvt.jar;C:/Xilinx/Vivado/2019.1\lib\classes\batik-parser.jar;C:/Xilinx/Vivado/2019.1\lib\classes\batik-script.jar;C:/Xilinx/Vivado/2019.1\lib\classes\batik-svg-dom.jar;C:/Xilinx/Vivado/2019.1\lib\classes\batik-swing.jar;C:/Xilinx/Vivado/2019.1\lib\classes\batik-transcoder.jar;C:/Xilinx/Vivado/2019.1\lib\classes\batik-util.jar;C:/Xilinx/Vivado/2019.1\lib\classes\batik-xml.jar;C:/Xilinx/Vivado/2019.1\lib\classes\com.google.gson_2.7.0.v20170129-0911.jar;C:/Xilinx/Vivado/2019.1\lib\classes\com.google.guava_21.0.0.v20170206-1425.jar;C:/Xilinx/Vivado/2019.1\lib\classes\com.google.inject_3.0.0.v201605172100.jar;C:/Xilinx/Vivado/2019.1\lib\classes\com.ibm.icu_4.4.2.v20110208.jar;C:/Xilinx/Vivado/2019.1\lib\classes\com.sigasi.hdt.annotations.runtime_4.3.0.201903071210.jar;C:/Xilinx/Vivado/2019.1\lib\classes\com.sigasi.hdt.blockdiagram.model_4.3.0.201903071210.jar;C:/Xilinx/Vivado/2019.1\lib\classes\com.sigasi.hdt.connection_4.3.0.201903071210.jar;C:/Xilinx/Vivado/2019.1\lib\classes\com.sigasi.hdt.dependencies.model_4.3.0.201903071210.jar;C:/Xilinx/Vivado/2019.1\lib\classes\com.sigasi.hdt.epl_4.3.0.201903071210.jar;C:/Xilinx/Vivado/2019.1\lib\classes\com.sigasi.hdt.graphics.model_4.3.0.201903071210.jar;C:/Xilinx/Vivado/2019.1\lib\classes\com.sigasi.hdt.project_4.3.0
Launcher Type: generic

Logging:
Log output configuration:
#0: stdout all=warning uptime,level,tags
#1: stderr all=off uptime,level,tags

Environment Variables:
PATH=C:/Xilinx/Vivado/2019.1/bin;C:/Xilinx/Vivado/2019.1/lib/win64.o;C:/Xilinx/Vivado/2019.1/tps/win64/jre9.0.4/bin/server;C:/Xilinx/Vivado/2019.1/tps/win64/jre9.0.4/bin;C:/Xilinx/SDK/2019.1/bin;C:/Xilinx/Vivado/2019.1/ids_lite/ISE/bin/nt64;C:/Xilinx/Vivado/2019.1/ids_lite/ISE/lib/nt64;C:\WINDOWS\system32;C:\WINDOWS;C:\WINDOWS\System32\Wbem;C:\WINDOWS\System32\WindowsPowerShell\v1.0\;C:\WINDOWS\System32\OpenSSH\;C:\Program Files\Git\cmd;C:\Program Files\dotnet\;C:\Program Files\Microsoft\Web Platform Installer\;C:\Program Files (x86)\Microsoft ASP.NET\ASP.NET Web Pages\v1.0\;C:\Program Files\Microsoft SQL Server\110\Tools\Binn\;C:\Program Files\MATLAB\R2018a\runtime\win64;C:\Program Files\MATLAB\R2018a\bin;C:\Users\Alan\AppData\Local\Microsoft\WindowsApps;;C:\Users\Alan\AppData\Local\Programs\Microsoft VS Code\bin;C:\Users\Alan\.dotnet\tools;C:/Xilinx/Vivado/2019.1\tps\mingw\6.2.0\win64.o\nt\bin;C:/Xilinx/Vivado/2019.1\tps\mingw\6.2.0\win64.o\nt\libexec\gcc\x86_64-w64-mingw32\6.2.0;C:/Xilinx/Vivado/2019.1\tps\win64\python-2.7.5;C:/Xilinx/Vivado/2019.1\tps\win64\python-2.7.5\lib;C:/Xilinx/Vivado/2019.1\tps\win64\python-2.7.5\Lib\lib-tk;C:/Xilinx/Vivado/2019.1\tps\win64\python-2.7.5\lib\site-packages
USERNAME=Alan
OS=Windows_NT
PROCESSOR_IDENTIFIER=Intel64 Family 6 Model 158 Stepping 10, GenuineIntel



---------------  S Y S T E M  ---------------

OS: Windows 10 , 64 bit Build 18362 (10.0.18362.1110)

CPU:total 12 (initial active 12) (6 cores per cpu, 2 threads per core) family 6 model 158 stepping 10, cmov, cx8, fxsr, mmx, sse, sse2, sse3, ssse3, sse4.1, sse4.2, popcnt, avx, avx2, clmul, erms, rtm, 3dnowpref, lzcnt, ht, tsc, tscinvbit, bmi1, bmi2, adx, fma

Memory: 4k page, physical 16624024k(833444k free), swap 66955672k(12k free)

vm_info: Java HotSpot(TM) 64-Bit Server VM (9.0.4+11) for windows-amd64 JRE (9.0.4+11), built on Dec 20 2017 02:18:54 by "mach5one" with MS VC++ 12.0 (VS2013)

END.
