#
# There is insufficient memory for the Java Runtime Environment to continue.
# Native memory allocation (malloc) failed to allocate 515856 bytes for Chunk::new
# Possible reasons:
#   The system is out of physical RAM or swap space
#   The process is running with CompressedOops enabled, and the Java Heap may be blocking the growth of the native heap
# Possible solutions:
#   Reduce memory load on the system
#   Increase physical memory or swap space
#   Check if swap backing store is full
#   Decrease Java heap size (-Xmx/-Xms)
#   Decrease number of Java threads
#   Decrease Java thread stack sizes (-Xss)
#   Set larger code cache with -XX:ReservedCodeCacheSize=
#   JVM is running with Zero Based Compressed Oops mode in which the Java heap is
#     placed in the first 32GB address space. The Java Heap base address is the
#     maximum limit for the native heap growth. Please use -XX:HeapBaseMinAddress
#     to set the Java Heap base and to place the Java Heap above 32GB virtual address.
# This output file may be truncated or incomplete.
#
#  Out of Memory Error (t:/workspace/hotspot/src/share/vm/memory/allocation.cpp:372), pid=5484, tid=10408
#
# JRE version: Java(TM) SE Runtime Environment (9.0+11) (build 9.0.4+11)
# Java VM: Java HotSpot(TM) 64-Bit Server VM (9.0.4+11, mixed mode, tiered, compressed oops, g1 gc, windows-amd64)
# No core dump will be written. Minidumps are not enabled by default on client versions of Windows
#

---------------  S U M M A R Y ------------

Command Line: -Dsun.java2d.pmoffscreen=false -Dsun.java2d.xrender=false -Dsun.java2d.d3d=false -Dsun.awt.nopixfmt=true -Dsun.java2d.dpiaware=true -Dsun.java2d.uiScale.enabled=false -Xverify:none -Dswing.aatext=true -XX:-UsePerfData -Djdk.map.althashing.threshold=512 -XX:StringTableSize=4072 --add-opens=java.base/java.nio=ALL-UNNAMED --add-opens=java.desktop/sun.swing=ALL-UNNAMED --add-opens=java.desktop/javax.swing=ALL-UNNAMED --add-opens=java.desktop/javax.swing.tree=ALL-UNNAMED --add-opens=java.desktop/javax.swing.plaf.basic=ALL-UNNAMED --add-opens=java.desktop/javax.swing.plaf.synth=ALL-UNNAMED --add-opens=java.desktop/com.sun.awt=ALL-UNNAMED -XX:NewSize=60m -XX:MaxNewSize=60m -Xms128m -Xmx3072m -Xss5m 

Host: Intel(R) Core(TM) i7-8700 CPU @ 3.20GHz, 12 cores, 15G,  Windows 10 , 64 bit Build 18362 (10.0.18362.1110)
Time: Thu Dec 03 20:01:16 2020 ¢Dx¢D_?D¡PCRE?! elapsed time: 141 seconds (0d 0h 2m 21s)

---------------  T H R E A D  ---------------

Current thread (0x000002cf38baf800):  JavaThread "C2 CompilerThread2" daemon [_thread_in_native, id=10408, stack(0x000000ee87b00000,0x000000ee87c00000)]


Current CompileTask:
C2: 141619 14169   !   4       com.sun.org.apache.xerces.internal.parsers.XML11Configuration::setProperty (172 bytes)

Stack: [0x000000ee87b00000,0x000000ee87c00000]
Native frames: (J=compiled Java code, j=interpreted, Vv=VM code, C=native code)
V  [jvm.dll+0x587068]
V  [jvm.dll+0x69c25e]
V  [jvm.dll+0x69d17a]
V  [NETUTILS.DLL+0x69d7b3]
V  [jvm.dll+0x21d198]
V  [MSVCR120.dll+0xa7aac]
V  [libboost_xilinx.dll+0xa83ec]
V  [jvm.dll+0x320ef5]
V  [jvm.dll+0x2e7aaa]
V  [jvm.dll+0x2e703a]
V  [jvm.dll+0x1e9ae1]
V  [jvm.dll+0x1e8d86]
V  [jvm.dll+0x1691cb]
V  [jvm.dll+0x1f6570]
V  [jvm.dll+0x1f51f6]
V  [jvm.dll+0x66b44f]
V  [jvm.dll+0x586490]
C  [MSVCR120.dll+0x24f87]
C  [MSVCR120.dll+0x2512e]
C  [KERNEL32.DLL+0x17c24]
C  [ntdll.dll+0x6d4d1]


---------------  P R O C E S S  ---------------

Java Threads: ( => current thread )
  0x000002cf63e61800 JavaThread "Run Simulation" [_thread_blocked, id=2216, stack(0x000000ee8d100000,0x000000ee8d600000)]
  0x000002cf63e63000 JavaThread "SyntheticaAnimation 50" daemon [_thread_blocked, id=14952, stack(0x000000ee8b500000,0x000000ee8ba00000)]
  0x000002cf63e5f000 JavaThread "SyntheticaAnimation 50" daemon [_thread_blocked, id=3320, stack(0x000000ee8a100000,0x000000ee8a600000)]
  0x000002cf63e64800 JavaThread "Update Runs Swing Worker" [_thread_blocked, id=6796, stack(0x000000ee8e500000,0x000000ee8ea00000)]
  0x000002cf63e5e800 JavaThread "hw_ila_monitor" [_thread_blocked, id=1532, stack(0x000000ee8e000000,0x000000ee8e500000)]
  0x000002cf63e63800 JavaThread "Refresh Filesets Swing Worker" [_thread_blocked, id=14420, stack(0x000000ee8db00000,0x000000ee8e000000)]
  0x000002cf38bd6000 JavaThread "SyntheticaAnimation 70" daemon [_thread_blocked, id=13196, stack(0x000000ee8d600000,0x000000ee8db00000)]
  0x000002cf38bd9000 JavaThread "SyntheticaAnimation 25" daemon [_thread_blocked, id=7728, stack(0x000000ee8cc00000,0x000000ee8d100000)]
  0x000002cf38bd8000 JavaThread "SyntheticaAnimation 50" daemon [_thread_blocked, id=10176, stack(0x000000ee8c700000,0x000000ee8cc00000)]
  0x000002cf38bd6800 JavaThread "Monitor HEventQueue" [_thread_blocked, id=14000, stack(0x000000ee8c200000,0x000000ee8c700000)]
  0x000002cf38bdb800 JavaThread "SyntheticaCleanerThread" daemon [_thread_blocked, id=6980, stack(0x000000ee8ba00000,0x000000ee8bf00000)]
  0x000002cf38bda000 JavaThread "Batik CleanerThread" daemon [_thread_blocked, id=13048, stack(0x000000ee8a600000,0x000000ee8ab00000)]
  0x000002cf5a35d000 JavaThread "AWT-EventQueue-1" [_thread_in_native, id=7760, stack(0x000000ee8b000000,0x000000ee8b500000)]
  0x000002cf39407000 JavaThread "Process Messages" [_thread_blocked, id=12316, stack(0x000000ee8ab00000,0x000000ee8b000000)]
  0x000002cf5a500800 JavaThread "Thread-1" [_thread_in_native, id=8768, stack(0x000000ee83400000,0x000000ee84800000)]
  0x000002cf5a4ab000 JavaThread "TimerQueue" daemon [_thread_blocked, id=6132, stack(0x000000ee89c00000,0x000000ee8a100000)]
  0x000002cf39344000 JavaThread "AWT-Windows" daemon [_thread_in_native, id=14372, stack(0x000000ee89700000,0x000000ee89c00000)]
  0x000002cf393c0800 JavaThread "AWT-Shutdown" [_thread_blocked, id=5956, stack(0x000000ee89200000,0x000000ee89700000)]
  0x000002cf393c0000 JavaThread "Java2D Disposer" daemon [_thread_blocked, id=13136, stack(0x000000ee88d00000,0x000000ee89200000)]
  0x000002cf38938000 JavaThread "Service Thread" daemon [_thread_blocked, id=15056, stack(0x000000ee88700000,0x000000ee88c00000)]
  0x000002cf38bf6800 JavaThread "Common-Cleaner" daemon [_thread_blocked, id=12508, stack(0x000000ee88200000,0x000000ee88700000)]
  0x000002cf38bda800 JavaThread "Sweeper thread" daemon [_thread_blocked, id=2260, stack(0x000000ee87d00000,0x000000ee88200000)]
  0x000002cf38bb0000 JavaThread "C1 CompilerThread3" daemon [_thread_blocked, id=14972, stack(0x000000ee87c00000,0x000000ee87d00000)]
=>0x000002cf38baf800 JavaThread "C2 CompilerThread2" daemon [_thread_in_native, id=10408, stack(0x000000ee87b00000,0x000000ee87c00000)]
  0x000002cf38bae800 JavaThread "C2 CompilerThread1" daemon [_thread_blocked, id=12868, stack(0x000000ee87a00000,0x000000ee87b00000)]
  0x000002cf38bae000 JavaThread "C2 CompilerThread0" daemon [_thread_in_vm, id=680, stack(0x000000ee87900000,0x000000ee87a00000)]
  0x000002cf38bad000 JavaThread "Attach Listener" daemon [_thread_blocked, id=6628, stack(0x000000ee87400000,0x000000ee87900000)]
  0x000002cf38bac800 JavaThread "Signal Dispatcher" daemon [_thread_blocked, id=3344, stack(0x000000ee86f00000,0x000000ee87400000)]
  0x000002cf38713000 JavaThread "Finalizer" daemon [_thread_blocked, id=10104, stack(0x000000ee86a00000,0x000000ee86f00000)]
  0x000002cf38711800 JavaThread "Reference Handler" daemon [_thread_blocked, id=11220, stack(0x000000ee86500000,0x000000ee86a00000)]
  0x000002cf35749800 JavaThread "main" [_thread_blocked, id=3984, stack(0x000000ee83300000,0x000000ee83400000)]

Other Threads:
  0x000002cf34e9f000 VMThread "VM Thread" [stack: 0x000000ee86400000,0x000000ee86500000] [id=10448]
  0x000002cf3883a000 WatcherThread [stack: 0x000000ee88c00000,0x000000ee88d00000] [id=10060]
  0x000002cf35be5800 GCTaskThread "GC Thread#0" [stack: 0x000000ee84b00000,0x000000ee84c00000] [id=3068]
  0x000002cf3699f000 GCTaskThread "GC Thread#1" [stack: 0x000000ee84c00000,0x000000ee84d00000] [id=13588]
  0x000002cf3699c800 GCTaskThread "GC Thread#2" [stack: 0x000000ee84d00000,0x000000ee84e00000] [id=6332]
  0x000002cf3699e000 GCTaskThread "GC Thread#3" [stack: 0x000000ee84e00000,0x000000ee84f00000] [id=11132]
  0x000002cf369a1000 GCTaskThread "GC Thread#4" [stack: 0x000000ee84f00000,0x000000ee85000000] [id=14168]
  0x000002cf3699d800 GCTaskThread "GC Thread#5" [stack: 0x000000ee85000000,0x000000ee85100000] [id=11152]
  0x000002cf3699e800 GCTaskThread "GC Thread#6" [stack: 0x000000ee85100000,0x000000ee85200000] [id=10420]
  0x000002cf369a1800 GCTaskThread "GC Thread#7" [stack: 0x000000ee85200000,0x000000ee85300000] [id=7116]
  0x000002cf369a3000 GCTaskThread "GC Thread#8" [stack: 0x000000ee85300000,0x000000ee85400000] [id=7020]
  0x000002cf3699c000 GCTaskThread "GC Thread#9" [stack: 0x000000ee85400000,0x000000ee85500000] [id=6668]
  0x000002cf30f28800 ConcurrentGCThread "G1 Main Marker" [stack: 0x000000ee86000000,0x000000ee86100000] [id=12348]
  0x000002cf369a0000 ConcurrentGCThread "G1 Marker#0" [stack: 0x000000ee86100000,0x000000ee86200000] [id=13776]
  0x000002cf369a0800 ConcurrentGCThread "G1 Marker#1" [stack: 0x000000ee86200000,0x000000ee86300000] [id=6480]
  0x000002cf369a2800 ConcurrentGCThread "G1 Marker#2" [stack: 0x000000ee86300000,0x000000ee86400000] [id=11084]
  0x000002cf35844000 ConcurrentGCThread "G1 Refine#0" [stack: 0x000000ee85e00000,0x000000ee85f00000] [id=11976]
  0x000002cf3491d800 ConcurrentGCThread "G1 Refine#1" [stack: 0x000000ee85d00000,0x000000ee85e00000] [id=11464]
  0x000002cf3491d000 ConcurrentGCThread "G1 Refine#2" [stack: 0x000000ee85c00000,0x000000ee85d00000] [id=8896]
  0x000002cf3443d000 ConcurrentGCThread "G1 Refine#3" [stack: 0x000000ee85b00000,0x000000ee85c00000] [id=10332]
  0x000002cf3443c800 ConcurrentGCThread "G1 Refine#4" [stack: 0x000000ee85a00000,0x000000ee85b00000] [id=9524]
  0x000002cf30f32000 ConcurrentGCThread "G1 Refine#5" [stack: 0x000000ee85900000,0x000000ee85a00000] [id=7272]
  0x000002cf34437800 ConcurrentGCThread "G1 Refine#6" [stack: 0x000000ee85800000,0x000000ee85900000] [id=14468]
  0x000002cf34436800 ConcurrentGCThread "G1 Refine#7" [stack: 0x000000ee85700000,0x000000ee85800000] [id=5792]
  0x000002cf36f84800 ConcurrentGCThread "G1 Refine#8" [stack: 0x000000ee85600000,0x000000ee85700000] [id=12876]
  0x000002cf35a91800 ConcurrentGCThread "G1 Refine#9" [stack: 0x000000ee85500000,0x000000ee85600000] [id=9636]
  0x000002cf35844800 ConcurrentGCThread "G1 Young RemSet Sampling" [stack: 0x000000ee85f00000,0x000000ee86000000] [id=10536]

Threads with active compile tasks:
C2 CompilerThread214169   !   4       com.sun.org.apache.xerces.internal.parsers.XML11Configuration::setProperty (172 bytes)

VM state:not at safepoint (normal execution)

VM Mutex/Monitor currently owned by a thread: None

Heap address: 0x0000000700000000, size: 3072 MB, Compressed Oops mode: Zero based, Oop shift amount: 3
Narrow klass base: 0x0000000000000000, Narrow klass shift: 3
Compressed class space size: 1073741824 Address: 0x00000007c0000000

Heap:
 garbage-first heap   total 181248K, used 80154K [0x0000000700000000, 0x0000000700100588, 0x00000007c0000000)
  region size 1024K, 13 young (13312K), 1 survivors (1024K)
 Metaspace       used 74325K, capacity 78777K, committed 78800K, reserved 1116160K
  class space    used 10389K, capacity 11193K, committed 11216K, reserved 1048576K
Heap Regions: E=young(eden), S=young(survivor), O=old, HS=humongous(starts), HC=humongous(continues), CS=collection set, F=free, A=archive, TS=gc time stamp, AC=allocation context, TAMS=top-at-mark-start (previous, next)
|   0|0x0000000700000000, 0x00000007000ecb88, 0x0000000700100000| 92%| O|  |TS  0|AC  0|TAMS 0x0000000700000000, 0x0000000700000000|
|   1|0x0000000700100000, 0x0000000700200000, 0x0000000700200000|100%|HS|  |TS  0|AC  0|TAMS 0x0000000700100000, 0x0000000700100000|
|   2|0x0000000700200000, 0x0000000700300000, 0x0000000700300000|100%|HC|  |TS  0|AC  0|TAMS 0x0000000700200000, 0x0000000700200000|
|   3|0x0000000700300000, 0x0000000700400000, 0x0000000700400000|100%|HS|  |TS  0|AC  0|TAMS 0x0000000700300000, 0x0000000700300000|
|   4|0x0000000700400000, 0x00000007004f9e70, 0x0000000700500000| 97%| O|  |TS  0|AC  0|TAMS 0x0000000700400000, 0x0000000700400000|
|   5|0x0000000700500000, 0x00000007005f6d48, 0x0000000700600000| 96%| O|  |TS  0|AC  0|TAMS 0x0000000700500000, 0x0000000700500000|
|   6|0x0000000700600000, 0x0000000700700000, 0x0000000700700000|100%| O|  |TS  0|AC  0|TAMS 0x0000000700600000, 0x0000000700600000|
|   7|0x0000000700700000, 0x0000000700800000, 0x0000000700800000|100%| O|  |TS  0|AC  0|TAMS 0x0000000700700000, 0x0000000700700000|
|   8|0x0000000700800000, 0x0000000700900000, 0x0000000700900000|100%| O|  |TS  0|AC  0|TAMS 0x0000000700800000, 0x0000000700800000|
|   9|0x0000000700900000, 0x00000007009ffff0, 0x0000000700a00000| 99%| O|  |TS  0|AC  0|TAMS 0x0000000700900000, 0x0000000700900000|
|  10|0x0000000700a00000, 0x0000000700affff0, 0x0000000700b00000| 99%| O|  |TS  0|AC  0|TAMS 0x0000000700a00000, 0x0000000700a00000|
|  11|0x0000000700b00000, 0x0000000700bfffe8, 0x0000000700c00000| 99%| O|  |TS  0|AC  0|TAMS 0x0000000700b00000, 0x0000000700b00000|
|  12|0x0000000700c00000, 0x0000000700cfffe8, 0x0000000700d00000| 99%| O|  |TS  0|AC  0|TAMS 0x0000000700c00000, 0x0000000700c00000|
|  13|0x0000000700d00000, 0x0000000700dc4958, 0x0000000700e00000| 76%| O|  |TS  0|AC  0|TAMS 0x0000000700d00000, 0x0000000700d00000|
|  14|0x0000000700e00000, 0x0000000700efe870, 0x0000000700f00000| 99%| O|  |TS  0|AC  0|TAMS 0x0000000700e00000, 0x0000000700e00000|
|  15|0x0000000700f00000, 0x0000000700ff8818, 0x0000000701000000| 97%| O|  |TS  0|AC  0|TAMS 0x0000000700f00000, 0x0000000700f00000|
|  16|0x0000000701000000, 0x00000007010db600, 0x0000000701100000| 85%| O|  |TS  0|AC  0|TAMS 0x0000000701000000, 0x0000000701000000|
|  17|0x0000000701100000, 0x00000007011fffd8, 0x0000000701200000| 99%| O|  |TS  0|AC  0|TAMS 0x0000000701100000, 0x0000000701100000|
|  18|0x0000000701200000, 0x00000007012fffe8, 0x0000000701300000| 99%| O|  |TS  0|AC  0|TAMS 0x0000000701200000, 0x0000000701200000|
|  19|0x0000000701300000, 0x00000007013ffe38, 0x0000000701400000| 99%| O|  |TS  0|AC  0|TAMS 0x0000000701300000, 0x0000000701300000|
|  20|0x0000000701400000, 0x00000007014fd3a8, 0x0000000701500000| 98%| O|  |TS  0|AC  0|TAMS 0x0000000701400000, 0x0000000701400000|
|  21|0x0000000701500000, 0x00000007015e2b00, 0x0000000701600000| 88%| O|  |TS  0|AC  0|TAMS 0x0000000701500000, 0x0000000701500000|
|  22|0x0000000701600000, 0x00000007016f4aa8, 0x0000000701700000| 95%| O|  |TS  0|AC  0|TAMS 0x0000000701600000, 0x0000000701600000|
|  23|0x0000000701700000, 0x00000007017ffe50, 0x0000000701800000| 99%| O|  |TS  0|AC  0|TAMS 0x0000000701700000, 0x0000000701700000|
|  24|0x0000000701800000, 0x00000007018ffff8, 0x0000000701900000| 99%| O|  |TS  0|AC  0|TAMS 0x0000000701800000, 0x0000000701800000|
|  25|0x0000000701900000, 0x0000000701a00000, 0x0000000701a00000|100%| O|  |TS  0|AC  0|TAMS 0x0000000701900000, 0x0000000701900000|
|  26|0x0000000701a00000, 0x0000000701affff0, 0x0000000701b00000| 99%| O|  |TS  0|AC  0|TAMS 0x0000000701a00000, 0x0000000701a00000|
|  27|0x0000000701b00000, 0x0000000701bffff8, 0x0000000701c00000| 99%| O|  |TS  0|AC  0|TAMS 0x0000000701b00000, 0x0000000701b00000|
|  28|0x0000000701c00000, 0x0000000701cfffe8, 0x0000000701d00000| 99%| O|  |TS  0|AC  0|TAMS 0x0000000701c00000, 0x0000000701c00000|
|  29|0x0000000701d00000, 0x0000000701dfffe8, 0x0000000701e00000| 99%| O|  |TS  0|AC  0|TAMS 0x0000000701d00000, 0x0000000701d00000|
|  30|0x0000000701e00000, 0x0000000701effe60, 0x0000000701f00000| 99%| O|  |TS  0|AC  0|TAMS 0x0000000701e00000, 0x0000000701e00000|
|  31|0x0000000701f00000, 0x0000000701ffffd8, 0x0000000702000000| 99%| O|  |TS  0|AC  0|TAMS 0x0000000701f00000, 0x0000000701f00000|
|  32|0x0000000702000000, 0x00000007020ffff0, 0x0000000702100000| 99%| O|  |TS  0|AC  0|TAMS 0x0000000702000000, 0x0000000702000000|
|  33|0x0000000702100000, 0x00000007021ffff0, 0x0000000702200000| 99%| O|  |TS  0|AC  0|TAMS 0x0000000702100000, 0x0000000702100000|
|  34|0x0000000702200000, 0x0000000702300000, 0x0000000702300000|100%| O|  |TS  0|AC  0|TAMS 0x0000000702200000, 0x0000000702200000|
|  35|0x0000000702300000, 0x00000007023ffff8, 0x0000000702400000| 99%| O|  |TS  0|AC  0|TAMS 0x0000000702300000, 0x0000000702300000|
|  36|0x0000000702400000, 0x00000007024ffff0, 0x0000000702500000| 99%| O|  |TS  0|AC  0|TAMS 0x0000000702400000, 0x0000000702400000|
|  37|0x0000000702500000, 0x00000007025ffff0, 0x0000000702600000| 99%| O|  |TS  0|AC  0|TAMS 0x0000000702500000, 0x0000000702500000|
|  38|0x0000000702600000, 0x0000000702700000, 0x0000000702700000|100%| O|  |TS  0|AC  0|TAMS 0x0000000702600000, 0x0000000702600000|
|  39|0x0000000702700000, 0x00000007027fffe8, 0x0000000702800000| 99%| O|  |TS  0|AC  0|TAMS 0x0000000702700000, 0x0000000702700000|
|  40|0x0000000702800000, 0x00000007028c7ed0, 0x0000000702900000| 78%| O|  |TS  0|AC  0|TAMS 0x0000000702800000, 0x0000000702800000|
|  41|0x0000000702900000, 0x0000000702a00000, 0x0000000702a00000|100%| O|  |TS  0|AC  0|TAMS 0x0000000702900000, 0x0000000702900000|
|  42|0x0000000702a00000, 0x0000000702b00000, 0x0000000702b00000|100%| O|  |TS  0|AC  0|TAMS 0x0000000702a00000, 0x0000000702a00000|
|  43|0x0000000702b00000, 0x0000000702bffd48, 0x0000000702c00000| 99%| O|  |TS  0|AC  0|TAMS 0x0000000702b00000, 0x0000000702b00000|
|  44|0x0000000702c00000, 0x0000000702d00000, 0x0000000702d00000|100%|HS|  |TS  0|AC  0|TAMS 0x0000000702c00000, 0x0000000702c00000|
|  45|0x0000000702d00000, 0x0000000702e00000, 0x0000000702e00000|100%|HC|  |TS  0|AC  0|TAMS 0x0000000702d00000, 0x0000000702d00000|
|  46|0x0000000702e00000, 0x0000000702f00000, 0x0000000702f00000|100%|HC|  |TS  0|AC  0|TAMS 0x0000000702e00000, 0x0000000702e00000|
|  47|0x0000000702f00000, 0x0000000703000000, 0x0000000703000000|100%|HC|  |TS  0|AC  0|TAMS 0x0000000702f00000, 0x0000000702f00000|
|  48|0x0000000703000000, 0x0000000703100000, 0x0000000703100000|100%|HC|  |TS  0|AC  0|TAMS 0x0000000703000000, 0x0000000703000000|
|  49|0x0000000703100000, 0x0000000703200000, 0x0000000703200000|100%|HC|  |TS  0|AC  0|TAMS 0x0000000703100000, 0x0000000703100000|
|  50|0x0000000703200000, 0x0000000703300000, 0x0000000703300000|100%|HC|  |TS  0|AC  0|TAMS 0x0000000703200000, 0x0000000703200000|
|  51|0x0000000703300000, 0x0000000703400000, 0x0000000703400000|100%|HC|  |TS  0|AC  0|TAMS 0x0000000703300000, 0x0000000703300000|
|  52|0x0000000703400000, 0x00000007034fffe8, 0x0000000703500000| 99%| O|  |TS  0|AC  0|TAMS 0x0000000703400000, 0x0000000703400000|
|  53|0x0000000703500000, 0x00000007035ffff0, 0x0000000703600000| 99%| O|  |TS  0|AC  0|TAMS 0x0000000703500000, 0x0000000703500000|
|  54|0x0000000703600000, 0x00000007036fff60, 0x0000000703700000| 99%| O|  |TS  0|AC  0|TAMS 0x0000000703600000, 0x0000000703600000|
|  55|0x0000000703700000, 0x00000007037ffff8, 0x0000000703800000| 99%| O|  |TS  0|AC  0|TAMS 0x0000000703700000, 0x0000000703700000|
|  56|0x0000000703800000, 0x00000007038fffe8, 0x0000000703900000| 99%| O|  |TS  0|AC  0|TAMS 0x0000000703800000, 0x0000000703800000|
|  57|0x0000000703900000, 0x0000000703982898, 0x0000000703a00000| 50%| O|  |TS  0|AC  0|TAMS 0x0000000703900000, 0x0000000703900000|
|  58|0x0000000703a00000, 0x0000000703a00000, 0x0000000703b00000|  0%| F|  |TS  0|AC  0|TAMS 0x0000000703a00000, 0x0000000703a00000|
|  59|0x0000000703b00000, 0x0000000703b00000, 0x0000000703c00000|  0%| F|  |TS  0|AC  0|TAMS 0x0000000703b00000, 0x0000000703b00000|
|  60|0x0000000703c00000, 0x0000000703c00000, 0x0000000703d00000|  0%| F|  |TS  0|AC  0|TAMS 0x0000000703c00000, 0x0000000703c00000|
|  61|0x0000000703d00000, 0x0000000703d00000, 0x0000000703e00000|  0%| F|  |TS  0|AC  0|TAMS 0x0000000703d00000, 0x0000000703d00000|
|  62|0x0000000703e00000, 0x0000000703e00000, 0x0000000703f00000|  0%| F|  |TS  0|AC  0|TAMS 0x0000000703e00000, 0x0000000703e00000|
|  63|0x0000000703f00000, 0x0000000704000000, 0x0000000704000000|100%|HS|  |TS  0|AC  0|TAMS 0x0000000703f00000, 0x0000000703f00000|
|  64|0x0000000704000000, 0x0000000704100000, 0x0000000704100000|100%|HC|  |TS  0|AC  0|TAMS 0x0000000704000000, 0x0000000704000000|
|  65|0x0000000704100000, 0x0000000704100000, 0x0000000704200000|  0%| F|  |TS  0|AC  0|TAMS 0x0000000704100000, 0x0000000704100000|
|  66|0x0000000704200000, 0x0000000704200000, 0x0000000704300000|  0%| F|  |TS  0|AC  0|TAMS 0x0000000704200000, 0x0000000704200000|
|  67|0x0000000704300000, 0x0000000704300000, 0x0000000704400000|  0%| F|  |TS  0|AC  0|TAMS 0x0000000704300000, 0x0000000704300000|
|  68|0x0000000704400000, 0x0000000704500000, 0x0000000704500000|100%|HS|  |TS  0|AC  0|TAMS 0x0000000704400000, 0x0000000704400000|
|  69|0x0000000704500000, 0x0000000704600000, 0x0000000704600000|100%|HC|  |TS  0|AC  0|TAMS 0x0000000704500000, 0x0000000704500000|
|  70|0x0000000704600000, 0x0000000704700000, 0x0000000704700000|100%|HC|  |TS  0|AC  0|TAMS 0x0000000704600000, 0x0000000704600000|
|  71|0x0000000704700000, 0x0000000704800000, 0x0000000704800000|100%|HC|  |TS  0|AC  0|TAMS 0x0000000704700000, 0x0000000704700000|
|  72|0x0000000704800000, 0x0000000704900000, 0x0000000704900000|100%|HC|  |TS  0|AC  0|TAMS 0x0000000704800000, 0x0000000704800000|
|  73|0x0000000704900000, 0x0000000704a00000, 0x0000000704a00000|100%|HC|  |TS  0|AC  0|TAMS 0x0000000704900000, 0x0000000704900000|
|  74|0x0000000704a00000, 0x0000000704b00000, 0x0000000704b00000|100%|HC|  |TS  0|AC  0|TAMS 0x0000000704a00000, 0x0000000704a00000|
|  75|0x0000000704b00000, 0x0000000704c00000, 0x0000000704c00000|100%|HC|  |TS  0|AC  0|TAMS 0x0000000704b00000, 0x0000000704b00000|
|  76|0x0000000704c00000, 0x0000000704c00000, 0x0000000704d00000|  0%| F|  |TS  0|AC  0|TAMS 0x0000000704c00000, 0x0000000704c00000|
|  77|0x0000000704d00000, 0x0000000704d00000, 0x0000000704e00000|  0%| F|  |TS  0|AC  0|TAMS 0x0000000704d00000, 0x0000000704d00000|
|  78|0x0000000704e00000, 0x0000000704e00000, 0x0000000704f00000|  0%| F|  |TS  0|AC  0|TAMS 0x0000000704e00000, 0x0000000704e00000|
|  79|0x0000000704f00000, 0x0000000704f00000, 0x0000000705000000|  0%| F|  |TS  0|AC  0|TAMS 0x0000000704f00000, 0x0000000704f00000|
|  80|0x0000000705000000, 0x0000000705000000, 0x0000000705100000|  0%| F|  |TS  0|AC  0|TAMS 0x0000000705000000, 0x0000000705000000|
|  81|0x0000000705100000, 0x0000000705100000, 0x0000000705200000|  0%| F|  |TS  0|AC  0|TAMS 0x0000000705100000, 0x0000000705100000|
|  82|0x0000000705200000, 0x0000000705200000, 0x0000000705300000|  0%| F|  |TS  0|AC  0|TAMS 0x0000000705200000, 0x0000000705200000|
|  83|0x0000000705300000, 0x0000000705300000, 0x0000000705400000|  0%| F|  |TS  0|AC  0|TAMS 0x0000000705300000, 0x0000000705300000|
|  84|0x0000000705400000, 0x0000000705400000, 0x0000000705500000|  0%| F|  |TS  0|AC  0|TAMS 0x0000000705400000, 0x0000000705400000|
|  85|0x0000000705500000, 0x0000000705500000, 0x0000000705600000|  0%| F|  |TS  0|AC  0|TAMS 0x0000000705500000, 0x0000000705500000|
|  86|0x0000000705600000, 0x0000000705600000, 0x0000000705700000|  0%| F|  |TS  0|AC  0|TAMS 0x0000000705600000, 0x0000000705600000|
|  87|0x0000000705700000, 0x0000000705700000, 0x0000000705800000|  0%| F|  |TS  0|AC  0|TAMS 0x0000000705700000, 0x0000000705700000|
|  88|0x0000000705800000, 0x0000000705800000, 0x0000000705900000|  0%| F|  |TS  0|AC  0|TAMS 0x0000000705800000, 0x0000000705800000|
|  89|0x0000000705900000, 0x0000000705900000, 0x0000000705a00000|  0%| F|  |TS  0|AC  0|TAMS 0x0000000705900000, 0x0000000705900000|
|  90|0x0000000705a00000, 0x0000000705a00000, 0x0000000705b00000|  0%| F|  |TS  0|AC  0|TAMS 0x0000000705a00000, 0x0000000705a00000|
|  91|0x0000000705b00000, 0x0000000705b00000, 0x0000000705c00000|  0%| F|  |TS  0|AC  0|TAMS 0x0000000705b00000, 0x0000000705b00000|
|  92|0x0000000705c00000, 0x0000000705c00000, 0x0000000705d00000|  0%| F|  |TS  0|AC  0|TAMS 0x0000000705c00000, 0x0000000705c00000|
|  93|0x0000000705d00000, 0x0000000705d00000, 0x0000000705e00000|  0%| F|  |TS  0|AC  0|TAMS 0x0000000705d00000, 0x0000000705d00000|
|  94|0x0000000705e00000, 0x0000000705e00000, 0x0000000705f00000|  0%| F|  |TS  0|AC  0|TAMS 0x0000000705e00000, 0x0000000705e00000|
|  95|0x0000000705f00000, 0x0000000705f00000, 0x0000000706000000|  0%| F|  |TS  0|AC  0|TAMS 0x0000000705f00000, 0x0000000705f00000|
|  96|0x0000000706000000, 0x0000000706000000, 0x0000000706100000|  0%| F|  |TS  0|AC  0|TAMS 0x0000000706000000, 0x0000000706000000|
|  97|0x0000000706100000, 0x0000000706100000, 0x0000000706200000|  0%| F|  |TS  0|AC  0|TAMS 0x0000000706100000, 0x0000000706100000|
|  98|0x0000000706200000, 0x0000000706200000, 0x0000000706300000|  0%| F|  |TS  0|AC  0|TAMS 0x0000000706200000, 0x0000000706200000|
|  99|0x0000000706300000, 0x0000000706300000, 0x0000000706400000|  0%| F|  |TS  0|AC  0|TAMS 0x0000000706300000, 0x0000000706300000|
| 100|0x0000000706400000, 0x0000000706400000, 0x0000000706500000|  0%| F|  |TS  0|AC  0|TAMS 0x0000000706400000, 0x0000000706400000|
| 101|0x0000000706500000, 0x0000000706500000, 0x0000000706600000|  0%| F|  |TS  0|AC  0|TAMS 0x0000000706500000, 0x0000000706500000|
| 102|0x0000000706600000, 0x0000000706600000, 0x0000000706700000|  0%| F|  |TS  0|AC  0|TAMS 0x0000000706600000, 0x0000000706600000|
| 103|0x0000000706700000, 0x0000000706700000, 0x0000000706800000|  0%| F|  |TS  0|AC  0|TAMS 0x0000000706700000, 0x0000000706700000|
| 104|0x0000000706800000, 0x0000000706800000, 0x0000000706900000|  0%| F|  |TS  0|AC  0|TAMS 0x0000000706800000, 0x0000000706800000|
| 105|0x0000000706900000, 0x0000000706900000, 0x0000000706a00000|  0%| F|  |TS  0|AC  0|TAMS 0x0000000706900000, 0x0000000706900000|
| 106|0x0000000706a00000, 0x0000000706a00000, 0x0000000706b00000|  0%| F|  |TS  0|AC  0|TAMS 0x0000000706a00000, 0x0000000706a00000|
| 107|0x0000000706b00000, 0x0000000706b00000, 0x0000000706c00000|  0%| F|  |TS  0|AC  0|TAMS 0x0000000706b00000, 0x0000000706b00000|
| 108|0x0000000706c00000, 0x0000000706c00000, 0x0000000706d00000|  0%| F|  |TS  0|AC  0|TAMS 0x0000000706c00000, 0x0000000706c00000|
| 109|0x0000000706d00000, 0x0000000706d00000, 0x0000000706e00000|  0%| F|  |TS  0|AC  0|TAMS 0x0000000706d00000, 0x0000000706d00000|
| 110|0x0000000706e00000, 0x0000000706e00000, 0x0000000706f00000|  0%| F|  |TS  0|AC  0|TAMS 0x0000000706e00000, 0x0000000706e00000|
| 111|0x0000000706f00000, 0x0000000706f00000, 0x0000000707000000|  0%| F|  |TS  0|AC  0|TAMS 0x0000000706f00000, 0x0000000706f00000|
| 112|0x0000000707000000, 0x0000000707000000, 0x0000000707100000|  0%| F|  |TS  0|AC  0|TAMS 0x0000000707000000, 0x0000000707000000|
| 113|0x0000000707100000, 0x0000000707100000, 0x0000000707200000|  0%| F|  |TS  0|AC  0|TAMS 0x0000000707100000, 0x0000000707100000|
| 114|0x0000000707200000, 0x0000000707200000, 0x0000000707300000|  0%| F|  |TS  0|AC  0|TAMS 0x0000000707200000, 0x0000000707200000|
| 115|0x0000000707300000, 0x0000000707300000, 0x0000000707400000|  0%| F|  |TS  0|AC  0|TAMS 0x0000000707300000, 0x0000000707300000|
| 116|0x0000000707400000, 0x00000007074b3a58, 0x0000000707500000| 70%| S|CS|TS  1|AC  0|TAMS 0x0000000707400000, 0x0000000707400000|
| 117|0x0000000707500000, 0x0000000707500000, 0x0000000707600000|  0%| F|  |TS  1|AC  0|TAMS 0x0000000707500000, 0x0000000707500000|
| 118|0x0000000707600000, 0x0000000707600000, 0x0000000707700000|  0%| F|  |TS  1|AC  0|TAMS 0x0000000707600000, 0x0000000707600000|
| 119|0x0000000707700000, 0x0000000707700000, 0x0000000707800000|  0%| F|  |TS  1|AC  0|TAMS 0x0000000707700000, 0x0000000707700000|
| 120|0x0000000707800000, 0x0000000707800000, 0x0000000707900000|  0%| F|  |TS  1|AC  0|TAMS 0x0000000707800000, 0x0000000707800000|
| 121|0x0000000707900000, 0x0000000707900000, 0x0000000707a00000|  0%| F|  |TS  1|AC  0|TAMS 0x0000000707900000, 0x0000000707900000|
| 122|0x0000000707a00000, 0x0000000707a00000, 0x0000000707b00000|  0%| F|  |TS  1|AC  0|TAMS 0x0000000707a00000, 0x0000000707a00000|
| 123|0x0000000707b00000, 0x0000000707b00000, 0x0000000707c00000|  0%| F|  |TS  1|AC  0|TAMS 0x0000000707b00000, 0x0000000707b00000|
| 124|0x0000000707c00000, 0x0000000707c00000, 0x0000000707d00000|  0%| F|  |TS  1|AC  0|TAMS 0x0000000707c00000, 0x0000000707c00000|
| 125|0x0000000707d00000, 0x0000000707d00000, 0x0000000707e00000|  0%| F|  |TS  1|AC  0|TAMS 0x0000000707d00000, 0x0000000707d00000|
| 126|0x0000000707e00000, 0x0000000707e00000, 0x0000000707f00000|  0%| F|  |TS  1|AC  0|TAMS 0x0000000707e00000, 0x0000000707e00000|
| 127|0x0000000707f00000, 0x0000000707f00000, 0x0000000708000000|  0%| F|  |TS  1|AC  0|TAMS 0x0000000707f00000, 0x0000000707f00000|
| 128|0x0000000708000000, 0x0000000708000000, 0x0000000708100000|  0%| F|  |TS  1|AC  0|TAMS 0x0000000708000000, 0x0000000708000000|
| 129|0x0000000708100000, 0x0000000708100000, 0x0000000708200000|  0%| F|  |TS  1|AC  0|TAMS 0x0000000708100000, 0x0000000708100000|
| 130|0x0000000708200000, 0x0000000708200000, 0x0000000708300000|  0%| F|  |TS  1|AC  0|TAMS 0x0000000708200000, 0x0000000708200000|
| 131|0x0000000708300000, 0x0000000708300000, 0x0000000708400000|  0%| F|  |TS  1|AC  0|TAMS 0x0000000708300000, 0x0000000708300000|
| 132|0x0000000708400000, 0x0000000708400000, 0x0000000708500000|  0%| F|  |TS  1|AC  0|TAMS 0x0000000708400000, 0x0000000708400000|
| 133|0x0000000708500000, 0x0000000708500000, 0x0000000708600000|  0%| F|  |TS  1|AC  0|TAMS 0x0000000708500000, 0x0000000708500000|
| 134|0x0000000708600000, 0x0000000708600000, 0x0000000708700000|  0%| F|  |TS  1|AC  0|TAMS 0x0000000708600000, 0x0000000708600000|
| 135|0x0000000708700000, 0x0000000708700000, 0x0000000708800000|  0%| F|  |TS  1|AC  0|TAMS 0x0000000708700000, 0x0000000708700000|
| 136|0x0000000708800000, 0x0000000708800000, 0x0000000708900000|  0%| F|  |TS  1|AC  0|TAMS 0x0000000708800000, 0x0000000708800000|
| 137|0x0000000708900000, 0x0000000708900000, 0x0000000708a00000|  0%| F|  |TS  1|AC  0|TAMS 0x0000000708900000, 0x0000000708900000|
| 138|0x0000000708a00000, 0x0000000708a00000, 0x0000000708b00000|  0%| F|  |TS  1|AC  0|TAMS 0x0000000708a00000, 0x0000000708a00000|
| 139|0x0000000708b00000, 0x0000000708b00000, 0x0000000708c00000|  0%| F|  |TS  1|AC  0|TAMS 0x0000000708b00000, 0x0000000708b00000|
| 140|0x0000000708c00000, 0x0000000708c00000, 0x0000000708d00000|  0%| F|  |TS  1|AC  0|TAMS 0x0000000708c00000, 0x0000000708c00000|
| 141|0x0000000708d00000, 0x0000000708d00000, 0x0000000708e00000|  0%| F|  |TS  1|AC  0|TAMS 0x0000000708d00000, 0x0000000708d00000|
| 142|0x0000000708e00000, 0x0000000708e00000, 0x0000000708f00000|  0%| F|  |TS  1|AC  0|TAMS 0x0000000708e00000, 0x0000000708e00000|
| 143|0x0000000708f00000, 0x0000000708f00000, 0x0000000709000000|  0%| F|  |TS  1|AC  0|TAMS 0x0000000708f00000, 0x0000000708f00000|
| 144|0x0000000709000000, 0x0000000709000000, 0x0000000709100000|  0%| F|  |TS  1|AC  0|TAMS 0x0000000709000000, 0x0000000709000000|
| 145|0x0000000709100000, 0x0000000709100000, 0x0000000709200000|  0%| F|  |TS  1|AC  0|TAMS 0x0000000709100000, 0x0000000709100000|
| 146|0x0000000709200000, 0x0000000709200000, 0x0000000709300000|  0%| F|  |TS  1|AC  0|TAMS 0x0000000709200000, 0x0000000709200000|
| 147|0x0000000709300000, 0x0000000709300000, 0x0000000709400000|  0%| F|  |TS  1|AC  0|TAMS 0x0000000709300000, 0x0000000709300000|
| 148|0x0000000709400000, 0x0000000709400000, 0x0000000709500000|  0%| F|  |TS  1|AC  0|TAMS 0x0000000709400000, 0x0000000709400000|
| 149|0x0000000709500000, 0x0000000709500000, 0x0000000709600000|  0%| F|  |TS  1|AC  0|TAMS 0x0000000709500000, 0x0000000709500000|
| 150|0x0000000709600000, 0x0000000709600000, 0x0000000709700000|  0%| F|  |TS  1|AC  0|TAMS 0x0000000709600000, 0x0000000709600000|
| 151|0x0000000709700000, 0x0000000709700000, 0x0000000709800000|  0%| F|  |TS  1|AC  0|TAMS 0x0000000709700000, 0x0000000709700000|
| 152|0x0000000709800000, 0x0000000709800000, 0x0000000709900000|  0%| F|  |TS  1|AC  0|TAMS 0x0000000709800000, 0x0000000709800000|
| 153|0x0000000709900000, 0x0000000709900000, 0x0000000709a00000|  0%| F|  |TS  1|AC  0|TAMS 0x0000000709900000, 0x0000000709900000|
| 154|0x0000000709a00000, 0x0000000709a00000, 0x0000000709b00000|  0%| F|  |TS  1|AC  0|TAMS 0x0000000709a00000, 0x0000000709a00000|
| 155|0x0000000709b00000, 0x0000000709b00000, 0x0000000709c00000|  0%| F|  |TS  1|AC  0|TAMS 0x0000000709b00000, 0x0000000709b00000|
| 156|0x0000000709c00000, 0x0000000709c00000, 0x0000000709d00000|  0%| F|  |TS  1|AC  0|TAMS 0x0000000709c00000, 0x0000000709c00000|
| 157|0x0000000709d00000, 0x0000000709d00000, 0x0000000709e00000|  0%| F|  |TS  1|AC  0|TAMS 0x0000000709d00000, 0x0000000709d00000|
| 158|0x0000000709e00000, 0x0000000709e00000, 0x0000000709f00000|  0%| F|  |TS  1|AC  0|TAMS 0x0000000709e00000, 0x0000000709e00000|
| 159|0x0000000709f00000, 0x0000000709f00000, 0x000000070a000000|  0%| F|  |TS  1|AC  0|TAMS 0x0000000709f00000, 0x0000000709f00000|
| 160|0x000000070a000000, 0x000000070a000000, 0x000000070a100000|  0%| F|  |TS  1|AC  0|TAMS 0x000000070a000000, 0x000000070a000000|
| 161|0x000000070a100000, 0x000000070a100000, 0x000000070a200000|  0%| F|  |TS  1|AC  0|TAMS 0x000000070a100000, 0x000000070a100000|
| 162|0x000000070a200000, 0x000000070a200000, 0x000000070a300000|  0%| F|  |TS  1|AC  0|TAMS 0x000000070a200000, 0x000000070a200000|
| 163|0x000000070a300000, 0x000000070a300000, 0x000000070a400000|  0%| F|  |TS  1|AC  0|TAMS 0x000000070a300000, 0x000000070a300000|
| 164|0x000000070a400000, 0x000000070a400000, 0x000000070a500000|  0%| F|  |TS  1|AC  0|TAMS 0x000000070a400000, 0x000000070a400000|
| 165|0x000000070a500000, 0x000000070a500800, 0x000000070a600000|  0%| E|  |TS  1|AC  0|TAMS 0x000000070a500000, 0x000000070a500000|
| 166|0x000000070a600000, 0x000000070a700000, 0x000000070a700000|100%| E|CS|TS  1|AC  0|TAMS 0x000000070a600000, 0x000000070a600000|
| 167|0x000000070a700000, 0x000000070a800000, 0x000000070a800000|100%| E|CS|TS  1|AC  0|TAMS 0x000000070a700000, 0x000000070a700000|
| 168|0x000000070a800000, 0x000000070a900000, 0x000000070a900000|100%| E|CS|TS  1|AC  0|TAMS 0x000000070a800000, 0x000000070a800000|
| 169|0x000000070a900000, 0x000000070aa00000, 0x000000070aa00000|100%| E|CS|TS  1|AC  0|TAMS 0x000000070a900000, 0x000000070a900000|
| 170|0x000000070aa00000, 0x000000070ab00000, 0x000000070ab00000|100%| E|CS|TS  1|AC  0|TAMS 0x000000070aa00000, 0x000000070aa00000|
| 171|0x000000070ab00000, 0x000000070ac00000, 0x000000070ac00000|100%| E|CS|TS  1|AC  0|TAMS 0x000000070ab00000, 0x000000070ab00000|
| 172|0x000000070ac00000, 0x000000070ad00000, 0x000000070ad00000|100%| E|CS|TS  1|AC  0|TAMS 0x000000070ac00000, 0x000000070ac00000|
| 173|0x000000070ad00000, 0x000000070ae00000, 0x000000070ae00000|100%| E|CS|TS  1|AC  0|TAMS 0x000000070ad00000, 0x000000070ad00000|
| 174|0x000000070ae00000, 0x000000070af00000, 0x000000070af00000|100%| E|CS|TS  1|AC  0|TAMS 0x000000070ae00000, 0x000000070ae00000|
| 175|0x000000070af00000, 0x000000070b000000, 0x000000070b000000|100%| E|CS|TS  1|AC  0|TAMS 0x000000070af00000, 0x000000070af00000|
| 176|0x000000070b000000, 0x000000070b100000, 0x000000070b100000|100%| E|CS|TS  1|AC  0|TAMS 0x000000070b000000, 0x000000070b000000|

Card table byte_map: [0x000002cf375a0000,0x000002cf37ba0000] byte_map_base: 0x000002cf33da0000

Marking Bits (Prev, Next): (CMBitMap*) 0x000002cf340894b0, (CMBitMap*) 0x000002cf340894e8
 Prev Bits: [0x000002cf4fca0000, 0x000002cf52ca0000)
 Next Bits: [0x000002cf52ca0000, 0x000002cf55ca0000)

Polling page: 0x000002cf2d110000

CodeHeap 'non-profiled nmethods': size=120000Kb used=11334Kb max_used=11334Kb free=108665Kb
 bounds [0x000002cf48170000, 0x000002cf48c90000, 0x000002cf4f6a0000]
CodeHeap 'profiled nmethods': size=120000Kb used=30924Kb max_used=30924Kb free=89075Kb
 bounds [0x000002cf40c40000, 0x000002cf42ae0000, 0x000002cf48170000]
CodeHeap 'non-nmethods': size=5760Kb used=1705Kb max_used=1764Kb free=4054Kb
 bounds [0x000002cf406a0000, 0x000002cf40910000, 0x000002cf40c40000]
 total_blobs=20030 nmethods=12103 adapters=1008
 compilation: enabled

Compilation events (10 events):
Event: 141.401 Thread 0x000002cf38bb0000 14165       3       java.util.concurrent.locks.AbstractQueuedSynchronizer$ConditionObject::awaitNanos (181 bytes)
Event: 141.403 Thread 0x000002cf38bb0000 nmethod 14165 0x000002cf41fcd190 code [0x000002cf41fcd5a0, 0x000002cf41fcf820]
Event: 141.407 Thread 0x000002cf38bb0000 14166       3       javax.swing.ScrollPaneLayout::layoutContainer (1727 bytes)
Event: 141.410 Thread 0x000002cf38bae000 nmethod 14163 0x000002cf48c7ea90 code [0x000002cf48c7ecc0, 0x000002cf48c7f650]
Event: 141.414 Thread 0x000002cf38bb0000 nmethod 14166 0x000002cf42aced90 code [0x000002cf42acf720, 0x000002cf42ad8090]
Event: 141.449 Thread 0x000002cf38bb0000 14167       3       com.jidesoft.grid.TableModelWrapperUtils::getActualRowAt (84 bytes)
Event: 141.450 Thread 0x000002cf38bb0000 nmethod 14167 0x000002cf41f93c90 code [0x000002cf41f93ee0, 0x000002cf41f949b0]
Event: 141.450 Thread 0x000002cf38bb0000 14168       1       ui.utils.i.j.aH::YJ (2 bytes)
Event: 141.450 Thread 0x000002cf38bb0000 nmethod 14168 0x000002cf48c7fc10 code [0x000002cf48c7fdc0, 0x000002cf48c7fed8]
Event: 141.553 Thread 0x000002cf38baf800 14169   !   4       com.sun.org.apache.xerces.internal.parsers.XML11Configuration::setProperty (172 bytes)

GC Heap History (10 events):
Event: 46.850 GC heap before
{Heap before GC invocations=29 (full 1):
 garbage-first heap   total 181248K, used 123312K [0x0000000700000000, 0x0000000700100588, 0x00000007c0000000)
  region size 1024K, 60 young (61440K), 2 survivors (2048K)
 Metaspace       used 70378K, capacity 74553K, committed 74704K, reserved 1114112K
  class space    used 9825K, capacity 10599K, committed 10704K, reserved 1048576K
}
Event: 46.856 GC heap after
{Heap after GC invocations=30 (full 1):
 garbage-first heap   total 181248K, used 68831K [0x0000000700000000, 0x0000000700100588, 0x00000007c0000000)
  region size 1024K, 7 young (7168K), 7 survivors (7168K)
 Metaspace       used 70378K, capacity 74553K, committed 74704K, reserved 1114112K
  class space    used 9825K, capacity 10599K, committed 10704K, reserved 1048576K
}
Event: 47.117 GC heap before
{Heap before GC invocations=30 (full 1):
 garbage-first heap   total 181248K, used 123103K [0x0000000700000000, 0x0000000700100588, 0x00000007c0000000)
  region size 1024K, 60 young (61440K), 7 survivors (7168K)
 Metaspace       used 71596K, capacity 75815K, committed 76112K, reserved 1114112K
  class space    used 9948K, capacity 10708K, committed 10832K, reserved 1048576K
}
Event: 47.121 GC heap after
{Heap after GC invocations=31 (full 1):
 garbage-first heap   total 181248K, used 68531K [0x0000000700000000, 0x0000000700100588, 0x00000007c0000000)
  region size 1024K, 2 young (2048K), 2 survivors (2048K)
 Metaspace       used 71596K, capacity 75815K, committed 76112K, reserved 1114112K
  class space    used 9948K, capacity 10708K, committed 10832K, reserved 1048576K
}
Event: 47.450 GC heap before
{Heap before GC invocations=31 (full 1):
 garbage-first heap   total 181248K, used 127923K [0x0000000700000000, 0x0000000700100588, 0x00000007c0000000)
  region size 1024K, 60 young (61440K), 2 survivors (2048K)
 Metaspace       used 73342K, capacity 77849K, committed 78032K, reserved 1116160K
  class space    used 10312K, capacity 11097K, committed 11216K, reserved 1048576K
}
Event: 47.454 GC heap after
{Heap after GC invocations=32 (full 1):
 garbage-first heap   total 181248K, used 69776K [0x0000000700000000, 0x0000000700100588, 0x00000007c0000000)
  region size 1024K, 3 young (3072K), 3 survivors (3072K)
 Metaspace       used 73342K, capacity 77849K, committed 78032K, reserved 1116160K
  class space    used 10312K, capacity 11097K, committed 11216K, reserved 1048576K
}
Event: 47.527 GC heap before
{Heap before GC invocations=32 (full 1):
 garbage-first heap   total 181248K, used 83088K [0x0000000700000000, 0x0000000700100588, 0x00000007c0000000)
  region size 1024K, 11 young (11264K), 3 survivors (3072K)
 Metaspace       used 73991K, capacity 78425K, committed 78544K, reserved 1116160K
  class space    used 10381K, capacity 11161K, committed 11216K, reserved 1048576K
}
Event: 47.645 GC heap after
{Heap after GC invocations=33 (full 2):
 garbage-first heap   total 181248K, used 68171K [0x0000000700000000, 0x0000000700100588, 0x00000007c0000000)
  region size 1024K, 0 young (0K), 0 survivors (0K)
 Metaspace       used 73991K, capacity 78425K, committed 78544K, reserved 1116160K
  class space    used 10381K, capacity 11161K, committed 11216K, reserved 1048576K
}
Event: 128.919 GC heap before
{Heap before GC invocations=33 (full 2):
 garbage-first heap   total 181248K, used 129611K [0x0000000700000000, 0x0000000700100588, 0x00000007c0000000)
  region size 1024K, 60 young (61440K), 0 survivors (0K)
 Metaspace       used 74278K, capacity 78777K, committed 78800K, reserved 1116160K
  class space    used 10389K, capacity 11193K, committed 11216K, reserved 1048576K
}
Event: 129.061 GC heap after
{Heap after GC invocations=34 (full 2):
 garbage-first heap   total 181248K, used 68890K [0x0000000700000000, 0x0000000700100588, 0x00000007c0000000)
  region size 1024K, 1 young (1024K), 1 survivors (1024K)
 Metaspace       used 74278K, capacity 78777K, committed 78800K, reserved 1116160K
  class space    used 10389K, capacity 11193K, committed 11216K, reserved 1048576K
}

Deoptimization events (10 events):
Event: 47.465 Thread 0x000002cf5a35d000 Uncommon trap: reason=class_check action=maybe_recompile pc=0x000002cf4895ac14 method=sun.java2d.SunGraphics2D.validateCompClip()V @ 69 c2
Event: 47.469 Thread 0x000002cf5a35d000 Uncommon trap: reason=class_check action=maybe_recompile pc=0x000002cf4895ac14 method=sun.java2d.SunGraphics2D.validateCompClip()V @ 69 c2
Event: 47.489 Thread 0x000002cf5a35d000 Uncommon trap: reason=unstable_if action=reinterpret pc=0x000002cf485dad48 method=java.io.ByteArrayInputStream.read()I @ 8 c2
Event: 47.502 Thread 0x000002cf5a35d000 Uncommon trap: reason=unstable_if action=reinterpret pc=0x000002cf48aae7fc method=java.awt.Font.getStringBounds([CIILjava/awt/font/FontRenderContext;)Ljava/awt/geom/Rectangle2D; @ 63 c2
Event: 47.502 Thread 0x000002cf5a35d000 Uncommon trap: reason=unstable_if action=reinterpret pc=0x000002cf48aadf58 method=java.awt.Font.getStringBounds([CIILjava/awt/font/FontRenderContext;)Ljava/awt/geom/Rectangle2D; @ 63 c2
Event: 48.268 Thread 0x000002cf5a35d000 Uncommon trap: reason=unstable_if action=reinterpret pc=0x000002cf4820a67c method=javax.swing.tree.VariableHeightLayoutCache$TreeStateNode.hasValidSize()Z @ 4 c2
Event: 48.282 Thread 0x000002cf5a35d000 Uncommon trap: reason=unstable_if action=reinterpret pc=0x000002cf487a2a98 method=java.util.HashMap$HashIterator.<init>(Ljava/util/HashMap;)V @ 45 c2
Event: 49.343 Thread 0x000002cf5a35d000 Uncommon trap: reason=unstable_if action=reinterpret pc=0x000002cf489cce58 method=sun.java2d.SunGraphics2D.setComposite(Ljava/awt/Composite;)V @ 107 c2
Event: 139.168 Thread 0x000002cf5a4ab000 Uncommon trap: reason=unstable_if action=reinterpret pc=0x000002cf48c39060 method=java.util.concurrent.locks.AbstractQueuedSynchronizer.acquireQueued(Ljava/util/concurrent/locks/AbstractQueuedSynchronizer$Node;I)Z @ 14 c2
Event: 141.396 Thread 0x000002cf5a35d000 Uncommon trap: reason=unstable_if action=reinterpret pc=0x000002cf48bfe550 method=ui.frmwork.b.d.a(Ljava/awt/AWTEvent;)V @ 77 c2

Classes redefined (0 events):
No events

Internal exceptions (10 events):
Event: 47.217 Thread 0x000002cf5a35d000 Exception <a 'java/lang/ClassNotFoundException'{0x000000070a60a690}: javax/swing/JPanelCustomizer> (0x000000070a60a690) thrown at [t:/workspace/hotspot/src/share/vm/classfile/systemDictionary.cpp, line 218]
Event: 47.218 Thread 0x000002cf5a35d000 Exception <a 'java/lang/ClassNotFoundException'{0x000000070a64bbe8}: org/jdesktop/swingx/JXPanelCustomizer> (0x000000070a64bbe8) thrown at [t:/workspace/hotspot/src/share/vm/classfile/systemDictionary.cpp, line 218]
Event: 47.219 Thread 0x000002cf5a35d000 Exception <a 'java/lang/ClassNotFoundException'{0x000000070a699348}: org/jdesktop/swingx/JXTitledPanelCustomizer> (0x000000070a699348) thrown at [t:/workspace/hotspot/src/share/vm/classfile/systemDictionary.cpp, line 218]
Event: 47.220 Thread 0x000002cf5a35d000 Exception <a 'java/lang/ClassNotFoundException'{0x000000070a6dc1a0}: ui/utils/o/p/a/dCustomizer> (0x000000070a6dc1a0) thrown at [t:/workspace/hotspot/src/share/vm/classfile/systemDictionary.cpp, line 218]
Event: 47.220 Thread 0x000002cf5a35d000 Exception <a 'java/lang/ClassNotFoundException'{0x000000070a51f3e8}: ui/views/waveform/f/pCustomizer> (0x000000070a51f3e8) thrown at [t:/workspace/hotspot/src/share/vm/classfile/systemDictionary.cpp, line 218]
Event: 47.223 Thread 0x000002cf5a35d000 Implicit null exception at 0x000002cf48ab5a7e to 0x000002cf48ab6388
Event: 47.277 Thread 0x000002cf5a35d000 Exception <a 'java/lang/NoSuchMethodError'{0x0000000709f99770}: java.lang.invoke.DirectMethodHandle$Holder.invokeSpecial(Ljava/lang/Object;Ljava/lang/Object;IIIJJJ)Ljava/lang/Object;> (0x0000000709f99770) thrown at [t:/workspace/hotspot/src/share/vm/inter
Event: 47.277 Thread 0x000002cf5a35d000 Exception <a 'java/lang/NoSuchMethodError'{0x0000000709f9cf18}: java.lang.invoke.DelegatingMethodHandle$Holder.reinvoke_L(Ljava/lang/Object;IIIJJJ)Ljava/lang/Object;> (0x0000000709f9cf18) thrown at [t:/workspace/hotspot/src/share/vm/interpreter/linkResolv
Event: 47.277 Thread 0x000002cf5a35d000 Exception <a 'java/lang/NoSuchMethodError'{0x0000000709fab970}: method resolution failed> (0x0000000709fab970) thrown at [t:/workspace/hotspot/src/share/vm/prims/methodHandles.cpp, line 1256]
Event: 47.433 Thread 0x000002cf63e65000 Implicit null exception at 0x000002cf489f652d to 0x000002cf489f6d35

Events (10 events):
Event: 139.167 Thread 0x000002cf5a4ab000 Uncommon trap: trap_request=0xffffff5d fr.pc=0x000002cf48c39060 relative=0x0000000000001180
Event: 139.169 Thread 0x000002cf5a4ab000 DEOPT PACKING pc=0x000002cf48c39060 sp=0x000000ee8a0fed60
Event: 139.171 Thread 0x000002cf5a4ab000 DEOPT UNPACKING pc=0x000002cf406edf29 sp=0x000000ee8a0feca0 mode 2
Event: 139.316 Thread 0x000002cf38bd7800 Thread added: 0x000002cf38bd7800
Event: 139.319 Thread 0x000002cf38bd7800 Thread exited: 0x000002cf38bd7800
Event: 140.316 Thread 0x000002cf38bdd000 Thread added: 0x000002cf38bdd000
Event: 140.319 Thread 0x000002cf38bdd000 Thread exited: 0x000002cf38bdd000
Event: 141.396 Thread 0x000002cf5a35d000 Uncommon trap: trap_request=0xffffff5d fr.pc=0x000002cf48bfe550 relative=0x0000000000000930
Event: 141.396 Thread 0x000002cf5a35d000 DEOPT PACKING pc=0x000002cf48bfe550 sp=0x000000ee8b4f8bf0
Event: 141.396 Thread 0x000002cf5a35d000 DEOPT UNPACKING pc=0x000002cf406edf29 sp=0x000000ee8b4f8b30 mode 2


Dynamic libraries:
0x00007ff642560000 - 0x00007ff642590000 	C:\Xilinx\Vivado\2019.1\bin\unwrapped\win64.o\vivado.exe
0x00007ffd30f40000 - 0x00007ffd31130000 	C:\WINDOWS\SYSTEM32\ntdll.dll
0x00007ffd2f900000 - 0x00007ffd2f9b2000 	C:\WINDOWS\System32\KERNEL32.DLL
0x00007ffd2e0b0000 - 0x00007ffd2e355000 	C:\WINDOWS\System32\KERNELBASE.dll
0x00007ffd2e5f0000 - 0x00007ffd2e6ea000 	C:\WINDOWS\System32\ucrtbase.dll
0x00007ffd17820000 - 0x00007ffd178b1000 	C:\WINDOWS\SYSTEM32\MSVCP140.dll
0x00007ffd1c1e0000 - 0x00007ffd1c1f4000 	C:\Xilinx\Vivado\2019.1\lib\win64.o\libboost_signals.dll
0x00007ffcf9e70000 - 0x00007ffcfad52000 	C:\Xilinx\Vivado\2019.1\lib\win64.o\librdi_common.dll
0x00007ffd16d40000 - 0x00007ffd16d54000 	C:\Xilinx\Vivado\2019.1\lib\win64.o\librdi_commonmain.dll
0x00007ffd2fb30000 - 0x00007ffd2fcc4000 	C:\WINDOWS\System32\USER32.dll
0x00007ffd2bb70000 - 0x00007ffd2bb89000 	C:\WINDOWS\SYSTEM32\VCRUNTIME140.dll
0x00007ffd2e000000 - 0x00007ffd2e021000 	C:\WINDOWS\System32\win32u.dll
0x00007ffd2a4b0000 - 0x00007ffd2a4bc000 	C:\WINDOWS\SYSTEM32\VCRUNTIME140_1.dll
0x00007ffd2fcd0000 - 0x00007ffd2fcf6000 	C:\WINDOWS\System32\GDI32.dll
0x00007ffd2e360000 - 0x00007ffd2e4f6000 	C:\WINDOWS\System32\gdi32full.dll
0x00007ffd2e550000 - 0x00007ffd2e5ee000 	C:\WINDOWS\System32\msvcp_win.dll
0x00007ffd0f720000 - 0x00007ffd0f746000 	C:\Xilinx\Vivado\2019.1\lib\win64.o\libboost_filesystem.dll
0x00007ffd04c20000 - 0x00007ffd04f8e000 	C:\Xilinx\Vivado\2019.1\lib\win64.o\libCOIN-all.dll
0x00007ffd306c0000 - 0x00007ffd30763000 	C:\WINDOWS\System32\ADVAPI32.dll
0x00007ffd0f820000 - 0x00007ffd0f834000 	C:\Xilinx\Vivado\2019.1\lib\win64.o\libboost_date_time.dll
0x00007ffd30950000 - 0x00007ffd309ee000 	C:\WINDOWS\System32\msvcrt.dll
0x00007ffd30820000 - 0x00007ffd308b7000 	C:\WINDOWS\System32\sechost.dll
0x00007ffd30450000 - 0x00007ffd30570000 	C:\WINDOWS\System32\RPCRT4.dll
0x00007ffd0f6a0000 - 0x00007ffd0f71f000 	C:\Xilinx\Vivado\2019.1\lib\win64.o\libboost_program_options.dll
0x00007ffd2fd00000 - 0x00007ffd303e7000 	C:\WINDOWS\System32\SHELL32.dll
0x00007ffd0ad60000 - 0x00007ffd0ae74000 	C:\Xilinx\Vivado\2019.1\lib\win64.o\libboost_regex.dll
0x00007ffd2bc00000 - 0x00007ffd2bc0b000 	C:\Xilinx\Vivado\2019.1\lib\win64.o\libboost_system.dll
0x00007ffd2e500000 - 0x00007ffd2e54a000 	C:\WINDOWS\System32\cfgmgr32.dll
0x00007ffd30770000 - 0x00007ffd30819000 	C:\WINDOWS\System32\shcore.dll
0x00007ffd30a10000 - 0x00007ffd30d45000 	C:\WINDOWS\System32\combase.dll
0x00007ffd0ede0000 - 0x00007ffd0ee01000 	C:\Xilinx\Vivado\2019.1\lib\win64.o\libboost_thread.dll
0x00007ffd2a430000 - 0x00007ffd2a43f000 	C:\Xilinx\Vivado\2019.1\lib\win64.o\libboost_xilinx.dll
0x00007ffd2e030000 - 0x00007ffd2e0b0000 	C:\WINDOWS\System32\bcryptPrimitives.dll
0x00007ffd0ed50000 - 0x00007ffd0edd2000 	C:\Xilinx\Vivado\2019.1\lib\win64.o\libhdlpsolve.dll
0x00007ffd2e840000 - 0x00007ffd2efc1000 	C:\WINDOWS\System32\windows.storage.dll
0x00007ffd2de20000 - 0x00007ffd2de43000 	C:\WINDOWS\System32\profapi.dll
0x00007ffd04180000 - 0x00007ffd04225000 	C:\Xilinx\Vivado\2019.1\lib\win64.o\libhdxml.dll
0x00007ffd2de70000 - 0x00007ffd2deba000 	C:\WINDOWS\System32\powrprof.dll
0x00007ffcf5690000 - 0x00007ffcf623f400 	C:\Xilinx\Vivado\2019.1\lib\win64.o\libisl_iostreams.dll
0x00007ffd29580000 - 0x00007ffd2958a000 	C:\Xilinx\Vivado\2019.1\lib\win64.o\librdi_commonversion.dll
0x00007ffd2ddf0000 - 0x00007ffd2de00000 	C:\WINDOWS\System32\UMPDC.dll
0x00007ffd303f0000 - 0x00007ffd30442000 	C:\WINDOWS\System32\shlwapi.dll
0x00007ffd2de50000 - 0x00007ffd2de61000 	C:\WINDOWS\System32\kernel.appcore.dll
0x00007ffd0d500000 - 0x00007ffd0d52e000 	C:\Xilinx\Vivado\2019.1\lib\win64.o\libisl_sysinfo.dll
0x00007ffd2efd0000 - 0x00007ffd2efe7000 	C:\WINDOWS\System32\cryptsp.dll
0x00007ffd30d50000 - 0x00007ffd30dbf000 	C:\WINDOWS\System32\WS2_32.dll
0x00007ffd04000000 - 0x00007ffd04121000 	C:\Xilinx\Vivado\2019.1\lib\win64.o\librdi_commonxillic.dll
0x00007ffd04bb0000 - 0x00007ffd04c15000 	C:\Xilinx\Vivado\2019.1\lib\win64.o\liblmx6.0.dll
0x00007ffd0f680000 - 0x00007ffd0f69a000 	C:\Xilinx\Vivado\2019.1\lib\win64.o\pthreadVC2.dll
0x0000000064a70000 - 0x0000000064b9b000 	C:\Xilinx\Vivado\2019.1\lib\win64.o\tcl85t.dll
0x00007ffd0d4e0000 - 0x00007ffd0d4fc000 	C:\Xilinx\Vivado\2019.1\lib\win64.o\librdiconfig.dll
0x00007ffd054e0000 - 0x00007ffd05501000 	C:\Xilinx\Vivado\2019.1\lib\win64.o\librdizlib.dll
0x0000000012000000 - 0x0000000012270000 	C:\Xilinx\Vivado\2019.1\lib\win64.o\xerces-c_3_1.dll
0x00007ffd228a0000 - 0x00007ffd228b7000 	C:\WINDOWS\SYSTEM32\NETAPI32.dll
0x00007ffd1e660000 - 0x00007ffd1eb35000 	C:\WINDOWS\SYSTEM32\WININET.dll
0x00007ffd293c0000 - 0x00007ffd294b0000 	C:\WINDOWS\SYSTEM32\WINHTTP.dll
0x00007ffd24170000 - 0x00007ffd24346000 	C:\WINDOWS\SYSTEM32\urlmon.dll
0x00007ffd287f0000 - 0x00007ffd287fd000 	C:\Xilinx\Vivado\2019.1\lib\win64.o\libboost_chrono.dll
0x00007ffd0cea0000 - 0x00007ffd0cebb000 	C:\Xilinx\Vivado\2019.1\lib\win64.o\libboost_iostreams.dll
0x00007ffd04ad0000 - 0x00007ffd04af5000 	C:\Xilinx\Vivado\2019.1\lib\win64.o\libisl_iosutils.dll
0x00007ffd1e050000 - 0x00007ffd1e059000 	C:\WINDOWS\SYSTEM32\WSOCK32.dll
0x00007ffcf0cf0000 - 0x00007ffcf1b81000 	C:\Xilinx\Vivado\2019.1\lib\win64.o\gurobi65.dll
0x00007ffd044c0000 - 0x00007ffd044ed000 	C:\WINDOWS\SYSTEM32\VCOMP140.DLL
0x00007ffcfbc00000 - 0x00007ffcfbed8000 	C:\Xilinx\Vivado\2019.1\lib\win64.o\libXil_lmgr11.dll
0x00007ffd2f830000 - 0x00007ffd2f900000 	C:\WINDOWS\System32\COMDLG32.dll
0x00007ffd23c30000 - 0x00007ffd23ed7000 	C:\WINDOWS\SYSTEM32\iertutil.dll
0x00007ffd30570000 - 0x00007ffd30635000 	C:\WINDOWS\System32\OLEAUT32.dll
0x00007ffd2f9c0000 - 0x00007ffd2fb17000 	C:\WINDOWS\System32\ole32.dll
0x00007ffd21be0000 - 0x00007ffd21c89000 	C:\WINDOWS\WinSxS\amd64_microsoft.windows.common-controls_6595b64144ccf1df_5.82.18362.1198_none_73b37520d815d61e\COMCTL32.dll
0x00007ffd2df70000 - 0x00007ffd2dfcc000 	C:\WINDOWS\System32\WINTRUST.dll
0x00007ffd2de00000 - 0x00007ffd2de12000 	C:\WINDOWS\System32\MSASN1.dll
0x00007ffd2e6f0000 - 0x00007ffd2e839000 	C:\WINDOWS\System32\CRYPT32.dll
0x00007ffd26b90000 - 0x00007ffd26bac000 	C:\WINDOWS\SYSTEM32\dhcpcsvc.DLL
0x00007ffd2fb20000 - 0x00007ffd2fb28000 	C:\WINDOWS\System32\NSI.dll
0x00007ffd2d460000 - 0x00007ffd2d46c000 	C:\WINDOWS\SYSTEM32\NETUTILS.DLL
0x00007ffd2d810000 - 0x00007ffd2d81c000 	C:\WINDOWS\SYSTEM32\CRYPTBASE.DLL
0x00007ffd30920000 - 0x00007ffd3094e000 	C:\WINDOWS\System32\IMM32.DLL
0x00007ffcf87e0000 - 0x00007ffcf8cf7000 	C:\Xilinx\Vivado\2019.1\lib\win64.o\librdi_commontasks.dll
0x00007ffd29520000 - 0x00007ffd2952a000 	C:\WINDOWS\SYSTEM32\VERSION.dll
0x00000000632c0000 - 0x0000000063ce5000 	C:\Xilinx\Vivado\2019.1\tps\win64\jre9.0.4\bin\server\jvm.dll
0x00007ffcf8550000 - 0x00007ffcf87d6000 	C:\Xilinx\Vivado\2019.1\lib\win64.o\librdi_sio.dll
0x00007ffd2f0a0000 - 0x00007ffd2f0a8000 	C:\WINDOWS\System32\PSAPI.DLL
0x00007ffd2d350000 - 0x00007ffd2d38a000 	C:\WINDOWS\SYSTEM32\IPHLPAPI.DLL
0x00007ffd2baf0000 - 0x00007ffd2bb14000 	C:\WINDOWS\SYSTEM32\WINMM.dll
0x00007ffd03f10000 - 0x00007ffd03fff000 	C:\WINDOWS\SYSTEM32\MSVCR120.dll
0x00007ffd2b9c0000 - 0x00007ffd2b9ed000 	C:\WINDOWS\SYSTEM32\winmmbase.dll
0x00007ffd2d640000 - 0x00007ffd2d6a7000 	C:\WINDOWS\SYSTEM32\MSWSOCK.DLL
0x00007ffcd35c0000 - 0x00007ffcd5a7c000 	C:\Xilinx\Vivado\2019.1\lib\win64.o\librdi_tcltasks.dll
0x00007ffcf5280000 - 0x00007ffcf5688000 	C:\Xilinx\Vivado\2019.1\lib\win64.o\librdi_bitstream.dll
0x00007ffd03140000 - 0x00007ffd031b8000 	C:\Xilinx\Vivado\2019.1\lib\win64.o\librdi_boarddep.dll
0x00007ffd02ee0000 - 0x00007ffd03071000 	C:\Xilinx\Vivado\2019.1\lib\win64.o\librdi_board.dll
0x00007ffcfbb10000 - 0x00007ffcfbbfb000 	C:\Xilinx\Vivado\2019.1\lib\win64.o\librdi_chipscope.dll
0x00007ffcf50c0000 - 0x00007ffcf527d000 	C:\Xilinx\Vivado\2019.1\lib\win64.o\librdi_chipscopeimpl.dll
0x00007ffcdaa30000 - 0x00007ffcdc41a000 	C:\Xilinx\Vivado\2019.1\lib\win64.o\librdi_constraints.dll
0x00007ffcd6af0000 - 0x00007ffcd89a1000 	C:\Xilinx\Vivado\2019.1\lib\win64.o\librdi_coregen.dll
0x00007ffcf9a40000 - 0x00007ffcf9b96000 	C:\Xilinx\Vivado\2019.1\lib\win64.o\librdi_containers.dll
0x00007ffcef970000 - 0x00007ffcf004a000 	C:\Xilinx\Vivado\2019.1\lib\win64.o\librdi_coregenipxact.dll
0x00007ffcc6050000 - 0x00007ffcca093000 	C:\Xilinx\Vivado\2019.1\lib\win64.o\librdi_designutils.dll
0x00007ffceef30000 - 0x00007ffcef24e000 	C:\Xilinx\Vivado\2019.1\lib\win64.o\librdi_dlyest.dll
0x00007ffcb3c20000 - 0x00007ffcc604c000 	C:\Xilinx\Vivado\2019.1\lib\win64.o\librdi_device.dll
0x00007ffcda490000 - 0x00007ffcdaa2a000 	C:\Xilinx\Vivado\2019.1\lib\win64.o\librdi_drc.dll
0x00007ffd02c30000 - 0x00007ffd02cf4000 	C:\Xilinx\Vivado\2019.1\lib\win64.o\librdi_dsp.dll
0x00007ffcd9530000 - 0x00007ffcd9b7d000 	C:\Xilinx\Vivado\2019.1\lib\win64.o\librdi_filemgmt.dll
0x00007ffceec40000 - 0x00007ffceef23000 	C:\Xilinx\Vivado\2019.1\lib\win64.o\librdi_guitools.dll
0x00007ffd03ea0000 - 0x00007ffd03f05000 	C:\Xilinx\Vivado\2019.1\lib\win64.o\librdi_hdf.dll
0x00007ffcd2000000 - 0x00007ffcd35c0000 	C:\Xilinx\Vivado\2019.1\lib\win64.o\librdi_implflow.dll
0x00007ffcd19e0000 - 0x00007ffcd1ff5000 	C:\Xilinx\Vivado\2019.1\lib\win64.o\librdi_memdata.dll
0x00007ffcfba90000 - 0x00007ffcfbb03000 	C:\Xilinx\Vivado\2019.1\lib\win64.o\librdi_memoryarray.dll
0x00007ffcb0f30000 - 0x00007ffcb3c16000 	C:\Xilinx\Vivado\2019.1\lib\win64.o\librdi_mig.dll
0x00007ffcd1330000 - 0x00007ffcd19d2000 	C:\Xilinx\Vivado\2019.1\lib\win64.o\librdi_netlist.dll
0x00007ffd04470000 - 0x00007ffd044bb000 	C:\Xilinx\Vivado\2019.1\lib\win64.o\librdi_pfi.dll
0x00007ffcca520000 - 0x00007ffcccb96000 	C:\Xilinx\Vivado\2019.1\lib\win64.o\librdi_place.dll
0x00007ffce5530000 - 0x00007ffce583f000 	C:\Xilinx\Vivado\2019.1\lib\win64.o\librdi_platform.dll
0x00007ffcd0be0000 - 0x00007ffcd132a000 	C:\Xilinx\Vivado\2019.1\lib\win64.o\librdi_power.dll
0x00007ffcd0660000 - 0x00007ffcd0bdf000 	C:\Xilinx\Vivado\2019.1\lib\win64.o\librdi_project.dll
0x00007ffccfb00000 - 0x00007ffcd0209000 	C:\Xilinx\Vivado\2019.1\lib\win64.o\librdi_psta.dll
0x00007ffccf3f0000 - 0x00007ffccfaf6000 	C:\Xilinx\Vivado\2019.1\lib\win64.o\librdi_rsb.dll
0x00007ffcd9130000 - 0x00007ffcd9521000 	C:\Xilinx\Vivado\2019.1\lib\win64.o\librdi_runs.dll
0x00007ffcf9d70000 - 0x00007ffcf9e6a000 	C:\Xilinx\Vivado\2019.1\lib\win64.o\librdi_runsbase.dll
0x00007ffcf4e60000 - 0x00007ffcf50b6000 	C:\Xilinx\Vivado\2019.1\lib\win64.o\librdi_simdata.dll
0x00007ffcce5d0000 - 0x00007ffccf3e1000 	C:\Xilinx\Vivado\2019.1\lib\win64.o\librdi_timing.dll
0x00007ffcf4a00000 - 0x00007ffcf4b72000 	C:\Xilinx\Vivado\2019.1\lib\win64.o\librdi_advchipscopeimpl.dll
0x00007ffcfba40000 - 0x00007ffcfba8c000 	C:\Xilinx\Vivado\2019.1\lib\win64.o\libboost_serialization.dll
0x00007ffcf0b50000 - 0x00007ffcf0cef000 	C:\Xilinx\Vivado\2019.1\lib\win64.o\librdi_hip_devdesign.dll
0x00007ffcf8480000 - 0x00007ffcf8542000 	C:\Xilinx\Vivado\2019.1\lib\win64.o\librdi_ipconfig_readwrite.dll
0x00007ffcfd960000 - 0x00007ffcfd9a3000 	C:\Xilinx\Vivado\2019.1\lib\win64.o\librdi_noc_frameworks.dll
0x00007ffcb03e0000 - 0x00007ffcb0f27000 	C:\Xilinx\Vivado\2019.1\lib\win64.o\libverific.dll
0x00007ffcd8a50000 - 0x00007ffcd8e35000 	C:\Xilinx\Vivado\2019.1\lib\win64.o\librdi_hip_config.dll

VM Arguments:
jvm_args: -Dsun.java2d.pmoffscreen=false -Dsun.java2d.xrender=false -Dsun.java2d.d3d=false -Dsun.awt.nopixfmt=true -Dsun.java2d.dpiaware=true -Dsun.java2d.uiScale.enabled=false -Xverify:none -Dswing.aatext=true -XX:-UsePerfData -Djdk.map.althashing.threshold=512 -XX:StringTableSize=4072 --add-opens=java.base/java.nio=ALL-UNNAMED --add-opens=java.desktop/sun.swing=ALL-UNNAMED --add-opens=java.desktop/javax.swing=ALL-UNNAMED --add-opens=java.desktop/javax.swing.tree=ALL-UNNAMED --add-opens=java.desktop/javax.swing.plaf.basic=ALL-UNNAMED --add-opens=java.desktop/javax.swing.plaf.synth=ALL-UNNAMED --add-opens=java.desktop/com.sun.awt=ALL-UNNAMED -XX:NewSize=60m -XX:MaxNewSize=60m -Xms128m -Xmx3072m -Xss5m 
java_command: <unknown>
java_class_path (initial): C:/Xilinx/Vivado/2019.1\lib\classes\alloy.jar;C:/Xilinx/Vivado/2019.1\lib\classes\autopilot.scelaborator.jar;C:/Xilinx/Vivado/2019.1\lib\classes\autopilot.sourceprocessor.jar;C:/Xilinx/Vivado/2019.1\lib\classes\autopilot.tbprocessor.jar;C:/Xilinx/Vivado/2019.1\lib\classes\batik-anim.jar;C:/Xilinx/Vivado/2019.1\lib\classes\batik-awt-util.jar;C:/Xilinx/Vivado/2019.1\lib\classes\batik-bridge.jar;C:/Xilinx/Vivado/2019.1\lib\classes\batik-codec.jar;C:/Xilinx/Vivado/2019.1\lib\classes\batik-css.jar;C:/Xilinx/Vivado/2019.1\lib\classes\batik-dom.jar;C:/Xilinx/Vivado/2019.1\lib\classes\batik-ext.jar;C:/Xilinx/Vivado/2019.1\lib\classes\batik-gui-util.jar;C:/Xilinx/Vivado/2019.1\lib\classes\batik-gvt.jar;C:/Xilinx/Vivado/2019.1\lib\classes\batik-parser.jar;C:/Xilinx/Vivado/2019.1\lib\classes\batik-script.jar;C:/Xilinx/Vivado/2019.1\lib\classes\batik-svg-dom.jar;C:/Xilinx/Vivado/2019.1\lib\classes\batik-swing.jar;C:/Xilinx/Vivado/2019.1\lib\classes\batik-transcoder.jar;C:/Xilinx/Vivado/2019.1\lib\classes\batik-util.jar;C:/Xilinx/Vivado/2019.1\lib\classes\batik-xml.jar;C:/Xilinx/Vivado/2019.1\lib\classes\com.google.gson_2.7.0.v20170129-0911.jar;C:/Xilinx/Vivado/2019.1\lib\classes\com.google.guava_21.0.0.v20170206-1425.jar;C:/Xilinx/Vivado/2019.1\lib\classes\com.google.inject_3.0.0.v201605172100.jar;C:/Xilinx/Vivado/2019.1\lib\classes\com.ibm.icu_4.4.2.v20110208.jar;C:/Xilinx/Vivado/2019.1\lib\classes\com.sigasi.hdt.annotations.runtime_4.3.0.201903071210.jar;C:/Xilinx/Vivado/2019.1\lib\classes\com.sigasi.hdt.blockdiagram.model_4.3.0.201903071210.jar;C:/Xilinx/Vivado/2019.1\lib\classes\com.sigasi.hdt.connection_4.3.0.201903071210.jar;C:/Xilinx/Vivado/2019.1\lib\classes\com.sigasi.hdt.dependencies.model_4.3.0.201903071210.jar;C:/Xilinx/Vivado/2019.1\lib\classes\com.sigasi.hdt.epl_4.3.0.201903071210.jar;C:/Xilinx/Vivado/2019.1\lib\classes\com.sigasi.hdt.graphics.model_4.3.0.201903071210.jar;C:/Xilinx/Vivado/2019.1\lib\classes\com.sigasi.hdt.project_4.3.0
Launcher Type: generic

Logging:
Log output configuration:
#0: stdout all=warning uptime,level,tags
#1: stderr all=off uptime,level,tags

Environment Variables:
PATH=C:/Xilinx/Vivado/2019.1/bin;C:/Xilinx/Vivado/2019.1/lib/win64.o;C:/Xilinx/Vivado/2019.1/tps/win64/jre9.0.4/bin/server;C:/Xilinx/Vivado/2019.1/tps/win64/jre9.0.4/bin;C:/Xilinx/SDK/2019.1/bin;C:/Xilinx/Vivado/2019.1/ids_lite/ISE/bin/nt64;C:/Xilinx/Vivado/2019.1/ids_lite/ISE/lib/nt64;C:\WINDOWS\system32;C:\WINDOWS;C:\WINDOWS\System32\Wbem;C:\WINDOWS\System32\WindowsPowerShell\v1.0\;C:\WINDOWS\System32\OpenSSH\;C:\Program Files\Git\cmd;C:\Program Files\dotnet\;C:\Program Files\Microsoft\Web Platform Installer\;C:\Program Files (x86)\Microsoft ASP.NET\ASP.NET Web Pages\v1.0\;C:\Program Files\Microsoft SQL Server\110\Tools\Binn\;C:\Program Files\MATLAB\R2018a\runtime\win64;C:\Program Files\MATLAB\R2018a\bin;C:\Users\Alan\AppData\Local\Microsoft\WindowsApps;;C:\Users\Alan\AppData\Local\Programs\Microsoft VS Code\bin;C:\Users\Alan\.dotnet\tools;C:/Xilinx/Vivado/2019.1\tps\mingw\6.2.0\win64.o\nt\bin;C:/Xilinx/Vivado/2019.1\tps\mingw\6.2.0\win64.o\nt\libexec\gcc\x86_64-w64-mingw32\6.2.0;C:/Xilinx/Vivado/2019.1\tps\win64\python-2.7.5;C:/Xilinx/Vivado/2019.1\tps\win64\python-2.7.5\lib;C:/Xilinx/Vivado/2019.1\tps\win64\python-2.7.5\Lib\lib-tk;C:/Xilinx/Vivado/2019.1\tps\win64\python-2.7.5\lib\site-packages
USERNAME=Alan
OS=Windows_NT
PROCESSOR_IDENTIFIER=Intel64 Family 6 Model 158 Stepping 10, GenuineIntel



---------------  S Y S T E M  ---------------

OS: Windows 10 , 64 bit Build 18362 (10.0.18362.1110)

CPU:total 12 (initial active 12) (6 cores per cpu, 2 threads per core) family 6 model 158 stepping 10, cmov, cx8, fxsr, mmx, sse, sse2, sse3, ssse3, sse4.1, sse4.2, popcnt, avx, avx2, clmul, erms, rtm, 3dnowpref, lzcnt, ht, tsc, tscinvbit, bmi1, bmi2, adx, fma

Memory: 4k page, physical 16624024k(746240k free), swap 66955672k(1224k free)

vm_info: Java HotSpot(TM) 64-Bit Server VM (9.0.4+11) for windows-amd64 JRE (9.0.4+11), built on Dec 20 2017 02:18:54 by "mach5one" with MS VC++ 12.0 (VS2013)

END.
