Vivado Simulator 2019.1
Time resolution is 1 ps
----------------------
-- Simulation Start --
----------------------
  __________________________________________________________
  == String 1  "GCGTCCTAGCGATCACCGGGACACAGTGGCGC"
  -- Pattern 1  "GACGA"
       cycle 4b, expect(0,--) , get(0,--) >> Pass
  -- Pattern 2  "GGGGG"
       cycle 72, expect(0,--) , get(0,--) >> Pass
  -- Pattern 3  "T"
       cycle 92, expect(1,03) , get(1,03) >> Pass
  -- Pattern 4  "TCACC"
       cycle c0, expect(1,0c) , get(1,0c) >> Pass
  -- Pattern 5  "TTAC"
       cycle e2, expect(0,--) , get(0,--) >> Pass
  -- Pattern 6  "ATCGGG"
       cycle 10b, expect(0,--) , get(0,--) >> Pass
  -- Pattern 7  "TCA"
       cycle 133, expect(1,0c) , get(1,0c) >> Pass
  -- Pattern 8  "CCTGG"
       cycle 15a, expect(0,--) , get(0,--) >> Pass
  -- Pattern 9  "GTGG"
       cycle 186, expect(1,19) , get(1,19) >> Pass
  -- Pattern a  "TCCAAC"
       cycle 1ae, expect(0,--) , get(0,--) >> Pass
  __________________________________________________________
  == String 2  "GACTTCATATGAGCT"
  -- Pattern 1  "TTAG"
       cycle 1da, expect(0,--) , get(0,--) >> Pass
  -- Pattern 2  "GGC"
       cycle 1f4, expect(0,--) , get(0,--) >> Pass
  -- Pattern 3  "AC"
       cycle 213, expect(1,01) , get(1,01) >> Pass
  -- Pattern 4  "CTTCTA"
       cycle 236, expect(0,--) , get(0,--) >> Pass
  -- Pattern 5  "CTT"
       cycle 258, expect(1,02) , get(1,02) >> Pass
  -- Pattern 6  "AG"
       cycle 279, expect(1,0b) , get(1,0b) >> Pass
  -- Pattern 7  "ACTTC"
       cycle 2a2, expect(1,01) , get(1,01) >> Pass
  -- Pattern 8  "CGAC"
       cycle 2be, expect(0,--) , get(0,--) >> Pass
  -- Pattern 9  "TA"
       cycle 2df, expect(1,07) , get(1,07) >> Pass
  -- Pattern a  "TTAGATTC"
       cycle 30a, expect(0,--) , get(0,--) >> Pass
  __________________________________________________________
  == String 3  "CGTACCGCGGGGGAGAAGCTTCC"
  -- Pattern 1  "T"
       cycle 33e, expect(1,02) , get(1,02) >> Pass
  -- Pattern 2  "CCGC"
       cycle 366, expect(1,04) , get(1,04) >> Pass
  -- Pattern 3  "A"
       cycle 383, expect(1,03) , get(1,03) >> Pass
  -- Pattern 4  "GCGACAG"
       cycle 3af, expect(0,--) , get(0,--) >> Pass
  -- Pattern 5  "GGG"
       cycle 3d5, expect(1,08) , get(1,08) >> Pass
  -- Pattern 6  "ACCGCGGG"
       cycle 40a, expect(1,03) , get(1,03) >> Pass
  -- Pattern 7  "GTA"
       cycle 431, expect(1,01) , get(1,01) >> Pass
  -- Pattern 8  "GGCCCGTT"
       cycle 461, expect(0,--) , get(0,--) >> Pass
  -- Pattern 9  "ACTCATTT"
       cycle 48d, expect(0,--) , get(0,--) >> Pass
  -- Pattern a  "GG"
       cycle 4b0, expect(1,08) , get(1,08) >> Pass
  __________________________________________________________
  == String 4  "CTAATGCTCCCAAAC"
  -- Pattern 1  "AGTCG"
       cycle 4df, expect(0,--) , get(0,--) >> Pass
  -- Pattern 2  "T"
       cycle 4fa, expect(1,01) , get(1,01) >> Pass
  -- Pattern 3  "TATGGGC"
       cycle 520, expect(0,--) , get(0,--) >> Pass
  -- Pattern 4  "GGACCTA"
       cycle 545, expect(0,--) , get(0,--) >> Pass
  -- Pattern 5  "CCC"
       cycle 568, expect(1,08) , get(1,08) >> Pass
  -- Pattern 6  "TGTGCTC"
       cycle 58e, expect(0,--) , get(0,--) >> Pass
  -- Pattern 7  "CA"
       cycle 5af, expect(1,0a) , get(1,0a) >> Pass
  -- Pattern 8  "CAA"
       cycle 5d2, expect(1,0a) , get(1,0a) >> Pass
  -- Pattern 9  "GATTGAGA"
       cycle 5fa, expect(0,--) , get(0,--) >> Pass
  -- Pattern a  "CA"
       cycle 61b, expect(1,0a) , get(1,0a) >> Pass
  __________________________________________________________
  == String 5  "ATCGCGTTAGTCCTTACA"
  -- Pattern 1  "CATTAGA"
       cycle 654, expect(0,--) , get(0,--) >> Pass
  -- Pattern 2  "GG"
       cycle 66c, expect(0,--) , get(0,--) >> Pass
  -- Pattern 3  "TACA"
       cycle 693, expect(1,0e) , get(1,0e) >> Pass
  -- Pattern 4  "ATCCGCCT"
       cycle 6bd, expect(0,--) , get(0,--) >> Pass
  -- Pattern 5  "CGCCTGC"
       cycle 6e4, expect(0,--) , get(0,--) >> Pass
  -- Pattern 6  "TT"
       cycle 705, expect(1,06) , get(1,06) >> Pass
  -- Pattern 7  "CGC"
       cycle 728, expect(1,02) , get(1,02